#
# There is insufficient memory for the Java Runtime Environment to continue.
# Native memory allocation (mmap) failed to map 4194304 bytes for G1 virtual space
# Possible reasons:
#   The system is out of physical RAM or swap space
#   The process is running with CompressedOops enabled, and the Java Heap may be blocking the growth of the native heap
# Possible solutions:
#   Reduce memory load on the system
#   Increase physical memory or swap space
#   Check if swap backing store is full
#   Decrease Java heap size (-Xmx/-Xms)
#   Decrease number of Java threads
#   Decrease Java thread stack sizes (-Xss)
#   Set larger code cache with -XX:ReservedCodeCacheSize=
#   JVM is running with Unscaled Compressed Oops mode in which the Java heap is
#     placed in the first 4GB address space. The Java Heap base address is the
#     maximum limit for the native heap growth. Please use -XX:HeapBaseMinAddress
#     to set the Java Heap base and to place the Java Heap above 4GB virtual address.
# This output file may be truncated or incomplete.
#
#  Out of Memory Error (os_windows.cpp:3548), pid=15768, tid=16116
#
# JRE version: Java(TM) SE Runtime Environment (17.0.10+11) (build 17.0.10+11-LTS-240)
# Java VM: Java HotSpot(TM) 64-Bit Server VM (17.0.10+11-LTS-240, mixed mode, sharing, tiered, compressed oops, compressed class ptrs, g1 gc, windows-amd64)
# No core dump will be written. Minidumps are not enabled by default on client versions of Windows
#

---------------  S U M M A R Y ------------

Command Line: -XX:MaxMetaspaceSize=512m --add-opens=java.base/java.util=ALL-UNNAMED --add-opens=java.base/java.lang=ALL-UNNAMED --add-opens=java.base/java.lang.invoke=ALL-UNNAMED --add-opens=java.prefs/java.util.prefs=ALL-UNNAMED --add-opens=java.base/java.nio.charset=ALL-UNNAMED --add-opens=java.base/java.net=ALL-UNNAMED --add-opens=java.base/java.util.concurrent.atomic=ALL-UNNAMED -Xmx2048m -Dfile.encoding=windows-1252 -Duser.country=IN -Duser.language=en -Duser.variant -javaagent:C:\Users\TDR SOFTWARE PVT LTD\.gradle\wrapper\dists\gradle-8.3-all\6en3ugtfdg5xnpx44z4qbwgas\gradle-8.3\lib\agents\gradle-instrumentation-agent-8.3.jar org.gradle.launcher.daemon.bootstrap.GradleDaemon 8.3

Host: Intel(R) Core(TM) i5-10400F CPU @ 2.90GHz, 12 cores, 15G,  Windows 11 , 64 bit Build 22621 (10.0.22621.3235)
Time: Thu Mar 21 16:09:40 2024 India Standard Time elapsed time: 31.876811 seconds (0d 0h 0m 31s)

---------------  T H R E A D  ---------------

Current thread (0x000001e27fe17a50):  VMThread "VM Thread" [stack: 0x000000a69d600000,0x000000a69d700000] [id=16116]

Stack: [0x000000a69d600000,0x000000a69d700000]
Native frames: (J=compiled Java code, j=interpreted, Vv=VM code, C=native code)
V  [jvm.dll+0x677a5a]
V  [jvm.dll+0x7d8b2d]
V  [jvm.dll+0x7da48e]
V  [jvm.dll+0x7daaf3]
V  [jvm.dll+0x2455ff]
V  [jvm.dll+0x6749b9]
V  [jvm.dll+0x669382]
V  [jvm.dll+0x302e96]
V  [jvm.dll+0x30a416]
V  [jvm.dll+0x359cbe]
V  [jvm.dll+0x359eef]
V  [jvm.dll+0x2d9e88]
V  [jvm.dll+0x2dcf26]
V  [jvm.dll+0x2e7728]
V  [jvm.dll+0x31b3a0]
V  [jvm.dll+0x7df30b]
V  [jvm.dll+0x7e0044]
V  [jvm.dll+0x7e055d]
V  [jvm.dll+0x7e0934]
V  [jvm.dll+0x7e0a00]
V  [jvm.dll+0x78888a]
V  [jvm.dll+0x676935]
C  [ucrtbase.dll+0x29363]
C  [KERNEL32.DLL+0x1257d]
C  [ntdll.dll+0x5aa58]

VM_Operation (0x000000a69d2ff5a0): G1Concurrent, mode: safepoint, requested by thread 0x000001e2657ee120


---------------  P R O C E S S  ---------------

Threads class SMR info:
_java_thread_list=0x000001e227e217f0, length=63, elements={
0x000001e265778ac0, 0x000001e27fe20670, 0x000001e27fe214f0, 0x000001e27fe34230,
0x000001e27fe35200, 0x000001e27fe37cd0, 0x000001e27fe38690, 0x000001e27fe3dd50,
0x000001e27fe3e800, 0x000001e223000470, 0x000001e27fe05320, 0x000001e2231de690,
0x000001e22458d020, 0x000001e2255d1f90, 0x000001e22501bbf0, 0x000001e22501e0f0,
0x000001e224cf5fd0, 0x000001e224b709e0, 0x000001e224b6f5a0, 0x000001e224b6fab0,
0x000001e224b72330, 0x000001e224b6ffc0, 0x000001e224b72840, 0x000001e224b6f090,
0x000001e224b71910, 0x000001e224b71e20, 0x000001e2268fe390, 0x000001e2268fabe0,
0x000001e2268fbb10, 0x000001e2268f97a0, 0x000001e2268fc020, 0x000001e2268ff7d0,
0x000001e2268f9cb0, 0x000001e2268fe8a0, 0x000001e2268fedb0, 0x000001e2268ffce0,
0x000001e2268fb600, 0x000001e2268fd970, 0x000001e2268fa6d0, 0x000001e2268fcf50,
0x000001e2268ff2c0, 0x000001e2268f8870, 0x000001e2268fde80, 0x000001e224b704d0,
0x000001e227da3f90, 0x000001e227da9ab0, 0x000001e227da8670, 0x000001e227da95a0,
0x000001e227da3570, 0x000001e227da4ec0, 0x000001e227da8b80, 0x000001e227da9090,
0x000001e227da3a80, 0x000001e227da9fc0, 0x000001e227daa4d0, 0x000001e227da6d20,
0x000001e227da58e0, 0x000001e227da44a0, 0x000001e227da3060, 0x000001e227da5df0,
0x000001e227da49b0, 0x000001e227daa9e0, 0x000001e2232df0e0
}

Java Threads: ( => current thread )
  0x000001e265778ac0 JavaThread "main" [_thread_blocked, id=13500, stack(0x000000a69d000000,0x000000a69d100000)]
  0x000001e27fe20670 JavaThread "Reference Handler" daemon [_thread_blocked, id=17360, stack(0x000000a69d700000,0x000000a69d800000)]
  0x000001e27fe214f0 JavaThread "Finalizer" daemon [_thread_blocked, id=3424, stack(0x000000a69d800000,0x000000a69d900000)]
  0x000001e27fe34230 JavaThread "Signal Dispatcher" daemon [_thread_blocked, id=14484, stack(0x000000a69d900000,0x000000a69da00000)]
  0x000001e27fe35200 JavaThread "Attach Listener" daemon [_thread_blocked, id=15060, stack(0x000000a69da00000,0x000000a69db00000)]
  0x000001e27fe37cd0 JavaThread "Service Thread" daemon [_thread_blocked, id=11188, stack(0x000000a69db00000,0x000000a69dc00000)]
  0x000001e27fe38690 JavaThread "Monitor Deflation Thread" daemon [_thread_blocked, id=17028, stack(0x000000a69dc00000,0x000000a69dd00000)]
  0x000001e27fe3dd50 JavaThread "C2 CompilerThread0" daemon [_thread_blocked, id=11872, stack(0x000000a69dd00000,0x000000a69de00000)]
  0x000001e27fe3e800 JavaThread "C1 CompilerThread0" daemon [_thread_blocked, id=14212, stack(0x000000a69de00000,0x000000a69df00000)]
  0x000001e223000470 JavaThread "Sweeper thread" daemon [_thread_blocked, id=3832, stack(0x000000a69df00000,0x000000a69e000000)]
  0x000001e27fe05320 JavaThread "Common-Cleaner" daemon [_thread_blocked, id=13368, stack(0x000000a69e000000,0x000000a69e100000)]
  0x000001e2231de690 JavaThread "Notification Thread" daemon [_thread_blocked, id=8080, stack(0x000000a69e100000,0x000000a69e200000)]
  0x000001e22458d020 JavaThread "Daemon health stats" [_thread_blocked, id=15296, stack(0x000000a69ea00000,0x000000a69eb00000)]
  0x000001e2255d1f90 JavaThread "Incoming local TCP Connector on port 56121" [_thread_in_native, id=14208, stack(0x000000a69eb00000,0x000000a69ec00000)]
  0x000001e22501bbf0 JavaThread "Daemon periodic checks" [_thread_blocked, id=17176, stack(0x000000a69ec00000,0x000000a69ed00000)]
  0x000001e22501e0f0 JavaThread "Daemon" [_thread_blocked, id=1244, stack(0x000000a69ed00000,0x000000a69ee00000)]
  0x000001e224cf5fd0 JavaThread "Handler for socket connection from /127.0.0.1:56121 to /127.0.0.1:56122" [_thread_in_native, id=12380, stack(0x000000a69ee00000,0x000000a69ef00000)]
  0x000001e224b709e0 JavaThread "Cancel handler" [_thread_blocked, id=1292, stack(0x000000a69ef00000,0x000000a69f000000)]
  0x000001e224b6f5a0 JavaThread "Daemon worker" [_thread_blocked, id=3232, stack(0x000000a69f000000,0x000000a69f100000)]
  0x000001e224b6fab0 JavaThread "Asynchronous log dispatcher for DefaultDaemonConnection: socket connection from /127.0.0.1:56121 to /127.0.0.1:56122" [_thread_blocked, id=12116, stack(0x000000a69f100000,0x000000a69f200000)]
  0x000001e224b72330 JavaThread "Stdin handler" [_thread_blocked, id=1816, stack(0x000000a69f200000,0x000000a69f300000)]
  0x000001e224b6ffc0 JavaThread "Daemon client event forwarder" [_thread_blocked, id=4996, stack(0x000000a69f300000,0x000000a69f400000)]
  0x000001e224b72840 JavaThread "Cache worker for journal cache (C:\Users\TDR SOFTWARE PVT LTD\.gradle\caches\journal-1)" [_thread_blocked, id=8624, stack(0x000000a69e300000,0x000000a69e400000)]
  0x000001e224b6f090 JavaThread "File lock request listener" [_thread_in_native, id=12044, stack(0x000000a69e400000,0x000000a69e500000)]
  0x000001e224b71910 JavaThread "Cache worker for file hash cache (C:\Users\TDR SOFTWARE PVT LTD\.gradle\caches\8.3\fileHashes)" [_thread_blocked, id=2092, stack(0x000000a69f500000,0x000000a69f600000)]
  0x000001e224b71e20 JavaThread "File lock release action executor" [_thread_blocked, id=12504, stack(0x000000a69f600000,0x000000a69f700000)]
  0x000001e2268fe390 JavaThread "File watcher server" daemon [_thread_blocked, id=14800, stack(0x000000a69f800000,0x000000a69f900000)]
  0x000001e2268fabe0 JavaThread "File watcher consumer" daemon [_thread_blocked, id=12156, stack(0x000000a69f900000,0x000000a69fa00000)]
  0x000001e2268fbb10 JavaThread "Cache worker for checksums cache (D:\PROJECTS\WineProject\customersapp\android\.gradle\8.3\checksums)" [_thread_blocked, id=11404, stack(0x000000a69fa00000,0x000000a69fb00000)]
  0x000001e2268f97a0 JavaThread "Cache worker for file hash cache (D:\PROJECTS\WineProject\customersapp\android\.gradle\8.3\fileHashes)" [_thread_blocked, id=10808, stack(0x000000a69fb00000,0x000000a69fc00000)]
  0x000001e2268fc020 JavaThread "Cache worker for cache directory md-supplier (C:\Users\TDR SOFTWARE PVT LTD\.gradle\caches\8.3\md-supplier)" [_thread_blocked, id=11960, stack(0x000000a69fc00000,0x000000a69fd00000)]
  0x000001e2268ff7d0 JavaThread "Cache worker for file content cache (C:\Users\TDR SOFTWARE PVT LTD\.gradle\caches\8.3\fileContent)" [_thread_blocked, id=15908, stack(0x000000a69f400000,0x000000a69f500000)]
  0x000001e2268f9cb0 JavaThread "Cache worker for cache directory md-rule (C:\Users\TDR SOFTWARE PVT LTD\.gradle\caches\8.3\md-rule)" [_thread_blocked, id=3148, stack(0x000000a6a0200000,0x000000a6a0300000)]
  0x000001e2268fe8a0 JavaThread "Cache worker for execution history cache (C:\Users\TDR SOFTWARE PVT LTD\.gradle\caches\8.3\executionHistory)" [_thread_blocked, id=2824, stack(0x000000a6a0300000,0x000000a6a0400000)]
  0x000001e2268fedb0 JavaThread "jar transforms" [_thread_blocked, id=8412, stack(0x000000a6a0600000,0x000000a6a0700000)]
  0x000001e2268ffce0 JavaThread "jar transforms Thread 2" [_thread_blocked, id=11876, stack(0x000000a6a0400000,0x000000a6a0500000)]
  0x000001e2268fb600 JavaThread "jar transforms Thread 3" [_thread_blocked, id=12084, stack(0x000000a6a0500000,0x000000a6a0600000)]
  0x000001e2268fd970 JavaThread "jar transforms Thread 4" [_thread_blocked, id=14820, stack(0x000000a6a0700000,0x000000a6a0800000)]
  0x000001e2268fa6d0 JavaThread "Cache worker for kotlin-dsl (C:\Users\TDR SOFTWARE PVT LTD\.gradle\caches\8.3\kotlin-dsl)" [_thread_blocked, id=6924, stack(0x000000a6a0a00000,0x000000a6a0b00000)]
  0x000001e2268fcf50 JavaThread "jar transforms Thread 5" [_thread_blocked, id=11800, stack(0x000000a6a0b00000,0x000000a6a0c00000)]
  0x000001e2268ff2c0 JavaThread "jar transforms Thread 6" [_thread_blocked, id=2928, stack(0x000000a6a0c00000,0x000000a6a0d00000)]
  0x000001e2268f8870 JavaThread "Unconstrained build operations" [_thread_blocked, id=4240, stack(0x000000a6a0800000,0x000000a6a0900000)]
  0x000001e2268fde80 JavaThread "Unconstrained build operations Thread 2" [_thread_blocked, id=4144, stack(0x000000a6a0900000,0x000000a6a0a00000)]
  0x000001e224b704d0 JavaThread "jar transforms Thread 7" [_thread_blocked, id=13444, stack(0x000000a6a0d00000,0x000000a6a0e00000)]
  0x000001e227da3f90 JavaThread "jar transforms Thread 8" [_thread_blocked, id=9152, stack(0x000000a6a0e00000,0x000000a6a0f00000)]
  0x000001e227da9ab0 JavaThread "jar transforms Thread 9" [_thread_blocked, id=1904, stack(0x000000a6a0f00000,0x000000a6a1000000)]
  0x000001e227da8670 JavaThread "jar transforms Thread 10" [_thread_blocked, id=17188, stack(0x000000a6a1000000,0x000000a6a1100000)]
  0x000001e227da95a0 JavaThread "jar transforms Thread 11" [_thread_blocked, id=15844, stack(0x000000a6a1200000,0x000000a6a1300000)]
  0x000001e227da3570 JavaThread "jar transforms Thread 12" [_thread_blocked, id=1984, stack(0x000000a6a1300000,0x000000a6a1400000)]
  0x000001e227da4ec0 JavaThread "Cache worker for dependencies-accessors (D:\PROJECTS\WineProject\customersapp\android\.gradle\8.3\dependencies-accessors)" [_thread_blocked, id=16144, stack(0x000000a6a1400000,0x000000a6a1500000)]
  0x000001e227da8b80 JavaThread "Cache worker for Build Output Cleanup Cache (D:\PROJECTS\WineProject\customersapp\node_modules\@react-native\gradle-plugin\.gradle\buildOutputCleanup)" [_thread_blocked, id=11816, stack(0x000000a6a1500000,0x000000a6a1600000)]
  0x000001e227da9090 JavaThread "Unconstrained build operations Thread 3" [_thread_blocked, id=11996, stack(0x000000a6a1700000,0x000000a6a1800000)]
  0x000001e227da3a80 JavaThread "Unconstrained build operations Thread 4" [_thread_blocked, id=5096, stack(0x000000a6a1800000,0x000000a6a1900000)]
  0x000001e227da9fc0 JavaThread "Unconstrained build operations Thread 5" [_thread_blocked, id=14196, stack(0x000000a6a1900000,0x000000a6a1a00000)]
  0x000001e227daa4d0 JavaThread "Unconstrained build operations Thread 6" [_thread_blocked, id=5128, stack(0x000000a6a1a00000,0x000000a6a1b00000)]
  0x000001e227da6d20 JavaThread "Unconstrained build operations Thread 7" [_thread_blocked, id=11740, stack(0x000000a6a1b00000,0x000000a6a1c00000)]
  0x000001e227da58e0 JavaThread "Unconstrained build operations Thread 8" [_thread_blocked, id=7556, stack(0x000000a6a1c00000,0x000000a6a1d00000)]
  0x000001e227da44a0 JavaThread "Unconstrained build operations Thread 9" [_thread_blocked, id=7676, stack(0x000000a6a1d00000,0x000000a6a1e00000)]
  0x000001e227da3060 JavaThread "Unconstrained build operations Thread 10" [_thread_blocked, id=10924, stack(0x000000a6a1e00000,0x000000a6a1f00000)]
  0x000001e227da5df0 JavaThread "Unconstrained build operations Thread 11" [_thread_blocked, id=6564, stack(0x000000a6a1f00000,0x000000a6a2000000)]
  0x000001e227da49b0 JavaThread "Unconstrained build operations Thread 12" [_thread_blocked, id=15876, stack(0x000000a6a2000000,0x000000a6a2100000)]
  0x000001e227daa9e0 JavaThread "Unconstrained build operations Thread 13" [_thread_blocked, id=6672, stack(0x000000a6a2100000,0x000000a6a2200000)]
  0x000001e2232df0e0 JavaThread "C2 CompilerThread1" daemon [_thread_blocked, id=3372, stack(0x000000a6a2200000,0x000000a6a2300000)]

Other Threads:
=>0x000001e27fe17a50 VMThread "VM Thread" [stack: 0x000000a69d600000,0x000000a69d700000] [id=16116]
  0x000001e265801fb0 WatcherThread [stack: 0x000000a69e200000,0x000000a69e300000] [id=13484]
  0x000001e2657dc1c0 GCTaskThread "GC Thread#0" [stack: 0x000000a69d100000,0x000000a69d200000] [id=15580]
  0x000001e223696a60 GCTaskThread "GC Thread#1" [stack: 0x000000a69e500000,0x000000a69e600000] [id=9356]
  0x000001e223696d20 GCTaskThread "GC Thread#2" [stack: 0x000000a69e600000,0x000000a69e700000] [id=8420]
  0x000001e223696fe0 GCTaskThread "GC Thread#3" [stack: 0x000000a69e700000,0x000000a69e800000] [id=5432]
  0x000001e2236972a0 GCTaskThread "GC Thread#4" [stack: 0x000000a69e800000,0x000000a69e900000] [id=12240]
  0x000001e223773460 GCTaskThread "GC Thread#5" [stack: 0x000000a69e900000,0x000000a69ea00000] [id=12888]
  0x000001e225164ea0 GCTaskThread "GC Thread#6" [stack: 0x000000a69f700000,0x000000a69f800000] [id=17828]
  0x000001e225164be0 GCTaskThread "GC Thread#7" [stack: 0x000000a69fd00000,0x000000a69fe00000] [id=3824]
  0x000001e225163b60 GCTaskThread "GC Thread#8" [stack: 0x000000a69fe00000,0x000000a69ff00000] [id=1360]
  0x000001e2251640e0 GCTaskThread "GC Thread#9" [stack: 0x000000a69ff00000,0x000000a6a0000000] [id=11496]
  0x000001e2657ee120 ConcurrentGCThread "G1 Main Marker" [stack: 0x000000a69d200000,0x000000a69d300000] [id=11512]
  0x000001e2657ef2d0 ConcurrentGCThread "G1 Conc#0" [stack: 0x000000a69d300000,0x000000a69d400000] [id=13508]
  0x000001e225164660 ConcurrentGCThread "G1 Conc#1" [stack: 0x000000a6a0000000,0x000000a6a0100000] [id=9720]
  0x000001e2251643a0 ConcurrentGCThread "G1 Conc#2" [stack: 0x000000a6a0100000,0x000000a6a0200000] [id=8280]
  0x000001e26583e010 ConcurrentGCThread "G1 Refine#0" [stack: 0x000000a69d400000,0x000000a69d500000] [id=13860]
  0x000001e26583ea40 ConcurrentGCThread "G1 Service" [stack: 0x000000a69d500000,0x000000a69d600000] [id=2300]

Threads with active compile tasks:
C2 CompilerThread0    31904 5777       4       java.util.Arrays::fill (21 bytes)
C2 CompilerThread1    31904 5769       4       java.net.URLClassLoader$1::run (5 bytes)

VM state: at safepoint (normal execution)

VM Mutex/Monitor currently owned by a thread:  ([mutex/lock_event])
[0x000001e2657748d0] Threads_lock - owner thread: 0x000001e27fe17a50
[0x000001e2657737f0] Heap_lock - owner thread: 0x000001e2657ee120

Heap address: 0x0000000080000000, size: 2048 MB, Compressed Oops mode: 32-bit

CDS archive(s) mapped at: [0x000001e204000000-0x000001e204bd0000-0x000001e204bd0000), size 12386304, SharedBaseAddress: 0x000001e204000000, ArchiveRelocationMode: 1.
Compressed class space mapped at: 0x000001e205000000-0x000001e21f000000, reserved size: 436207616
Narrow klass base: 0x000001e204000000, Narrow klass shift: 0, Narrow klass range: 0x100000000

GC Precious Log:
 CPUs: 12 total, 12 available
 Memory: 16295M
 Large Page Support: Disabled
 NUMA Support: Disabled
 Compressed Oops: Enabled (32-bit)
 Heap Region Size: 1M
 Heap Min Capacity: 8M
 Heap Initial Capacity: 256M
 Heap Max Capacity: 2G
 Pre-touch: Disabled
 Parallel Workers: 10
 Concurrent Workers: 3
 Concurrent Refinement Workers: 10
 Periodic GC: Disabled

Heap:
 garbage-first heap   total 81920K, used 48732K [0x0000000080000000, 0x0000000100000000)
  region size 1024K, 4 young (4096K), 3 survivors (3072K)
 Metaspace       used 46550K, committed 47168K, reserved 491520K
  class space    used 6573K, committed 6848K, reserved 425984K

Heap Regions: E=young(eden), S=young(survivor), O=old, HS=humongous(starts), HC=humongous(continues), CS=collection set, F=free, OA=open archive, CA=closed archive, TAMS=top-at-mark-start (previous, next)
|   0|0x0000000080000000, 0x0000000080100000, 0x0000000080100000|100%|HS|  |TAMS 0x0000000080100000, 0x0000000080000000| Complete 
|   1|0x0000000080100000, 0x0000000080200000, 0x0000000080200000|100%|HC|  |TAMS 0x0000000080200000, 0x0000000080100000| Complete 
|   2|0x0000000080200000, 0x0000000080300000, 0x0000000080300000|100%|HC|  |TAMS 0x0000000080300000, 0x0000000080200000| Complete 
|   3|0x0000000080300000, 0x0000000080400000, 0x0000000080400000|100%|HC|  |TAMS 0x0000000080400000, 0x0000000080300000| Complete 
|   4|0x0000000080400000, 0x0000000080500000, 0x0000000080500000|100%| O|  |TAMS 0x0000000080500000, 0x0000000080400000| Untracked 
|   5|0x0000000080500000, 0x0000000080600000, 0x0000000080600000|100%| O|  |TAMS 0x0000000080600000, 0x0000000080500000| Updating 
|   6|0x0000000080600000, 0x0000000080700000, 0x0000000080700000|100%| O|  |TAMS 0x0000000080700000, 0x0000000080600000| Untracked 
|   7|0x0000000080700000, 0x0000000080800000, 0x0000000080800000|100%| O|  |TAMS 0x0000000080800000, 0x0000000080700000| Untracked 
|   8|0x0000000080800000, 0x0000000080900000, 0x0000000080900000|100%| O|  |TAMS 0x0000000080900000, 0x0000000080800000| Untracked 
|   9|0x0000000080900000, 0x0000000080a00000, 0x0000000080a00000|100%| O|  |TAMS 0x0000000080a00000, 0x0000000080900000| Untracked 
|  10|0x0000000080a00000, 0x0000000080a68800, 0x0000000080b00000| 40%| O|  |TAMS 0x0000000080a68800, 0x0000000080a00000| Updating 
|  11|0x0000000080b00000, 0x0000000080c00000, 0x0000000080c00000|100%| O|  |TAMS 0x0000000080c00000, 0x0000000080b00000| Untracked 
|  12|0x0000000080c00000, 0x0000000080d00000, 0x0000000080d00000|100%| O|  |TAMS 0x0000000080d00000, 0x0000000080c00000| Updating 
|  13|0x0000000080d00000, 0x0000000080e00000, 0x0000000080e00000|100%| O|  |TAMS 0x0000000080e00000, 0x0000000080d00000| Untracked 
|  14|0x0000000080e00000, 0x0000000080f00000, 0x0000000080f00000|100%| O|  |TAMS 0x0000000080f00000, 0x0000000080e00000| Untracked 
|  15|0x0000000080f00000, 0x0000000081000000, 0x0000000081000000|100%| O|  |TAMS 0x0000000081000000, 0x0000000080f00000| Untracked 
|  16|0x0000000081000000, 0x0000000081100000, 0x0000000081100000|100%| O|  |TAMS 0x0000000081100000, 0x0000000081000000| Untracked 
|  17|0x0000000081100000, 0x0000000081200000, 0x0000000081200000|100%| O|  |TAMS 0x0000000081200000, 0x0000000081100000| Untracked 
|  18|0x0000000081200000, 0x0000000081300000, 0x0000000081300000|100%| O|  |TAMS 0x0000000081300000, 0x0000000081200000| Untracked 
|  19|0x0000000081300000, 0x0000000081400000, 0x0000000081400000|100%| O|  |TAMS 0x0000000081400000, 0x0000000081300000| Untracked 
|  20|0x0000000081400000, 0x0000000081500000, 0x0000000081500000|100%| O|  |TAMS 0x0000000081500000, 0x0000000081400000| Untracked 
|  21|0x0000000081500000, 0x0000000081600000, 0x0000000081600000|100%| O|  |TAMS 0x0000000081600000, 0x0000000081500000| Untracked 
|  22|0x0000000081600000, 0x0000000081700000, 0x0000000081700000|100%| O|  |TAMS 0x0000000081700000, 0x0000000081600000| Updating 
|  23|0x0000000081700000, 0x0000000081800000, 0x0000000081800000|100%| O|  |TAMS 0x0000000081800000, 0x0000000081700000| Updating 
|  24|0x0000000081800000, 0x0000000081900000, 0x0000000081900000|100%| O|  |TAMS 0x0000000081900000, 0x0000000081800000| Untracked 
|  25|0x0000000081900000, 0x0000000081a00000, 0x0000000081a00000|100%| O|  |TAMS 0x0000000081a00000, 0x0000000081900000| Untracked 
|  26|0x0000000081a00000, 0x0000000081b00000, 0x0000000081b00000|100%| O|  |TAMS 0x0000000081b00000, 0x0000000081a00000| Untracked 
|  27|0x0000000081b00000, 0x0000000081c00000, 0x0000000081c00000|100%| O|  |TAMS 0x0000000081c00000, 0x0000000081b00000| Untracked 
|  28|0x0000000081c00000, 0x0000000081d00000, 0x0000000081d00000|100%| O|  |TAMS 0x0000000081d00000, 0x0000000081c00000| Untracked 
|  29|0x0000000081d00000, 0x0000000081e00000, 0x0000000081e00000|100%| O|  |TAMS 0x0000000081e00000, 0x0000000081d00000| Untracked 
|  30|0x0000000081e00000, 0x0000000081f00000, 0x0000000081f00000|100%| O|  |TAMS 0x0000000081f00000, 0x0000000081e00000| Untracked 
|  31|0x0000000081f00000, 0x0000000082000000, 0x0000000082000000|100%| O|  |TAMS 0x0000000082000000, 0x0000000081f00000| Untracked 
|  32|0x0000000082000000, 0x0000000082100000, 0x0000000082100000|100%| O|  |TAMS 0x0000000082100000, 0x0000000082000000| Updating 
|  33|0x0000000082100000, 0x0000000082200000, 0x0000000082200000|100%| O|  |TAMS 0x0000000082200000, 0x0000000082100000| Untracked 
|  34|0x0000000082200000, 0x0000000082300000, 0x0000000082300000|100%| O|  |TAMS 0x0000000082300000, 0x0000000082200000| Untracked 
|  35|0x0000000082300000, 0x0000000082400000, 0x0000000082400000|100%| O|  |TAMS 0x0000000082400000, 0x0000000082300000| Untracked 
|  36|0x0000000082400000, 0x0000000082500000, 0x0000000082500000|100%| O|  |TAMS 0x000000008242fe00, 0x0000000082400000| Untracked 
|  37|0x0000000082500000, 0x0000000082600000, 0x0000000082600000|100%|HS|  |TAMS 0x0000000082600000, 0x0000000082500000| Complete 
|  38|0x0000000082600000, 0x0000000082700000, 0x0000000082700000|100%|HC|  |TAMS 0x0000000082700000, 0x0000000082600000| Complete 
|  39|0x0000000082700000, 0x0000000082800000, 0x0000000082800000|100%|HS|  |TAMS 0x0000000082800000, 0x0000000082700000| Complete 
|  40|0x0000000082800000, 0x0000000082900000, 0x0000000082900000|100%|HC|  |TAMS 0x0000000082900000, 0x0000000082800000| Complete 
|  41|0x0000000082900000, 0x00000000829ae800, 0x0000000082a00000| 68%| O|  |TAMS 0x0000000082900000, 0x0000000082900000| Updating 
|  42|0x0000000082a00000, 0x0000000082b00000, 0x0000000082b00000|100%|HS|  |TAMS 0x0000000082a00000, 0x0000000082a00000| Complete 
|  43|0x0000000082b00000, 0x0000000082c00000, 0x0000000082c00000|100%|HC|  |TAMS 0x0000000082b00000, 0x0000000082b00000| Complete 
|  44|0x0000000082c00000, 0x0000000082d00000, 0x0000000082d00000|100%|HC|  |TAMS 0x0000000082c00000, 0x0000000082c00000| Complete 
|  45|0x0000000082d00000, 0x0000000082e00000, 0x0000000082e00000|100%|HC|  |TAMS 0x0000000082d00000, 0x0000000082d00000| Complete 
|  46|0x0000000082e00000, 0x0000000082e00000, 0x0000000082f00000|  0%| F|  |TAMS 0x0000000082e00000, 0x0000000082e00000| Untracked 
|  47|0x0000000082f00000, 0x0000000082f00000, 0x0000000083000000|  0%| F|  |TAMS 0x0000000082f00000, 0x0000000082f00000| Untracked 
|  48|0x0000000083000000, 0x0000000083000000, 0x0000000083100000|  0%| F|  |TAMS 0x0000000083000000, 0x0000000083000000| Untracked 
|  49|0x0000000083100000, 0x0000000083100000, 0x0000000083200000|  0%| F|  |TAMS 0x0000000083100000, 0x0000000083100000| Untracked 
|  50|0x0000000083200000, 0x0000000083200000, 0x0000000083300000|  0%| F|  |TAMS 0x0000000083200000, 0x0000000083200000| Untracked 
|  51|0x0000000083300000, 0x0000000083300000, 0x0000000083400000|  0%| F|  |TAMS 0x0000000083300000, 0x0000000083300000| Untracked 
|  52|0x0000000083400000, 0x0000000083400000, 0x0000000083500000|  0%| F|  |TAMS 0x0000000083400000, 0x0000000083400000| Untracked 
|  53|0x0000000083500000, 0x0000000083500000, 0x0000000083600000|  0%| F|  |TAMS 0x0000000083500000, 0x0000000083500000| Untracked 
|  54|0x0000000083600000, 0x0000000083600000, 0x0000000083700000|  0%| F|  |TAMS 0x0000000083600000, 0x0000000083600000| Untracked 
|  55|0x0000000083700000, 0x0000000083700000, 0x0000000083800000|  0%| F|  |TAMS 0x0000000083700000, 0x0000000083700000| Untracked 
|  56|0x0000000083800000, 0x0000000083800000, 0x0000000083900000|  0%| F|  |TAMS 0x0000000083800000, 0x0000000083800000| Untracked 
|  57|0x0000000083900000, 0x0000000083900000, 0x0000000083a00000|  0%| F|  |TAMS 0x0000000083900000, 0x0000000083900000| Untracked 
|  58|0x0000000083a00000, 0x0000000083a00000, 0x0000000083b00000|  0%| F|  |TAMS 0x0000000083a00000, 0x0000000083a00000| Untracked 
|  59|0x0000000083b00000, 0x0000000083b00000, 0x0000000083c00000|  0%| F|  |TAMS 0x0000000083b00000, 0x0000000083b00000| Untracked 
|  60|0x0000000083c00000, 0x0000000083c00000, 0x0000000083d00000|  0%| F|  |TAMS 0x0000000083c00000, 0x0000000083c00000| Untracked 
|  61|0x0000000083d00000, 0x0000000083d00000, 0x0000000083e00000|  0%| F|  |TAMS 0x0000000083d00000, 0x0000000083d00000| Untracked 
|  62|0x0000000083e00000, 0x0000000083e00000, 0x0000000083f00000|  0%| F|  |TAMS 0x0000000083e00000, 0x0000000083e00000| Untracked 
|  63|0x0000000083f00000, 0x0000000083f00000, 0x0000000084000000|  0%| F|  |TAMS 0x0000000083f00000, 0x0000000083f00000| Untracked 
|  64|0x0000000084000000, 0x0000000084000000, 0x0000000084100000|  0%| F|  |TAMS 0x0000000084000000, 0x0000000084000000| Untracked 
|  65|0x0000000084100000, 0x0000000084100000, 0x0000000084200000|  0%| F|  |TAMS 0x0000000084100000, 0x0000000084100000| Untracked 
|  66|0x0000000084200000, 0x0000000084200000, 0x0000000084300000|  0%| F|  |TAMS 0x0000000084200000, 0x0000000084200000| Untracked 
| 124|0x0000000087c00000, 0x0000000087c00000, 0x0000000087d00000|  0%| F|  |TAMS 0x0000000087c00000, 0x0000000087c00000| Untracked 
| 125|0x0000000087d00000, 0x0000000087d00000, 0x0000000087e00000|  0%| F|  |TAMS 0x0000000087d00000, 0x0000000087d00000| Untracked 
| 126|0x0000000087e00000, 0x0000000087e00000, 0x0000000087f00000|  0%| F|  |TAMS 0x0000000087e00000, 0x0000000087e00000| Untracked 
| 127|0x0000000087f00000, 0x0000000087f00000, 0x0000000088000000|  0%| F|  |TAMS 0x0000000087f00000, 0x0000000087f00000| Untracked 
| 128|0x0000000088000000, 0x0000000088000000, 0x0000000088100000|  0%| F|  |TAMS 0x0000000088000000, 0x0000000088000000| Untracked 
| 129|0x0000000088100000, 0x0000000088100000, 0x0000000088200000|  0%| F|  |TAMS 0x0000000088100000, 0x0000000088100000| Untracked 
| 130|0x0000000088200000, 0x0000000088280178, 0x0000000088300000| 50%| S|CS|TAMS 0x0000000088200000, 0x0000000088200000| Complete 
| 131|0x0000000088300000, 0x0000000088400000, 0x0000000088400000|100%| S|CS|TAMS 0x0000000088300000, 0x0000000088300000| Complete 
| 132|0x0000000088400000, 0x0000000088500000, 0x0000000088500000|100%| S|CS|TAMS 0x0000000088400000, 0x0000000088400000| Complete 
| 133|0x0000000088500000, 0x0000000088500000, 0x0000000088600000|  0%| F|  |TAMS 0x0000000088500000, 0x0000000088500000| Untracked 
| 134|0x0000000088600000, 0x0000000088600000, 0x0000000088700000|  0%| F|  |TAMS 0x0000000088600000, 0x0000000088600000| Untracked 
| 135|0x0000000088700000, 0x0000000088700000, 0x0000000088800000|  0%| F|  |TAMS 0x0000000088700000, 0x0000000088700000| Untracked 
| 255|0x000000008ff00000, 0x000000008ff80a60, 0x0000000090000000| 50%| E|  |TAMS 0x000000008ff00000, 0x000000008ff00000| Complete 

Card table byte_map: [0x000001e27c980000,0x000001e27cd80000] _byte_map_base: 0x000001e27c580000

Marking Bits (Prev, Next): (CMBitMap*) 0x000001e2657dc7e0, (CMBitMap*) 0x000001e2657dc820
 Prev Bits: [0x000001e27d180000, 0x000001e27f180000)
 Next Bits: [0x000001e200000000, 0x000001e202000000)

Polling page: 0x000001e2635c0000

Metaspace:

Usage:
  Non-class:     39.04 MB used.
      Class:      6.42 MB used.
       Both:     45.46 MB used.

Virtual space:
  Non-class space:       64.00 MB reserved,      39.38 MB ( 62%) committed,  1 nodes.
      Class space:      416.00 MB reserved,       6.69 MB (  2%) committed,  1 nodes.
             Both:      480.00 MB reserved,      46.06 MB ( 10%) committed. 

Chunk freelists:
   Non-Class:  8.50 MB
       Class:  9.28 MB
        Both:  17.78 MB

MaxMetaspaceSize: 512.00 MB
CompressedClassSpaceSize: 416.00 MB
Initial GC threshold: 21.00 MB
Current GC threshold: 76.81 MB
CDS: on
MetaspaceReclaimPolicy: balanced
 - commit_granule_bytes: 65536.
 - commit_granule_words: 8192.
 - virtual_space_node_default_size: 8388608.
 - enlarge_chunks_in_place: 1.
 - new_chunks_are_fully_committed: 0.
 - uncommit_free_chunks: 1.
 - use_allocation_guard: 0.
 - handle_deallocations: 1.


Internal statistics:

num_allocs_failed_limit: 6.
num_arena_births: 666.
num_arena_deaths: 0.
num_vsnodes_births: 2.
num_vsnodes_deaths: 0.
num_space_committed: 737.
num_space_uncommitted: 0.
num_chunks_returned_to_freelist: 6.
num_chunks_taken_from_freelist: 2500.
num_chunk_merges: 6.
num_chunk_splits: 1670.
num_chunks_enlarged: 1127.
num_inconsistent_stats: 0.

CodeHeap 'non-profiled nmethods': size=120000Kb used=2749Kb max_used=2999Kb free=117250Kb
 bounds [0x000001e274af0000, 0x000001e274de0000, 0x000001e27c020000]
CodeHeap 'profiled nmethods': size=120000Kb used=9655Kb max_used=9655Kb free=110344Kb
 bounds [0x000001e26d020000, 0x000001e26d990000, 0x000001e274550000]
CodeHeap 'non-nmethods': size=5760Kb used=2325Kb max_used=2397Kb free=3434Kb
 bounds [0x000001e274550000, 0x000001e2747c0000, 0x000001e274af0000]
 total_blobs=5884 nmethods=5046 adapters=750
 compilation: enabled
              stopped_count=0, restarted_count=0
 full_count=0

Compilation events (20 events):
Event: 31.785 Thread 0x000001e27fe3e800 nmethod 5767 0x000001e26d98bc10 code [0x000001e26d98bdc0, 0x000001e26d98c0e8]
Event: 31.785 Thread 0x000001e27fe3e800 5768       3       com.google.common.collect.MapMakerInternalMap$StrongKeyWeakValueEntry$Helper::newEntry (12 bytes)
Event: 31.786 Thread 0x000001e27fe3e800 nmethod 5768 0x000001e26d98c210 code [0x000001e26d98c3e0, 0x000001e26d98c7f8]
Event: 31.786 Thread 0x000001e2232df0e0 5769       4       java.net.URLClassLoader$1::run (5 bytes)
Event: 31.811 Thread 0x000001e27fe3e800 5770   !   3       org.gradle.internal.classloader.FilteringClassLoader::loadClass (62 bytes)
Event: 31.812 Thread 0x000001e27fe3e800 nmethod 5770 0x000001e26d98c990 code [0x000001e26d98cc40, 0x000001e26d98d8a8]
Event: 31.816 Thread 0x000001e27fe3dd50 nmethod 5758% 0x000001e274d3d990 code [0x000001e274d3dc20, 0x000001e274d406b0]
Event: 31.829 Thread 0x000001e27fe3dd50 5771       4       java.lang.Class::privateGetDeclaredMethods (64 bytes)
Event: 31.837 Thread 0x000001e27fe3e800 5774       3       java.util.ComparableTimSort::reverseRange (32 bytes)
Event: 31.837 Thread 0x000001e27fe3e800 nmethod 5774 0x000001e26d98dd10 code [0x000001e26d98dee0, 0x000001e26d98e3f8]
Event: 31.839 Thread 0x000001e27fe3dd50 nmethod 5771 0x000001e274c7cd90 code [0x000001e274c7cf60, 0x000001e274c7d738]
Event: 31.840 Thread 0x000001e27fe3dd50 5772       4       org.codehaus.groovy.reflection.CachedMethod::isStatic (8 bytes)
Event: 31.840 Thread 0x000001e27fe3dd50 nmethod 5772 0x000001e274d3d690 code [0x000001e274d3d800, 0x000001e274d3d898]
Event: 31.840 Thread 0x000001e27fe3dd50 5773       4       java.util.stream.SpinedBuffer::accept (94 bytes)
Event: 31.848 Thread 0x000001e27fe3dd50 nmethod 5773 0x000001e274d3ce90 code [0x000001e274d3d040, 0x000001e274d3d478]
Event: 31.848 Thread 0x000001e27fe3dd50 5775       4       java.nio.Buffer::<init> (105 bytes)
Event: 31.850 Thread 0x000001e27fe3dd50 nmethod 5775 0x000001e274d3c990 code [0x000001e274d3cb20, 0x000001e274d3cd18]
Event: 31.850 Thread 0x000001e27fe3dd50 5776       4       java.io.RandomAccessFile::readFully (45 bytes)
Event: 31.851 Thread 0x000001e27fe3dd50 nmethod 5776 0x000001e274d3c610 code [0x000001e274d3c7a0, 0x000001e274d3c888]
Event: 31.852 Thread 0x000001e27fe3dd50 5777       4       java.util.Arrays::fill (21 bytes)

GC Heap History (20 events):
Event: 5.732 GC heap before
{Heap before GC invocations=4 (full 0):
 garbage-first heap   total 81920K, used 59429K [0x0000000080000000, 0x0000000100000000)
  region size 1024K, 48 young (49152K), 12 survivors (12288K)
 Metaspace       used 27435K, committed 27840K, reserved 491520K
  class space    used 3901K, committed 4096K, reserved 425984K
}
Event: 5.743 GC heap after
{Heap after GC invocations=5 (full 0):
 garbage-first heap   total 81920K, used 25793K [0x0000000080000000, 0x0000000100000000)
  region size 1024K, 4 young (4096K), 4 survivors (4096K)
 Metaspace       used 27435K, committed 27840K, reserved 491520K
  class space    used 3901K, committed 4096K, reserved 425984K
}
Event: 8.376 GC heap before
{Heap before GC invocations=5 (full 0):
 garbage-first heap   total 81920K, used 58561K [0x0000000080000000, 0x0000000100000000)
  region size 1024K, 37 young (37888K), 4 survivors (4096K)
 Metaspace       used 30869K, committed 31232K, reserved 491520K
  class space    used 4344K, committed 4544K, reserved 425984K
}
Event: 8.382 GC heap after
{Heap after GC invocations=6 (full 0):
 garbage-first heap   total 81920K, used 28538K [0x0000000080000000, 0x0000000100000000)
  region size 1024K, 5 young (5120K), 5 survivors (5120K)
 Metaspace       used 30869K, committed 31232K, reserved 491520K
  class space    used 4344K, committed 4544K, reserved 425984K
}
Event: 26.230 GC heap before
{Heap before GC invocations=6 (full 0):
 garbage-first heap   total 81920K, used 65402K [0x0000000080000000, 0x0000000100000000)
  region size 1024K, 37 young (37888K), 5 survivors (5120K)
 Metaspace       used 33273K, committed 33728K, reserved 491520K
  class space    used 4594K, committed 4800K, reserved 425984K
}
Event: 26.235 GC heap after
{Heap after GC invocations=7 (full 0):
 garbage-first heap   total 81920K, used 31167K [0x0000000080000000, 0x0000000100000000)
  region size 1024K, 5 young (5120K), 5 survivors (5120K)
 Metaspace       used 33273K, committed 33728K, reserved 491520K
  class space    used 4594K, committed 4800K, reserved 425984K
}
Event: 26.917 GC heap before
{Heap before GC invocations=7 (full 0):
 garbage-first heap   total 81920K, used 61887K [0x0000000080000000, 0x0000000100000000)
  region size 1024K, 35 young (35840K), 5 survivors (5120K)
 Metaspace       used 34935K, committed 35392K, reserved 491520K
  class space    used 4845K, committed 5056K, reserved 425984K
}
Event: 26.922 GC heap after
{Heap after GC invocations=8 (full 0):
 garbage-first heap   total 81920K, used 33000K [0x0000000080000000, 0x0000000100000000)
  region size 1024K, 5 young (5120K), 5 survivors (5120K)
 Metaspace       used 34935K, committed 35392K, reserved 491520K
  class space    used 4845K, committed 5056K, reserved 425984K
}
Event: 26.997 GC heap before
{Heap before GC invocations=8 (full 0):
 garbage-first heap   total 81920K, used 39144K [0x0000000080000000, 0x0000000100000000)
  region size 1024K, 11 young (11264K), 5 survivors (5120K)
 Metaspace       used 35547K, committed 35968K, reserved 491520K
  class space    used 4859K, committed 5056K, reserved 425984K
}
Event: 27.000 GC heap after
{Heap after GC invocations=9 (full 0):
 garbage-first heap   total 81920K, used 34337K [0x0000000080000000, 0x0000000100000000)
  region size 1024K, 3 young (3072K), 3 survivors (3072K)
 Metaspace       used 35547K, committed 35968K, reserved 491520K
  class space    used 4859K, committed 5056K, reserved 425984K
}
Event: 27.679 GC heap before
{Heap before GC invocations=10 (full 0):
 garbage-first heap   total 81920K, used 63009K [0x0000000080000000, 0x0000000100000000)
  region size 1024K, 32 young (32768K), 3 survivors (3072K)
 Metaspace       used 38730K, committed 39232K, reserved 491520K
  class space    used 5371K, committed 5568K, reserved 425984K
}
Event: 27.682 GC heap after
{Heap after GC invocations=11 (full 0):
 garbage-first heap   total 81920K, used 34891K [0x0000000080000000, 0x0000000100000000)
  region size 1024K, 4 young (4096K), 4 survivors (4096K)
 Metaspace       used 38730K, committed 39232K, reserved 491520K
  class space    used 5371K, committed 5568K, reserved 425984K
}
Event: 28.321 GC heap before
{Heap before GC invocations=11 (full 0):
 garbage-first heap   total 81920K, used 64587K [0x0000000080000000, 0x0000000100000000)
  region size 1024K, 33 young (33792K), 4 survivors (4096K)
 Metaspace       used 41718K, committed 42304K, reserved 491520K
  class space    used 5844K, committed 6080K, reserved 425984K
}
Event: 28.325 GC heap after
{Heap after GC invocations=12 (full 0):
 garbage-first heap   total 81920K, used 36407K [0x0000000080000000, 0x0000000100000000)
  region size 1024K, 4 young (4096K), 4 survivors (4096K)
 Metaspace       used 41718K, committed 42304K, reserved 491520K
  class space    used 5844K, committed 6080K, reserved 425984K
}
Event: 30.149 GC heap before
{Heap before GC invocations=12 (full 0):
 garbage-first heap   total 81920K, used 65079K [0x0000000080000000, 0x0000000100000000)
  region size 1024K, 32 young (32768K), 4 survivors (4096K)
 Metaspace       used 45119K, committed 45696K, reserved 491520K
  class space    used 6384K, committed 6656K, reserved 425984K
}
Event: 30.153 GC heap after
{Heap after GC invocations=13 (full 0):
 garbage-first heap   total 81920K, used 37979K [0x0000000080000000, 0x0000000100000000)
  region size 1024K, 4 young (4096K), 4 survivors (4096K)
 Metaspace       used 45119K, committed 45696K, reserved 491520K
  class space    used 6384K, committed 6656K, reserved 425984K
}
Event: 31.725 GC heap before
{Heap before GC invocations=13 (full 0):
 garbage-first heap   total 81920K, used 53339K [0x0000000080000000, 0x0000000100000000)
  region size 1024K, 21 young (21504K), 4 survivors (4096K)
 Metaspace       used 46438K, committed 47040K, reserved 491520K
  class space    used 6556K, committed 6784K, reserved 425984K
}
Event: 31.729 GC heap after
{Heap after GC invocations=14 (full 0):
 garbage-first heap   total 81920K, used 39580K [0x0000000080000000, 0x0000000100000000)
  region size 1024K, 4 young (4096K), 4 survivors (4096K)
 Metaspace       used 46438K, committed 47040K, reserved 491520K
  class space    used 6556K, committed 6784K, reserved 425984K
}
Event: 31.844 GC heap before
{Heap before GC invocations=15 (full 0):
 garbage-first heap   total 81920K, used 46748K [0x0000000080000000, 0x0000000100000000)
  region size 1024K, 8 young (8192K), 4 survivors (4096K)
 Metaspace       used 46550K, committed 47168K, reserved 491520K
  class space    used 6573K, committed 6848K, reserved 425984K
}
Event: 31.847 GC heap after
{Heap after GC invocations=16 (full 0):
 garbage-first heap   total 81920K, used 44636K [0x0000000080000000, 0x0000000100000000)
  region size 1024K, 3 young (3072K), 3 survivors (3072K)
 Metaspace       used 46550K, committed 47168K, reserved 491520K
  class space    used 6573K, committed 6848K, reserved 425984K
}

Deoptimization events (20 events):
Event: 31.462 Thread 0x000001e224b6f5a0 DEOPT PACKING pc=0x000001e274d04178 sp=0x000000a69f0f7170
Event: 31.462 Thread 0x000001e224b6f5a0 DEOPT UNPACKING pc=0x000001e2745a23a3 sp=0x000000a69f0f7138 mode 2
Event: 31.462 Thread 0x000001e224b6f5a0 Uncommon trap: trap_request=0xffffffde fr.pc=0x000001e274d04178 relative=0x0000000000000c78
Event: 31.462 Thread 0x000001e224b6f5a0 Uncommon trap: reason=class_check action=maybe_recompile pc=0x000001e274d04178 method=java.util.HashMap.computeIfAbsent(Ljava/lang/Object;Ljava/util/function/Function;)Ljava/lang/Object; @ 142 c2
Event: 31.462 Thread 0x000001e224b6f5a0 DEOPT PACKING pc=0x000001e274d04178 sp=0x000000a69f0f7430
Event: 31.462 Thread 0x000001e224b6f5a0 DEOPT UNPACKING pc=0x000001e2745a23a3 sp=0x000000a69f0f73f8 mode 2
Event: 31.621 Thread 0x000001e224b6f5a0 DEOPT PACKING pc=0x000001e26d4578dc sp=0x000000a69f0f64b0
Event: 31.621 Thread 0x000001e224b6f5a0 DEOPT UNPACKING pc=0x000001e2745a2b43 sp=0x000000a69f0f5a30 mode 0
Event: 31.625 Thread 0x000001e224b6f5a0 Uncommon trap: trap_request=0xffffff45 fr.pc=0x000001e274dd5cb4 relative=0x00000000000002f4
Event: 31.625 Thread 0x000001e224b6f5a0 Uncommon trap: reason=unstable_if action=reinterpret pc=0x000001e274dd5cb4 method=org.gradle.internal.snapshot.PathUtil.equalChars(CCLorg/gradle/internal/snapshot/CaseSensitivity;)Z @ 11 c2
Event: 31.625 Thread 0x000001e224b6f5a0 DEOPT PACKING pc=0x000001e274dd5cb4 sp=0x000000a69f0f6660
Event: 31.625 Thread 0x000001e224b6f5a0 DEOPT UNPACKING pc=0x000001e2745a23a3 sp=0x000000a69f0f6610 mode 2
Event: 31.663 Thread 0x000001e224b6f5a0 Uncommon trap: trap_request=0xffffff45 fr.pc=0x000001e274b89c7c relative=0x000000000000017c
Event: 31.663 Thread 0x000001e224b6f5a0 Uncommon trap: reason=unstable_if action=reinterpret pc=0x000001e274b89c7c method=org.gradle.internal.snapshot.VfsRelativePath.isPrefix(Ljava/lang/String;ILjava/lang/String;ILorg/gradle/internal/snapshot/CaseSensitivity;)Z @ 101 c2
Event: 31.663 Thread 0x000001e224b6f5a0 DEOPT PACKING pc=0x000001e274b89c7c sp=0x000000a69f0f72e0
Event: 31.663 Thread 0x000001e224b6f5a0 DEOPT UNPACKING pc=0x000001e2745a23a3 sp=0x000000a69f0f7268 mode 2
Event: 31.722 Thread 0x000001e224b6f5a0 DEOPT PACKING pc=0x000001e26d0b9109 sp=0x000000a69f0f7610
Event: 31.722 Thread 0x000001e224b6f5a0 DEOPT UNPACKING pc=0x000001e2745a2b43 sp=0x000000a69f0f6b08 mode 0
Event: 31.852 Thread 0x000001e224b6f5a0 DEOPT PACKING pc=0x000001e26d0fc93d sp=0x000000a69f0f52e0
Event: 31.852 Thread 0x000001e224b6f5a0 DEOPT UNPACKING pc=0x000001e2745a2b43 sp=0x000000a69f0f4768 mode 0

Classes unloaded (0 events):
No events

Classes redefined (0 events):
No events

Internal exceptions (20 events):
Event: 28.449 Thread 0x000001e224b6f5a0 Exception <a 'java/lang/NoSuchMethodError'{0x00000000885e90a0}: 'java.lang.Object java.lang.invoke.DirectMethodHandle$Holder.invokeSpecial(java.lang.Object, java.lang.Object, int, java.lang.Object, java.lang.Object)'> (0x00000000885e90a0) 
thrown [s\open\src\hotspot\share\interpreter\linkResolver.cpp, line 759]
Event: 28.466 Thread 0x000001e224b6f5a0 Exception <a 'sun/nio/fs/WindowsException'{0x0000000088403750}> (0x0000000088403750) 
thrown [s\open\src\hotspot\share\prims\jni.cpp, line 516]
Event: 28.466 Thread 0x000001e224b6f5a0 Exception <a 'sun/nio/fs/WindowsException'{0x0000000088403b10}> (0x0000000088403b10) 
thrown [s\open\src\hotspot\share\prims\jni.cpp, line 516]
Event: 28.515 Thread 0x000001e224b6f5a0 Exception <a 'java/lang/NoSuchMethodError'{0x00000000884165b8}: 'java.lang.Object java.lang.invoke.DirectMethodHandle$Holder.newInvokeSpecial(java.lang.Object, java.lang.Object, int)'> (0x00000000884165b8) 
thrown [s\open\src\hotspot\share\interpreter\linkResolver.cpp, line 759]
Event: 28.869 Thread 0x000001e224b6f5a0 Exception <a 'java/lang/NoSuchMethodError'{0x0000000087c470d0}: 'void java.lang.invoke.DirectMethodHandle$Holder.invokeStatic(java.lang.Object, java.lang.Object, java.lang.Object, java.lang.Object, java.lang.Object, java.lang.Object, java.lang.Object)'> (0x0000000087c470d0) 
thrown [s\open\src\hotspot\share\interpreter\linkResolver.cpp, line 759]
Event: 28.876 Thread 0x000001e224b6f5a0 Exception <a 'java/lang/NoSuchMethodError'{0x0000000087c7c420}: 'java.lang.Object java.lang.invoke.DirectMethodHandle$Holder.invokeVirtual(java.lang.Object, java.lang.Object, int)'> (0x0000000087c7c420) 
thrown [s\open\src\hotspot\share\interpreter\linkResolver.cpp, line 759]
Event: 29.987 Thread 0x000001e224b6f5a0 Exception <a 'java/lang/NoSuchMethodError'{0x0000000083940c78}: 'long java.lang.invoke.DirectMethodHandle$Holder.invokeStatic(java.lang.Object, long)'> (0x0000000083940c78) 
thrown [s\open\src\hotspot\share\interpreter\linkResolver.cpp, line 759]
Event: 30.011 Thread 0x000001e224b6f5a0 Implicit null exception at 0x000001e274b42600 to 0x000001e274b429b0
Event: 30.213 Thread 0x000001e224b6f5a0 Exception <a 'java/lang/NoSuchMethodError'{0x000000008ffc8e68}: 'java.lang.Object java.lang.invoke.DelegatingMethodHandle$Holder.reinvoke_L(java.lang.Object, java.lang.Object, java.lang.Object, java.lang.Object, java.lang.Object, java.lang.Object, java.lang.Object, java.lang.Object, java.lang.Object, java.lang.Object, java.lang.Object, java.lang.Object, java.lang.Object, java.lang.Object, java.lang.Object, java.lang.Object, java.lang.Object, java.lang.Object, java.lang.Object, java.lang.Object, java.lang.O
Event: 30.214 Thread 0x000001e224b6f5a0 Exception <a 'java/lang/NoSuchMethodError'{0x000000008ffd48e8}: 'java.lang.Object java.lang.invoke.DirectMethodHandle$Holder.invokeSpecial(java.lang.Object, java.lang.Object, java.lang.Object, java.lang.Object, java.lang.Object, java.lang.Object, java.lang.Object, java.lang.Object, java.lang.Object, java.lang.Object, java.lang.Object, java.lang.Object, java.lang.Object, java.lang.Object, java.lang.Object, java.lang.Object, java.lang.Object, java.lang.Object, java.lang.Object, java.lang.Object, java.lang.Ob
Event: 30.214 Thread 0x000001e224b6f5a0 Exception <a 'java/lang/NoSuchMethodError'{0x000000008ffda7d8}: 'java.lang.Object java.lang.invoke.Invokers$Holder.invoker(java.lang.Object, java.lang.Object, java.lang.Object, java.lang.Object, java.lang.Object, java.lang.Object, java.lang.Object, java.lang.Object, java.lang.Object, java.lang.Object, java.lang.Object, java.lang.Object, java.lang.Object, java.lang.Object, java.lang.Object, java.lang.Object, java.lang.Object, java.lang.Object, java.lang.Object, java.lang.Object, java.lang.Object)'> (0x00000
Event: 30.214 Thread 0x000001e224b6f5a0 Exception <a 'java/lang/NoSuchMethodError'{0x000000008ffe10e0}: 'java.lang.Object java.lang.invoke.DelegatingMethodHandle$Holder.delegate(java.lang.Object, java.lang.Object, java.lang.Object, java.lang.Object, java.lang.Object, java.lang.Object, java.lang.Object, java.lang.Object, java.lang.Object, java.lang.Object, java.lang.Object, java.lang.Object, java.lang.Object, java.lang.Object, java.lang.Object, java.lang.Object, java.lang.Object, java.lang.Object, java.lang.Object, java.lang.Object, java.lang.Obj
Event: 31.251 Thread 0x000001e224b6f5a0 Exception <a 'java/lang/NoSuchMethodError'{0x000000008827e5d0}: static Lorg/gradle/api/internal/catalog/DefaultVersionCatalog;.<clinit>()V> (0x000000008827e5d0) 
thrown [s\open\src\hotspot\share\prims\jni.cpp, line 1107]
Event: 31.265 Thread 0x000001e224b6f5a0 Exception <a 'java/lang/NoSuchMethodError'{0x00000000882d4700}: static [Ljava/lang/Object;.<clinit>()V> (0x00000000882d4700) 
thrown [s\open\src\hotspot\share\prims\jni.cpp, line 1107]
Event: 31.269 Thread 0x000001e224b6f5a0 Exception <a 'java/lang/NoSuchMethodError'{0x000000008810cd98}: static Lorg/gradle/api/internal/catalog/DependencyModel;.<clinit>()V> (0x000000008810cd98) 
thrown [s\open\src\hotspot\share\prims\jni.cpp, line 1107]
Event: 31.270 Thread 0x000001e224b6f5a0 Exception <a 'java/lang/NoSuchMethodError'{0x0000000088110910}: static Lorg/gradle/api/internal/catalog/AbstractContextAwareModel;.<clinit>()V> (0x0000000088110910) 
thrown [s\open\src\hotspot\share\prims\jni.cpp, line 1107]
Event: 31.271 Thread 0x000001e224b6f5a0 Exception <a 'java/lang/NoSuchMethodError'{0x000000008812a250}: static Lorg/gradle/api/internal/artifacts/dependencies/AbstractVersionConstraint;.<clinit>()V> (0x000000008812a250) 
thrown [s\open\src\hotspot\share\prims\jni.cpp, line 1107]
Event: 31.282 Thread 0x000001e224b6f5a0 Exception <a 'java/lang/NoSuchMethodError'{0x00000000881e5aa8}: static Lorg/gradle/api/internal/catalog/PluginModel;.<clinit>()V> (0x00000000881e5aa8) 
thrown [s\open\src\hotspot\share\prims\jni.cpp, line 1107]
Event: 31.284 Thread 0x000001e224b6f5a0 Exception <a 'java/lang/NoSuchMethodError'{0x00000000881fc830}: static Lorg/gradle/api/internal/catalog/VersionModel;.<clinit>()V> (0x00000000881fc830) 
thrown [s\open\src\hotspot\share\prims\jni.cpp, line 1107]
Event: 31.313 Thread 0x000001e224b6f5a0 Exception <a 'java/lang/NoSuchMethodError'{0x0000000088023038}: 'void java.lang.invoke.DirectMethodHandle$Holder.invokeSpecial(java.lang.Object, java.lang.Object, java.lang.Object, int)'> (0x0000000088023038) 
thrown [s\open\src\hotspot\share\interpreter\linkResolver.cpp, line 759]

VM Operations (20 events):
Event: 28.836 Executing VM operation: HandshakeAllThreads done
Event: 29.701 Executing VM operation: ICBufferFull
Event: 29.701 Executing VM operation: ICBufferFull done
Event: 30.149 Executing VM operation: G1CollectForAllocation
Event: 30.153 Executing VM operation: G1CollectForAllocation done
Event: 31.154 Executing VM operation: Cleanup
Event: 31.156 Executing VM operation: Cleanup done
Event: 31.259 Executing VM operation: HandshakeAllThreads
Event: 31.259 Executing VM operation: HandshakeAllThreads done
Event: 31.724 Executing VM operation: G1TryInitiateConcMark
Event: 31.729 Executing VM operation: G1TryInitiateConcMark done
Event: 31.754 Executing VM operation: G1Concurrent
Event: 31.772 Executing VM operation: G1Concurrent done
Event: 31.782 Executing VM operation: G1Concurrent
Event: 31.785 Executing VM operation: G1Concurrent done
Event: 31.811 Executing VM operation: HandshakeAllThreads
Event: 31.811 Executing VM operation: HandshakeAllThreads done
Event: 31.844 Executing VM operation: G1TryInitiateConcMark
Event: 31.847 Executing VM operation: G1TryInitiateConcMark done
Event: 31.872 Executing VM operation: G1Concurrent

Events (20 events):
Event: 31.326 loading class sun/reflect/ReflectionFactory
Event: 31.326 loading class sun/reflect/ReflectionFactory done
Event: 31.326 loading class sun/reflect/ReflectionFactory$1
Event: 31.326 loading class sun/reflect/ReflectionFactory$1 done
Event: 31.612 Thread 0x000001e227da9090 Thread added: 0x000001e227da9090
Event: 31.612 Thread 0x000001e227da3a80 Thread added: 0x000001e227da3a80
Event: 31.613 Thread 0x000001e227da9fc0 Thread added: 0x000001e227da9fc0
Event: 31.613 Thread 0x000001e227daa4d0 Thread added: 0x000001e227daa4d0
Event: 31.613 Thread 0x000001e227da6d20 Thread added: 0x000001e227da6d20
Event: 31.613 Thread 0x000001e227da58e0 Thread added: 0x000001e227da58e0
Event: 31.613 Thread 0x000001e227da44a0 Thread added: 0x000001e227da44a0
Event: 31.613 Thread 0x000001e227da3060 Thread added: 0x000001e227da3060
Event: 31.613 Thread 0x000001e227da5df0 Thread added: 0x000001e227da5df0
Event: 31.614 Thread 0x000001e227da49b0 Thread added: 0x000001e227da49b0
Event: 31.614 Thread 0x000001e227daa9e0 Thread added: 0x000001e227daa9e0
Event: 31.716 Thread 0x000001e2232df0e0 Thread added: 0x000001e2232df0e0
Event: 31.810 loading class java/net/SocketTimeoutException
Event: 31.810 loading class java/net/SocketTimeoutException done
Event: 31.843 loading class jdk/internal/access/foreign/MemorySegmentProxy
Event: 31.843 loading class jdk/internal/access/foreign/MemorySegmentProxy done


Dynamic libraries:
0x00007ff746b90000 - 0x00007ff746ba0000 	C:\Program Files\Java\jdk-17\bin\java.exe
0x00007ff9988b0000 - 0x00007ff998ac6000 	C:\WINDOWS\SYSTEM32\ntdll.dll
0x00007ff996fe0000 - 0x00007ff9970a4000 	C:\WINDOWS\System32\KERNEL32.DLL
0x00007ff995ee0000 - 0x00007ff996286000 	C:\WINDOWS\System32\KERNELBASE.dll
0x00007ff995dc0000 - 0x00007ff995ed1000 	C:\WINDOWS\System32\ucrtbase.dll
0x00007ff97cd10000 - 0x00007ff97cd29000 	C:\Program Files\Java\jdk-17\bin\jli.dll
0x00007ff9465f0000 - 0x00007ff94660b000 	C:\Program Files\Java\jdk-17\bin\VCRUNTIME140.dll
0x00007ff996da0000 - 0x00007ff996e52000 	C:\WINDOWS\System32\ADVAPI32.dll
0x00007ff9976b0000 - 0x00007ff997757000 	C:\WINDOWS\System32\msvcrt.dll
0x00007ff9967a0000 - 0x00007ff996848000 	C:\WINDOWS\System32\sechost.dll
0x00007ff995d90000 - 0x00007ff995db8000 	C:\WINDOWS\System32\bcrypt.dll
0x00007ff9974b0000 - 0x00007ff9975c5000 	C:\WINDOWS\System32\RPCRT4.dll
0x00007ff998160000 - 0x00007ff99830d000 	C:\WINDOWS\System32\USER32.dll
0x00007ff987a70000 - 0x00007ff987d03000 	C:\WINDOWS\WinSxS\amd64_microsoft.windows.common-controls_6595b64144ccf1df_6.0.22621.3235_none_270f74e173860f98\COMCTL32.dll
0x00007ff995bf0000 - 0x00007ff995c16000 	C:\WINDOWS\System32\win32u.dll
0x00007ff998730000 - 0x00007ff998759000 	C:\WINDOWS\System32\GDI32.dll
0x00007ff996290000 - 0x00007ff9963a8000 	C:\WINDOWS\System32\gdi32full.dll
0x00007ff9964a0000 - 0x00007ff99653a000 	C:\WINDOWS\System32\msvcp_win.dll
0x00007ff98cec0000 - 0x00007ff98ceca000 	C:\WINDOWS\SYSTEM32\VERSION.dll
0x00007ff996d60000 - 0x00007ff996d91000 	C:\WINDOWS\System32\IMM32.DLL
0x00007ff97d5e0000 - 0x00007ff97d5ec000 	C:\Program Files\Java\jdk-17\bin\vcruntime140_1.dll
0x00007ff941d60000 - 0x00007ff941dee000 	C:\Program Files\Java\jdk-17\bin\msvcp140.dll
0x00007ff940cf0000 - 0x00007ff9418cf000 	C:\Program Files\Java\jdk-17\bin\server\jvm.dll
0x00007ff998860000 - 0x00007ff998868000 	C:\WINDOWS\System32\PSAPI.DLL
0x00007ff989350000 - 0x00007ff989384000 	C:\WINDOWS\SYSTEM32\WINMM.dll
0x00007ff978cd0000 - 0x00007ff978cd9000 	C:\WINDOWS\SYSTEM32\WSOCK32.dll
0x00007ff996f00000 - 0x00007ff996f71000 	C:\WINDOWS\System32\WS2_32.dll
0x00007ff994bf0000 - 0x00007ff994c08000 	C:\WINDOWS\SYSTEM32\kernel.appcore.dll
0x00007ff978980000 - 0x00007ff97898a000 	C:\Program Files\Java\jdk-17\bin\jimage.dll
0x00007ff982040000 - 0x00007ff982273000 	C:\WINDOWS\SYSTEM32\DBGHELP.DLL
0x00007ff997120000 - 0x00007ff9974a8000 	C:\WINDOWS\System32\combase.dll
0x00007ff9975d0000 - 0x00007ff9976a7000 	C:\WINDOWS\System32\OLEAUT32.dll
0x00007ff981e00000 - 0x00007ff981e32000 	C:\WINDOWS\SYSTEM32\dbgcore.DLL
0x00007ff996420000 - 0x00007ff99649a000 	C:\WINDOWS\System32\bcryptPrimitives.dll
0x00007ff992f30000 - 0x00007ff992f3e000 	C:\Program Files\Java\jdk-17\bin\instrument.dll
0x00007ff941d30000 - 0x00007ff941d55000 	C:\Program Files\Java\jdk-17\bin\java.dll
0x00007ff940c10000 - 0x00007ff940ce7000 	C:\Program Files\Java\jdk-17\bin\jsvml.dll
0x00007ff997900000 - 0x00007ff99815d000 	C:\WINDOWS\System32\SHELL32.dll
0x00007ff993b00000 - 0x00007ff9943f8000 	C:\WINDOWS\SYSTEM32\windows.storage.dll
0x00007ff9939c0000 - 0x00007ff993afe000 	C:\WINDOWS\SYSTEM32\wintypes.dll
0x00007ff998760000 - 0x00007ff998853000 	C:\WINDOWS\System32\SHCORE.dll
0x00007ff996f80000 - 0x00007ff996fde000 	C:\WINDOWS\System32\shlwapi.dll
0x00007ff995b20000 - 0x00007ff995b46000 	C:\WINDOWS\SYSTEM32\profapi.dll
0x00007ff940a00000 - 0x00007ff940a18000 	C:\Program Files\Java\jdk-17\bin\zip.dll
0x00007ff941c80000 - 0x00007ff941c99000 	C:\Program Files\Java\jdk-17\bin\net.dll
0x00007ff990170000 - 0x00007ff9902a7000 	C:\WINDOWS\SYSTEM32\WINHTTP.dll
0x00007ff995060000 - 0x00007ff9950c9000 	C:\WINDOWS\system32\mswsock.dll
0x00007ff940a20000 - 0x00007ff940a36000 	C:\Program Files\Java\jdk-17\bin\nio.dll
0x00007ff992f40000 - 0x00007ff992f50000 	C:\Program Files\Java\jdk-17\bin\verify.dll
0x00007ff96b1a0000 - 0x00007ff96b1c7000 	C:\Users\TDR SOFTWARE PVT LTD\.gradle\native\68d5fa5c4cc2d200863cafc0d521ce42e7d3e7ee720ec0a83991735586a16f82\windows-amd64\native-platform.dll
0x00007ff984970000 - 0x00007ff984ab4000 	C:\Users\TDR SOFTWARE PVT LTD\.gradle\native\e376f236ea51e6404a007f0833ffe2c6e607c4080706a723a18a27aeea778392\windows-amd64\native-platform-file-events.dll
0x00007ff97d610000 - 0x00007ff97d61a000 	C:\Program Files\Java\jdk-17\bin\management.dll
0x00007ff942380000 - 0x00007ff94238b000 	C:\Program Files\Java\jdk-17\bin\management_ext.dll
0x00007ff9953b0000 - 0x00007ff9953cb000 	C:\WINDOWS\SYSTEM32\CRYPTSP.dll
0x00007ff994b50000 - 0x00007ff994b85000 	C:\WINDOWS\system32\rsaenh.dll
0x00007ff995100000 - 0x00007ff99512c000 	C:\WINDOWS\SYSTEM32\USERENV.dll
0x00007ff995390000 - 0x00007ff99539c000 	C:\WINDOWS\SYSTEM32\CRYPTBASE.dll
0x00007ff994660000 - 0x00007ff99468d000 	C:\WINDOWS\SYSTEM32\IPHLPAPI.DLL
0x00007ff997110000 - 0x00007ff997119000 	C:\WINDOWS\System32\NSI.dll
0x00007ff990150000 - 0x00007ff990169000 	C:\WINDOWS\SYSTEM32\dhcpcsvc6.DLL
0x00007ff990130000 - 0x00007ff99014f000 	C:\WINDOWS\SYSTEM32\dhcpcsvc.DLL
0x00007ff9946d0000 - 0x00007ff9947c9000 	C:\WINDOWS\SYSTEM32\DNSAPI.dll
0x00007ff942360000 - 0x00007ff94236e000 	C:\Program Files\Java\jdk-17\bin\sunmscapi.dll
0x00007ff995c20000 - 0x00007ff995d86000 	C:\WINDOWS\System32\CRYPT32.dll
0x00007ff995530000 - 0x00007ff99555e000 	C:\WINDOWS\SYSTEM32\ncrypt.dll
0x00007ff995480000 - 0x00007ff9954b7000 	C:\WINDOWS\SYSTEM32\NTASN1.dll
0x00007ff942350000 - 0x00007ff942358000 	C:\WINDOWS\system32\wshunix.dll

dbghelp: loaded successfully - version: 4.0.5 - missing functions: none
symbol engine: initialized successfully - sym options: 0x614 - pdb path: .;C:\Program Files\Java\jdk-17\bin;C:\WINDOWS\SYSTEM32;C:\WINDOWS\WinSxS\amd64_microsoft.windows.common-controls_6595b64144ccf1df_6.0.22621.3235_none_270f74e173860f98;C:\Program Files\Java\jdk-17\bin\server;C:\Users\TDR SOFTWARE PVT LTD\.gradle\native\68d5fa5c4cc2d200863cafc0d521ce42e7d3e7ee720ec0a83991735586a16f82\windows-amd64;C:\Users\TDR SOFTWARE PVT LTD\.gradle\native\e376f236ea51e6404a007f0833ffe2c6e607c4080706a723a18a27aeea778392\windows-amd64

VM Arguments:
jvm_args: -XX:MaxMetaspaceSize=512m --add-opens=java.base/java.util=ALL-UNNAMED --add-opens=java.base/java.lang=ALL-UNNAMED --add-opens=java.base/java.lang.invoke=ALL-UNNAMED --add-opens=java.prefs/java.util.prefs=ALL-UNNAMED --add-opens=java.base/java.nio.charset=ALL-UNNAMED --add-opens=java.base/java.net=ALL-UNNAMED --add-opens=java.base/java.util.concurrent.atomic=ALL-UNNAMED -Xmx2048m -Dfile.encoding=windows-1252 -Duser.country=IN -Duser.language=en -Duser.variant -javaagent:C:\Users\TDR SOFTWARE PVT LTD\.gradle\wrapper\dists\gradle-8.3-all\6en3ugtfdg5xnpx44z4qbwgas\gradle-8.3\lib\agents\gradle-instrumentation-agent-8.3.jar 
java_command: org.gradle.launcher.daemon.bootstrap.GradleDaemon 8.3
java_class_path (initial): C:\Users\TDR SOFTWARE PVT LTD\.gradle\wrapper\dists\gradle-8.3-all\6en3ugtfdg5xnpx44z4qbwgas\gradle-8.3\lib\gradle-launcher-8.3.jar
Launcher Type: SUN_STANDARD

[Global flags]
     intx CICompilerCount                          = 4                                         {product} {ergonomic}
   size_t CompressedClassSpaceSize                 = 436207616                                 {product} {ergonomic}
     uint ConcGCThreads                            = 3                                         {product} {ergonomic}
     uint G1ConcRefinementThreads                  = 10                                        {product} {ergonomic}
   size_t G1HeapRegionSize                         = 1048576                                   {product} {ergonomic}
    uintx GCDrainStackTargetSize                   = 64                                        {product} {ergonomic}
   size_t InitialHeapSize                          = 268435456                                 {product} {ergonomic}
   size_t MarkStackSize                            = 4194304                                   {product} {ergonomic}
   size_t MaxHeapSize                              = 2147483648                                {product} {command line}
   size_t MaxMetaspaceSize                         = 536870912                                 {product} {command line}
   size_t MaxNewSize                               = 1287651328                                {product} {ergonomic}
   size_t MinHeapDeltaBytes                        = 1048576                                   {product} {ergonomic}
   size_t MinHeapSize                              = 8388608                                   {product} {ergonomic}
    uintx NonNMethodCodeHeapSize                   = 5839372                                {pd product} {ergonomic}
    uintx NonProfiledCodeHeapSize                  = 122909434                              {pd product} {ergonomic}
    uintx ProfiledCodeHeapSize                     = 122909434                              {pd product} {ergonomic}
    uintx ReservedCodeCacheSize                    = 251658240                              {pd product} {ergonomic}
     bool SegmentedCodeCache                       = true                                      {product} {ergonomic}
   size_t SoftMaxHeapSize                          = 2147483648                             {manageable} {ergonomic}
     bool UseCompressedClassPointers               = true                           {product lp64_product} {ergonomic}
     bool UseCompressedOops                        = true                           {product lp64_product} {ergonomic}
     bool UseG1GC                                  = true                                      {product} {ergonomic}
     bool UseLargePagesIndividualAllocation        = false                                  {pd product} {ergonomic}

Logging:
Log output configuration:
 #0: stdout all=warning uptime,level,tags
 #1: stderr all=off uptime,level,tags

Environment Variables:
JAVA_HOME=C:\Program Files\Java\jdk-17
CLASSPATH=D:\PROJECTS\WineProject\customersapp\android\\gradle\wrapper\gradle-wrapper.jar
PATH=D:\PROJECTS\WineProject\customersapp\node_modules\.bin;D:\PROJECTS\WineProject\customersapp\node_modules\.bin;D:\PROJECTS\WineProject\node_modules\.bin;D:\PROJECTS\node_modules\.bin;D:\node_modules\.bin;C:\Program Files\nodejs\node_modules\npm\node_modules\@npmcli\run-script\lib\node-gyp-bin;C:\Program Files\Common Files\Oracle\Java\javapath;C:\Windows\system32;C:\Windows;C:\Windows\System32\Wbem;C:\Windows\System32\WindowsPowerShell\v1.0\;C:\Windows\System32\OpenSSH\;C:\Program Files (x86)\NVIDIA Corporation\PhysX\Common;C:\WINDOWS\system32;C:\WINDOWS;C:\WINDOWS\System32\Wbem;C:\WINDOWS\System32\WindowsPowerShell\v1.0\;C:\WINDOWS\System32\OpenSSH\;C:\Program Files\nodejs\;C:\Users\TDR SOFTWARE PVT LTD\AppData\Local\Android\Sdk;C:\Program Files\Git\cmd;C:\ProgramData\chocolatey\bin;C:\Users\TDR SOFTWARE PVT LTD\Downloads\platform-tools_r35.0.0-windows\platform-tools;C:\Users\TDR SOFTWARE PVT LTD\AppData\Local\Microsoft\WindowsApps;C:\Users\TDR SOFTWARE PVT LTD\AppData\Local\Programs\Microsoft VS Code\bin;C:\Users\TDR SOFTWARE PVT LTD\AppData\Local\Android\Sdk\platform-tools;C:\Users\TDR SOFTWARE PVT LTD\AppData\Roaming\npm;C:\Windows\SysWOW64
USERNAME=TDR SOFTWARE PVT LTD
LANG=en_US.UTF-8
OS=Windows_NT
PROCESSOR_IDENTIFIER=Intel64 Family 6 Model 165 Stepping 3, GenuineIntel



---------------  S Y S T E M  ---------------

OS:
 Windows 11 , 64 bit Build 22621 (10.0.22621.3235)
OS uptime: 1 days 6:24 hours
Hyper-V role detected

CPU: total 12 (initial active 12) (6 cores per cpu, 2 threads per core) family 6 model 165 stepping 3 microcode 0xf4, cx8, cmov, fxsr, ht, mmx, 3dnowpref, sse, sse2, sse3, ssse3, sse4.1, sse4.2, popcnt, lzcnt, tsc, tscinvbit, avx, avx2, aes, erms, clmul, bmi1, bmi2, adx, fma, vzeroupper, clflush, clflushopt, hv

Memory: 4k page, system-wide physical 16295M (3186M free)
TotalPageFile size 16295M (AvailPageFile size 13M)
current process WorkingSet (physical memory assigned to process): 232M, peak: 252M
current process commit charge ("private bytes"): 276M, peak: 440M

vm_info: Java HotSpot(TM) 64-Bit Server VM (17.0.10+11-LTS-240) for windows-amd64 JRE (17.0.10+11-LTS-240), built on Dec 19 2023 21:47:25 by "mach5one" with MS VC++ 17.1 (VS2022)

END.
