#
# There is insufficient memory for the Java Runtime Environment to continue.
# Native memory allocation (malloc) failed to allocate 32784 bytes for Chunk::new
# Possible reasons:
#   The system is out of physical RAM or swap space
#   The process is running with CompressedOops enabled, and the Java Heap may be blocking the growth of the native heap
# Possible solutions:
#   Reduce memory load on the system
#   Increase physical memory or swap space
#   Check if swap backing store is full
#   Decrease Java heap size (-Xmx/-Xms)
#   Decrease number of Java threads
#   Decrease Java thread stack sizes (-Xss)
#   Set larger code cache with -XX:ReservedCodeCacheSize=
#
#  Out of Memory ErrorV  [jvm.dll+0x6564ac]
V  [jvm.dll+0x57f9ad]
V  [jvm.dll+0x220472]
V  [jvm.dll+0x21954d]
V  [jvm.dll+0x216c79]
V  [jvm.dll+0x1a3410]
V  [jvm.dll+0x226aeb]
V  [jvm.dll+0x224cab]
V  [jvm.dll+0x78e45c]
V  [jvm.dll+0x78888a]
V  [jvm.dll+0x676935]
C  [ucrtbase.dll+0x29363]
C  [KERNEL32.DLL+0x1257d]
C  [ntdll.dll+0x5aa58]


---------------  P R O C E S S  ---------------

Threads class SMR info:
_java_thread_list=0x000001c75cd04420, length=14, elements={
0x000001c77a003cc0, 0x000001c77a0b6ad0, 0x000001c77a0b7950, 0x000001c77a0cb990,
0x000001c77a0cc550, 0x000001c71692df80, 0x000001c71692f950, 0x000001c716930640,
0x000001c7169310f0, 0x000001c716935b10, 0x000001c716b843a0, 0x000001c716b88e60,
0x000001c75c6ea2e0, 0x000001c75cd6ed90
}

Java Threads: ( => current thread )
  0x000001c77a003cc0 JavaThread "main" [_thread_in_vm, id=20264, stack(0x0000002609000000,0x0000002609100000)]
  0x000001c77a0b6ad0 JavaThread "Reference Handler" daemon [_thread_blocked, id=3564, stack(0x0000002609700000,0x0000002609800000)]
  0x000001c77a0b7950 JavaThread "Finalizer" daemon [_thread_blocked, id=12896, stack(0x0000002609800000,0x0000002609900000)]
  0x000001c77a0cb990 JavaThread "Signal Dispatcher" daemon [_thread_blocked, id=14284, stack(0x0000002609900000,0x0000002609a00000)]
  0x000001c77a0cc550 JavaThread "Attach Listener" daemon [_thread_blocked, id=9204, stack(0x0000002609a00000,0x0000002609b00000)]
  0x000001c71692df80 JavaThread "Service Thread" daemon [_thread_blocked, id=3960, stack(0x0000002609b00000,0x0000002609c00000)]
  0x000001c71692f950 JavaThread "Monitor Deflation Thread" daemon [_thread_blocked, id=12844, stack(0x0000002609c00000,0x0000002609d00000)]
=>0x000001c716930640 JavaThread "C2 CompilerThread0" daemon [_thread_in_native, id=7224, stack(0x0000002609d00000,0x0000002609e00000)]
  0x000001c7169310f0 JavaThread "C1 CompilerThread0" daemon [_thread_blocked, id=20244, stack(0x0000002609e00000,0x0000002609f00000)]
  0x000001c716935b10 JavaThread "Sweeper thread" daemon [_thread_blocked, id=12880, stack(0x0000002609f00000,0x000000260a000000)]
  0x000001c716b843a0 JavaThread "Notification Thread" daemon [_thread_blocked, id=19304, stack(0x000000260a000000,0x000000260a100000)]
  0x000001c716b88e60 JavaThread "Common-Cleaner" daemon [_thread_blocked, id=8260, stack(0x000000260a200000,0x000000260a300000)]
  0x000001c75c6ea2e0 JavaThread "pool-1-thread-1" [_thread_blocked, id=11536, stack(0x000000260a900000,0x000000260aa00000)]
  0x000001c75cd6ed90 JavaThread "DisconnectableInputStream source reader" daemon [_thread_in_native, id=3952, stack(0x000000260ab00000,0x000000260ac00000)]

Other Threads:
  0x000001c77a0b0ac0 VMThread "VM Thread" [stack: 0x0000002609600000,0x0000002609700000] [id=5200]
  0x000001c77a02e030 WatcherThread [stack: 0x000000260a100000,0x000000260a200000] [id=11172]
  0x000001c77a023bd0 GCTaskThread "GC Thread#0" [stack: 0x0000002609100000,0x0000002609200000] [id=9212]
  0x000001c75c15f1a0 GCTaskThread "GC Thread#1" [stack: 0x000000260a500000,0x000000260a600000] [id=5676]
  0x000001c75c90d610 GCTaskThread "GC Thread#2" [stack: 0x000000260a600000,0x000000260a700000] [id=11784]
  0x000001c716e84b80 GCTaskThread "GC Thread#3" [stack: 0x000000260a700000,0x000000260a800000] [id=10348]
  0x000001c75cb3b370 GCTaskThread "GC Thread#4" [stack: 0x000000260a800000,0x000000260a900000] [id=13236]
  0x000001c75c5aa0c0 GCTaskThread "GC Thread#5" [stack: 0x0000002608d00000,0x0000002608e00000] [id=21216]
  0x000001c75cee2c30 GCTaskThread "GC Thread#6" [stack: 0x0000002608e00000,0x0000002608f00000] [id=3324]
  0x000001c75cd227f0 GCTaskThread "GC Thread#7" [stack: 0x0000002608f00000,0x0000002609000000] [id=13104]
  0x000001c77a026330 ConcurrentGCThread "G1 Main Marker" [stack: 0x0000002609200000,0x0000002609300000] [id=12560]
  0x000001c77a026d40 ConcurrentGCThread "G1 Conc#0" [stack: 0x0000002609300000,0x0000002609400000] [id=7140]
  0x000001c77a095e30 ConcurrentGCThread "G1 Refine#0" [stack: 0x0000002609400000,0x0000002609500000] [id=5908]
  0x000001c77a096860 ConcurrentGCThread "G1 Service" [stack: 0x0000002609500000,0x0000002609600000] [id=9956]

Threads with active compile tasks:
C2 CompilerThread0    77718 1626 % !   4       java.io.BufferedReader::readLine @ 139 (327 bytes)

VM state: not at safepoint (normal execution)

VM Mutex/Monitor currently owned by a thread:  ([mutex/lock_event])
[0x000001c779ffdc10] Metaspace_lock - owner thread: 0x000001c77a003cc0

Heap address: 0x00000000fc000000, size: 64 MB, Compressed Oops mode: 32-bit

CDS archive(s) mapped at: [0x000001c717000000-0x000001c717bd0000-0x000001c717bd0000), size 12386304, SharedBaseAddress: 0x000001c717000000, ArchiveRelocationMode: 1.
Compressed class space mapped at: 0x000001c718000000-0x000001c758000000, reserved size: 1073741824
Narrow klass base: 0x000001c717000000, Narrow klass shift: 0, Narrow klass range: 0x100000000

GC Precious Log:
 CPUs: 12 total, 12 available
 Memory: 16295M
 Large Page Support: Disabled
 NUMA Support: Disabled
 Compressed Oops: Enabled (32-bit)
 Heap Region Size: 1M
 Heap Min Capacity: 64M
 Heap Initial Capacity: 64M
 Heap Max Capacity: 64M
 Pre-touch: Disabled
 Parallel Workers: 10
 Concurrent Workers: 3
 Concurrent Refinement Workers: 10
 Periodic GC: Disabled

Heap:
 garbage-first heap   total 65536K, used 12466K [0x00000000fc000000, 0x0000000100000000)
  region size 1024K, 3 young (3072K), 2 survivors (2048K)
 Metaspace       used 8990K, committed 9152K, reserved 1114112K
  class space    used 1182K, committed 1280K, reserved 1048576K

Heap Regions: E=young(eden), S=young(survivor), O=old, HS=humongous(starts), HC=humongous(continues), CS=collection set, F=free, OA=open archive, CA=closed archive, TAMS=top-at-mark-start (previous, next)
|   0|0x00000000fc000000, 0x00000000fc100000, 0x00000000fc100000|100%|HS|  |TAMS 0x00000000fc000000, 0x00000000fc000000| Complete 
|   1|0x00000000fc100000, 0x00000000fc200000, 0x00000000fc200000|100%|HC|  |TAMS 0x00000000fc100000, 0x00000000fc100000| Complete 
|   2|0x00000000fc200000, 0x00000000fc300000, 0x00000000fc300000|100%|HC|  |TAMS 0x00000000fc200000, 0x00000000fc200000| Complete 
|   3|0x00000000fc300000, 0x00000000fc400000, 0x00000000fc400000|100%|HC|  |TAMS 0x00000000fc300000, 0x00000000fc300000| Complete 
|   4|0x00000000fc400000, 0x00000000fc500000, 0x00000000fc500000|100%| O|  |TAMS 0x00000000fc400000, 0x00000000fc400000| Untracked 
|   5|0x00000000fc500000, 0x00000000fc600000, 0x00000000fc600000|100%| O|  |TAMS 0x00000000fc500000, 0x00000000fc500000| Untracked 
|   6|0x00000000fc600000, 0x00000000fc700000, 0x00000000fc700000|100%| O|  |TAMS 0x00000000fc600000, 0x00000000fc600000| Untracked 
|   7|0x00000000fc700000, 0x00000000fc800000, 0x00000000fc800000|100%| O|  |TAMS 0x00000000fc700000, 0x00000000fc700000| Untracked 
|   8|0x00000000fc800000, 0x00000000fc900000, 0x00000000fc900000|100%| O|  |TAMS 0x00000000fc800000, 0x00000000fc800000| Untracked 
|   9|0x00000000fc900000, 0x00000000fca00000, 0x00000000fca00000|100%| O|  |TAMS 0x00000000fc900000, 0x00000000fc900000| Untracked 
|  10|0x00000000fca00000, 0x00000000fca95400, 0x00000000fcb00000| 58%| O|  |TAMS 0x00000000fca00000, 0x00000000fca00000| Untracked 
|  11|0x00000000fcb00000, 0x00000000fcb00000, 0x00000000fcc00000|  0%| F|  |TAMS 0x00000000fcb00000, 0x00000000fcb00000| Untracked 
|  12|0x00000000fcc00000, 0x00000000fcc00000, 0x00000000fcd00000|  0%| F|  |TAMS 0x00000000fcc00000, 0x00000000fcc00000| Untracked 
|  13|0x00000000fcd00000, 0x00000000fcd00000, 0x00000000fce00000|  0%| F|  |TAMS 0x00000000fcd00000, 0x00000000fcd00000| Untracked 
|  14|0x00000000fce00000, 0x00000000fce00000, 0x00000000fcf00000|  0%| F|  |TAMS 0x00000000fce00000, 0x00000000fce00000| Untracked 
|  15|0x00000000fcf00000, 0x00000000fcf00000, 0x00000000fd000000|  0%| F|  |TAMS 0x00000000fcf00000, 0x00000000fcf00000| Untracked 
|  16|0x00000000fd000000, 0x00000000fd000000, 0x00000000fd100000|  0%| F|  |TAMS 0x00000000fd000000, 0x00000000fd000000| Untracked 
|  17|0x00000000fd100000, 0x00000000fd100000, 0x00000000fd200000|  0%| F|  |TAMS 0x00000000fd100000, 0x00000000fd100000| Untracked 
|  18|0x00000000fd200000, 0x00000000fd200000, 0x00000000fd300000|  0%| F|  |TAMS 0x00000000fd200000, 0x00000000fd200000| Untracked 
|  19|0x00000000fd300000, 0x00000000fd300000, 0x00000000fd400000|  0%| F|  |TAMS 0x00000000fd300000, 0x00000000fd300000| Untracked 
|  20|0x00000000fd400000, 0x00000000fd400000, 0x00000000fd500000|  0%| F|  |TAMS 0x00000000fd400000, 0x00000000fd400000| Untracked 
|  21|0x00000000fd500000, 0x00000000fd500000, 0x00000000fd600000|  0%| F|  |TAMS 0x00000000fd500000, 0x00000000fd500000| Untracked 
|  22|0x00000000fd600000, 0x00000000fd600000, 0x00000000fd700000|  0%| F|  |TAMS 0x00000000fd600000, 0x00000000fd600000| Untracked 
|  23|0x00000000fd700000, 0x00000000fd700000, 0x00000000fd800000|  0%| F|  |TAMS 0x00000000fd700000, 0x00000000fd700000| Untracked 
|  24|0x00000000fd800000, 0x00000000fd800000, 0x00000000fd900000|  0%| F|  |TAMS 0x00000000fd800000, 0x00000000fd800000| Untracked 
|  25|0x00000000fd900000, 0x00000000fd900000, 0x00000000fda00000|  0%| F|  |TAMS 0x00000000fd900000, 0x00000000fd900000| Untracked 
|  26|0x00000000fda00000, 0x00000000fda00000, 0x00000000fdb00000|  0%| F|  |TAMS 0x00000000fda00000, 0x00000000fda00000| Untracked 
|  27|0x00000000fdb00000, 0x00000000fdb00000, 0x00000000fdc00000|  0%| F|  |TAMS 0x00000000fdb00000, 0x00000000fdb00000| Untracked 
|  28|0x00000000fdc00000, 0x00000000fdc00000, 0x00000000fdd00000|  0%| F|  |TAMS 0x00000000fdc00000, 0x00000000fdc00000| Untracked 
|  29|0x00000000fdd00000, 0x00000000fdd00000, 0x00000000fde00000|  0%| F|  |TAMS 0x00000000fdd00000, 0x00000000fdd00000| Untracked 
|  30|0x00000000fde00000, 0x00000000fde00000, 0x00000000fdf00000|  0%| F|  |TAMS 0x00000000fde00000, 0x00000000fde00000| Untracked 
|  31|0x00000000fdf00000, 0x00000000fdf00000, 0x00000000fe000000|  0%| F|  |TAMS 0x00000000fdf00000, 0x00000000fdf00000| Untracked 
|  32|0x00000000fe000000, 0x00000000fe000000, 0x00000000fe100000|  0%| F|  |TAMS 0x00000000fe000000, 0x00000000fe000000| Untracked 
|  33|0x00000000fe100000, 0x00000000fe100000, 0x00000000fe200000|  0%| F|  |TAMS 0x00000000fe100000, 0x00000000fe100000| Untracked 
|  34|0x00000000fe200000, 0x00000000fe200000, 0x00000000fe300000|  0%| F|  |TAMS 0x00000000fe200000, 0x00000000fe200000| Untracked 
|  35|0x00000000fe300000, 0x00000000fe300000, 0x00000000fe400000|  0%| F|  |TAMS 0x00000000fe300000, 0x00000000fe300000| Untracked 
|  36|0x00000000fe400000, 0x00000000fe400000, 0x00000000fe500000|  0%| F|  |TAMS 0x00000000fe400000, 0x00000000fe400000| Untracked 
|  37|0x00000000fe500000, 0x00000000fe597400, 0x00000000fe600000| 59%| S|CS|TAMS 0x00000000fe500000, 0x00000000fe500000| Complete 
|  38|0x00000000fe600000, 0x00000000fe600000, 0x00000000fe700000|  0%| F|  |TAMS 0x00000000fe600000, 0x00000000fe600000| Untracked 
|  39|0x00000000fe700000, 0x00000000fe700000, 0x00000000fe800000|  0%| F|  |TAMS 0x00000000fe700000, 0x00000000fe700000| Untracked 
|  40|0x00000000fe800000, 0x00000000fe800000, 0x00000000fe900000|  0%| F|  |TAMS 0x00000000fe800000, 0x00000000fe800000| Untracked 
|  41|0x00000000fe900000, 0x00000000fea00000, 0x00000000fea00000|100%| S|CS|TAMS 0x00000000fe900000, 0x00000000fe900000| Complete 
|  42|0x00000000fea00000, 0x00000000fea00000, 0x00000000feb00000|  0%| F|  |TAMS 0x00000000fea00000, 0x00000000fea00000| Untracked 
|  43|0x00000000feb00000, 0x00000000feb00000, 0x00000000fec00000|  0%| F|  |TAMS 0x00000000feb00000, 0x00000000feb00000| Untracked 
|  44|0x00000000fec00000, 0x00000000fec00000, 0x00000000fed00000|  0%| F|  |TAMS 0x00000000fec00000, 0x00000000fec00000| Untracked 
|  45|0x00000000fed00000, 0x00000000fed00000, 0x00000000fee00000|  0%| F|  |TAMS 0x00000000fed00000, 0x00000000fed00000| Untracked 
|  46|0x00000000fee00000, 0x00000000fee00000, 0x00000000fef00000|  0%| F|  |TAMS 0x00000000fee00000, 0x00000000fee00000| Untracked 
|  47|0x00000000fef00000, 0x00000000fef00000, 0x00000000ff000000|  0%| F|  |TAMS 0x00000000fef00000, 0x00000000fef00000| Untracked 
|  48|0x00000000ff000000, 0x00000000ff000000, 0x00000000ff100000|  0%| F|  |TAMS 0x00000000ff000000, 0x00000000ff000000| Untracked 
|  49|0x00000000ff100000, 0x00000000ff100000, 0x00000000ff200000|  0%| F|  |TAMS 0x00000000ff100000, 0x00000000ff100000| Untracked 
|  50|0x00000000ff200000, 0x00000000ff200000, 0x00000000ff300000|  0%| F|  |TAMS 0x00000000ff200000, 0x00000000ff200000| Untracked 
|  51|0x00000000ff300000, 0x00000000ff300000, 0x00000000ff400000|  0%| F|  |TAMS 0x00000000ff300000, 0x00000000ff300000| Untracked 
|  52|0x00000000ff400000, 0x00000000ff400000, 0x00000000ff500000|  0%| F|  |TAMS 0x00000000ff400000, 0x00000000ff400000| Untracked 
|  53|0x00000000ff500000, 0x00000000ff500000, 0x00000000ff600000|  0%| F|  |TAMS 0x00000000ff500000, 0x00000000ff500000| Untracked 
|  54|0x00000000ff600000, 0x00000000ff600000, 0x00000000ff700000|  0%| F|  |TAMS 0x00000000ff600000, 0x00000000ff600000| Untracked 
|  55|0x00000000ff700000, 0x00000000ff700000, 0x00000000ff800000|  0%| F|  |TAMS 0x00000000ff700000, 0x00000000ff700000| Untracked 
|  56|0x00000000ff800000, 0x00000000ff800000, 0x00000000ff900000|  0%| F|  |TAMS 0x00000000ff800000, 0x00000000ff800000| Untracked 
|  57|0x00000000ff900000, 0x00000000ff900000, 0x00000000ffa00000|  0%| F|  |TAMS 0x00000000ff900000, 0x00000000ff900000| Untracked 
|  58|0x00000000ffa00000, 0x00000000ffa00000, 0x00000000ffb00000|  0%| F|  |TAMS 0x00000000ffa00000, 0x00000000ffa00000| Untracked 
|  59|0x00000000ffb00000, 0x00000000ffb00000, 0x00000000ffc00000|  0%| F|  |TAMS 0x00000000ffb00000, 0x00000000ffb00000| Untracked 
|  60|0x00000000ffc00000, 0x00000000ffc00000, 0x00000000ffd00000|  0%| F|  |TAMS 0x00000000ffc00000, 0x00000000ffc00000| Untracked 
|  61|0x00000000ffd00000, 0x00000000ffd00000, 0x00000000ffe00000|  0%| F|  |TAMS 0x00000000ffd00000, 0x00000000ffd00000| Untracked 
|  62|0x00000000ffe00000, 0x00000000ffe00000, 0x00000000fff00000|  0%| F|  |TAMS 0x00000000ffe00000, 0x00000000ffe00000| Untracked 
|  63|0x00000000fff00000, 0x00000000fff91e78, 0x0000000100000000| 56%| E|  |TAMS 0x00000000fff00000, 0x00000000fff00000| Complete 

Card table byte_map: [0x000001c77a0f0000,0x000001c77a110000] _byte_map_base: 0x000001c779910000

Marking Bits (Prev, Next): (CMBitMap*) 0x000001c77a025200, (CMBitMap*) 0x000001c77a025240
 Prev Bits: [0x000001c77c570000, 0x000001c77c670000)
 Next Bits: [0x000001c77c670000, 0x000001c77c770000)

Polling page: 0x000001c779d60000

Metaspace:

Usage:
  Non-class:      7.63 MB used.
      Class:      1.15 MB used.
       Both:      8.78 MB used.

Virtual space:
  Non-class space:       64.00 MB reserved,       7.69 MB ( 12%) committed,  1 nodes.
      Class space:        1.00 GB reserved,       1.25 MB ( <1%) committed,  1 nodes.
             Both:        1.06 GB reserved,       8.94 MB ( <1%) committed. 

Chunk freelists:
   Non-Class:  8.08 MB
       Class:  14.64 MB
        Both:  22.71 MB

MaxMetaspaceSize: unlimited
CompressedClassSpaceSize: 1.00 GB
Initial GC threshold: 21.00 MB
Current GC threshold: 21.00 MB
CDS: on
MetaspaceReclaimPolicy: balanced
 - commit_granule_bytes: 65536.
 - commit_granule_words: 8192.
 - virtual_space_node_default_size: 8388608.
 - enlarge_chunks_in_place: 1.
 - new_chunks_are_fully_committed: 0.
 - uncommit_free_chunks: 1.
 - use_allocation_guard: 0.
 - handle_deallocations: 1.


Internal statistics:

num_allocs_failed_limit: 0.
num_arena_births: 80.
num_arena_deaths: 0.
num_vsnodes_births: 2.
num_vsnodes_deaths: 0.
num_space_committed: 143.
num_space_uncommitted: 0.
num_chunks_returned_to_freelist: 0.
num_chunks_taken_from_freelist: 312.
num_chunk_merges: 0.
num_chunk_splits: 212.
num_chunks_enlarged: 178.
num_inconsistent_stats: 0.

CodeHeap 'non-profiled nmethods': size=120000Kb used=817Kb max_used=817Kb free=119182Kb
 bounds [0x000001c70f2b0000, 0x000001c70f520000, 0x000001c7167e0000]
CodeHeap 'profiled nmethods': size=120000Kb used=3043Kb max_used=3043Kb free=116956Kb
 bounds [0x000001c7077e0000, 0x000001c707ae0000, 0x000001c70ed10000]
CodeHeap 'non-nmethods': size=5760Kb used=1167Kb max_used=1221Kb free=4592Kb
 bounds [0x000001c70ed10000, 0x000001c70ef80000, 0x000001c70f2b0000]
 total_blobs=2099 nmethods=1638 adapters=374
 compilation: enabled
              stopped_count=0, restarted_count=0
 full_count=0

Compilation events (20 events):
Event: 77.687 Thread 0x000001c716930640 1626 % !   4       java.io.BufferedReader::readLine @ 139 (327 bytes)
Event: 77.687 Thread 0x000001c7169310f0 nmethod 1624 0x000001c707ad3d90 code [0x000001c707ad3fe0, 0x000001c707ad4748]
Event: 77.687 Thread 0x000001c7169310f0 1625       3       java.util.LinkedList::isPositionIndex (18 bytes)
Event: 77.687 Thread 0x000001c7169310f0 nmethod 1625 0x000001c707ad4a90 code [0x000001c707ad4c20, 0x000001c707ad4db8]
Event: 77.687 Thread 0x000001c7169310f0 1627       3       java.util.LinkedList::node (65 bytes)
Event: 77.687 Thread 0x000001c7169310f0 nmethod 1627 0x000001c707ad4e90 code [0x000001c707ad5040, 0x000001c707ad5318]
Event: 77.687 Thread 0x000001c7169310f0 1628       3       org.gradle.util.internal.LimitedDescription::append (33 bytes)
Event: 77.688 Thread 0x000001c7169310f0 nmethod 1628 0x000001c707ad5490 code [0x000001c707ad56c0, 0x000001c707ad5e08]
Event: 77.688 Thread 0x000001c7169310f0 1629       3       java.util.LinkedList::add (32 bytes)
Event: 77.693 Thread 0x000001c7169310f0 nmethod 1629 0x000001c707ad6110 code [0x000001c707ad6320, 0x000001c707ad6808]
Event: 77.693 Thread 0x000001c7169310f0 1630       3       java.util.LinkedList::linkBefore (63 bytes)
Event: 77.693 Thread 0x000001c7169310f0 nmethod 1630 0x000001c707ad6a10 code [0x000001c707ad6be0, 0x000001c707ad7098]
Event: 77.693 Thread 0x000001c7169310f0 1631       3       java.util.LinkedList::removeLast (23 bytes)
Event: 77.693 Thread 0x000001c7169310f0 nmethod 1631 0x000001c707ad7210 code [0x000001c707ad73c0, 0x000001c707ad7618]
Event: 77.693 Thread 0x000001c7169310f0 1632       3       java.util.LinkedList::unlinkLast (64 bytes)
Event: 77.693 Thread 0x000001c7169310f0 nmethod 1632 0x000001c707ad7710 code [0x000001c707ad78c0, 0x000001c707ad7b58]
Event: 77.696 Thread 0x000001c7169310f0 1635       3       java.lang.invoke.LambdaForm$BasicType::basicTypeSlots (8 bytes)
Event: 77.696 Thread 0x000001c7169310f0 nmethod 1635 0x000001c707ad7c90 code [0x000001c707ad7e20, 0x000001c707ad7f98]
Event: 77.696 Thread 0x000001c7169310f0 1636       3       sun.invoke.util.Wrapper::stackSlots (9 bytes)
Event: 77.696 Thread 0x000001c7169310f0 nmethod 1636 0x000001c707ad8090 code [0x000001c707ad8220, 0x000001c707ad8338]

GC Heap History (4 events):
Event: 0.407 GC heap before
{Heap before GC invocations=0 (full 0):
 garbage-first heap   total 65536K, used 26624K [0x00000000fc000000, 0x0000000100000000)
  region size 1024K, 23 young (23552K), 0 survivors (0K)
 Metaspace       used 3472K, committed 3648K, reserved 1114112K
  class space    used 405K, committed 512K, reserved 1048576K
}
Event: 0.412 GC heap after
{Heap after GC invocations=1 (full 0):
 garbage-first heap   total 65536K, used 10520K [0x00000000fc000000, 0x0000000100000000)
  region size 1024K, 3 young (3072K), 3 survivors (3072K)
 Metaspace       used 3472K, committed 3648K, reserved 1114112K
  class space    used 405K, committed 512K, reserved 1048576K
}
Event: 77.688 GC heap before
{Heap before GC invocations=1 (full 0):
 garbage-first heap   total 65536K, used 33048K [0x00000000fc000000, 0x0000000100000000)
  region size 1024K, 25 young (25600K), 3 survivors (3072K)
 Metaspace       used 8953K, committed 9152K, reserved 1114112K
  class space    used 1175K, committed 1280K, reserved 1048576K
}
Event: 77.692 GC heap after
{Heap after GC invocations=2 (full 0):
 garbage-first heap   total 65536K, used 12466K [0x00000000fc000000, 0x0000000100000000)
  region size 1024K, 2 young (2048K), 2 survivors (2048K)
 Metaspace       used 8953K, committed 9152K, reserved 1114112K
  class space    used 1175K, committed 1280K, reserved 1048576K
}

Deoptimization events (20 events):
Event: 56.678 Thread 0x000001c75c6ea2e0 DEOPT PACKING pc=0x000001c70f3501c8 sp=0x000000260a9feb30
Event: 56.678 Thread 0x000001c75c6ea2e0 DEOPT UNPACKING pc=0x000001c70ed623a3 sp=0x000000260a9feac0 mode 2
Event: 72.515 Thread 0x000001c77a003cc0 Uncommon trap: trap_request=0xffffff45 fr.pc=0x000001c70f3544dc relative=0x000000000000373c
Event: 72.515 Thread 0x000001c77a003cc0 Uncommon trap: reason=unstable_if action=reinterpret pc=0x000001c70f3544dc method=org.gradle.internal.logging.sink.OutputEventTransformer.onOutput(Lorg/gradle/internal/logging/events/OutputEvent;)V @ 99 c2
Event: 72.515 Thread 0x000001c77a003cc0 DEOPT PACKING pc=0x000001c70f3544dc sp=0x00000026090fc820
Event: 72.515 Thread 0x000001c77a003cc0 DEOPT UNPACKING pc=0x000001c70ed623a3 sp=0x00000026090fc838 mode 2
Event: 77.684 Thread 0x000001c77a003cc0 Uncommon trap: trap_request=0xffffff45 fr.pc=0x000001c70f368d30 relative=0x00000000000007b0
Event: 77.684 Thread 0x000001c77a003cc0 Uncommon trap: reason=unstable_if action=reinterpret pc=0x000001c70f368d30 method=sun.nio.ch.WEPollSelectorImpl.toReadyOps(I)I @ 5 c2
Event: 77.684 Thread 0x000001c77a003cc0 DEOPT PACKING pc=0x000001c70f368d30 sp=0x00000026090fc790
Event: 77.684 Thread 0x000001c77a003cc0 DEOPT UNPACKING pc=0x000001c70ed623a3 sp=0x00000026090fc698 mode 2
Event: 77.684 Thread 0x000001c77a003cc0 Uncommon trap: trap_request=0xffffffb5 fr.pc=0x000001c70f3646c0 relative=0x0000000000000540
Event: 77.684 Thread 0x000001c77a003cc0 Uncommon trap: reason=unloaded action=reinterpret pc=0x000001c70f3646c0 method=sun.nio.ch.SocketChannelImpl.read(Ljava/nio/ByteBuffer;)I @ 194 c2
Event: 77.684 Thread 0x000001c77a003cc0 DEOPT PACKING pc=0x000001c70f3646c0 sp=0x00000026090fc830
Event: 77.684 Thread 0x000001c77a003cc0 DEOPT UNPACKING pc=0x000001c70ed623a3 sp=0x00000026090fc7d8 mode 2
Event: 77.685 Thread 0x000001c77a003cc0 Uncommon trap: trap_request=0xffffff45 fr.pc=0x000001c70f362328 relative=0x0000000000000a48
Event: 77.685 Thread 0x000001c77a003cc0 Uncommon trap: reason=unstable_if action=reinterpret pc=0x000001c70f362328 method=com.esotericsoftware.kryo.io.Input.require(I)I @ 180 c2
Event: 77.685 Thread 0x000001c77a003cc0 DEOPT PACKING pc=0x000001c70f362328 sp=0x00000026090fc8b0
Event: 77.685 Thread 0x000001c77a003cc0 DEOPT UNPACKING pc=0x000001c70ed623a3 sp=0x00000026090fc540 mode 2
Event: 77.686 Thread 0x000001c77a003cc0 DEOPT PACKING pc=0x000001c707956b29 sp=0x00000026090fc0e0
Event: 77.686 Thread 0x000001c77a003cc0 DEOPT UNPACKING pc=0x000001c70ed62b43 sp=0x00000026090fb508 mode 0

Classes unloaded (0 events):
No events

Classes redefined (0 events):
No events

Internal exceptions (20 events):
Event: 0.107 Thread 0x000001c77a003cc0 Exception <a 'java/lang/NoSuchMethodError'{0x00000000ffc73238}: 'int java.lang.invoke.DirectMethodHandle$Holder.invokeStaticInit(java.lang.Object, java.lang.Object)'> (0x00000000ffc73238) 
thrown [s\open\src\hotspot\share\interpreter\linkResolver.cpp, line 759]
Event: 0.412 Thread 0x000001c77a003cc0 Exception <a 'java/lang/NoSuchMethodError'{0x00000000fff00238}: 'void java.lang.invoke.DirectMethodHandle$Holder.invokeStatic(java.lang.Object, java.lang.Object)'> (0x00000000fff00238) 
thrown [s\open\src\hotspot\share\interpreter\linkResolver.cpp, line 759]
Event: 0.427 Thread 0x000001c77a003cc0 Exception <a 'java/lang/NoClassDefFoundError'{0x00000000fffbead8}: org/slf4j/impl/StaticMarkerBinder> (0x00000000fffbead8) 
thrown [s\open\src\hotspot\share\classfile\systemDictionary.cpp, line 245]
Event: 0.437 Thread 0x000001c77a003cc0 Exception <a 'java/lang/NoSuchMethodError'{0x00000000ffe62758}: 'java.lang.Object java.lang.invoke.DirectMethodHandle$Holder.invokeVirtual(java.lang.Object, java.lang.Object, java.lang.Object, java.lang.Object, java.lang.Object, java.lang.Object, java.lang.Object)'> (0x00000000ffe62758) 
thrown [s\open\src\hotspot\share\interpreter\linkResolver.cpp, line 759]
Event: 0.439 Thread 0x000001c77a003cc0 Exception <a 'java/lang/NoSuchMethodError'{0x00000000ffe747c8}: 'java.lang.Object java.lang.invoke.Invokers$Holder.invoker(java.lang.Object, java.lang.Object, java.lang.Object)'> (0x00000000ffe747c8) 
thrown [s\open\src\hotspot\share\interpreter\linkResolver.cpp, line 759]
Event: 0.439 Thread 0x000001c77a003cc0 Exception <a 'java/lang/NoSuchMethodError'{0x00000000ffe7d9a0}: 'java.lang.Object java.lang.invoke.DirectMethodHandle$Holder.invokeStatic(java.lang.Object, java.lang.Object, int)'> (0x00000000ffe7d9a0) 
thrown [s\open\src\hotspot\share\interpreter\linkResolver.cpp, line 759]
Event: 0.441 Thread 0x000001c77a003cc0 Exception <a 'java/lang/NoSuchMethodError'{0x00000000ffe89690}: 'void java.lang.invoke.DelegatingMethodHandle$Holder.delegate(java.lang.Object, java.lang.Object, int, java.lang.Object)'> (0x00000000ffe89690) 
thrown [s\open\src\hotspot\share\interpreter\linkResolver.cpp, line 759]
Event: 0.441 Thread 0x000001c77a003cc0 Exception <a 'java/lang/NoSuchMethodError'{0x00000000ffe8d858}: 'int java.lang.invoke.DirectMethodHandle$Holder.invokeSpecial(java.lang.Object, java.lang.Object, java.lang.Object)'> (0x00000000ffe8d858) 
thrown [s\open\src\hotspot\share\interpreter\linkResolver.cpp, line 759]
Event: 0.443 Thread 0x000001c77a003cc0 Exception <a 'java/lang/NoSuchMethodError'{0x00000000ffea09a0}: 'java.lang.Object java.lang.invoke.Invokers$Holder.invokeExact_MT(java.lang.Object, java.lang.Object, java.lang.Object, java.lang.Object)'> (0x00000000ffea09a0) 
thrown [s\open\src\hotspot\share\interpreter\linkResolver.cpp, line 759]
Event: 0.519 Thread 0x000001c77a003cc0 Exception <a 'java/lang/NoSuchMethodError'{0x00000000ff803ee8}: 'void java.lang.invoke.DirectMethodHandle$Holder.invokeSpecial(java.lang.Object, java.lang.Object, java.lang.Object)'> (0x00000000ff803ee8) 
thrown [s\open\src\hotspot\share\interpreter\linkResolver.cpp, line 759]
Event: 0.526 Thread 0x000001c77a003cc0 Implicit null exception at 0x000001c70f30ad8f to 0x000001c70f30b304
Event: 0.526 Thread 0x000001c77a003cc0 Implicit null exception at 0x000001c70f2f2f8f to 0x000001c70f2f352c
Event: 0.538 Thread 0x000001c77a003cc0 Exception <a 'java/lang/NoSuchMethodError'{0x00000000ff755c88}: 'java.lang.Object java.lang.invoke.DirectMethodHandle$Holder.invokeStaticInit(java.lang.Object)'> (0x00000000ff755c88) 
thrown [s\open\src\hotspot\share\interpreter\linkResolver.cpp, line 759]
Event: 0.596 Thread 0x000001c77a003cc0 Exception <a 'java/lang/NoSuchMethodError'{0x00000000ff31d338}: 'java.lang.Object java.lang.invoke.DirectMethodHandle$Holder.invokeStaticInit(java.lang.Object, int, int, int, int)'> (0x00000000ff31d338) 
thrown [s\open\src\hotspot\share\interpreter\linkResolver.cpp, line 759]
Event: 0.625 Thread 0x000001c77a003cc0 Exception <a 'java/lang/NoSuchMethodError'{0x00000000ff3b8290}: 'java.lang.Object java.lang.invoke.DirectMethodHandle$Holder.invokeStaticInit(java.lang.Object, java.lang.Object, int, int, int, int)'> (0x00000000ff3b8290) 
thrown [s\open\src\hotspot\share\interpreter\linkResolver.cpp, line 759]
Event: 0.673 Thread 0x000001c77a003cc0 Exception <a 'java/lang/NoSuchMethodError'{0x00000000ff3e4d28}: 'void java.lang.invoke.DirectMethodHandle$Holder.invokeStatic(java.lang.Object, java.lang.Object, java.lang.Object)'> (0x00000000ff3e4d28) 
thrown [s\open\src\hotspot\share\interpreter\linkResolver.cpp, line 759]
Event: 0.686 Thread 0x000001c77a003cc0 Implicit null exception at 0x000001c70f2e6172 to 0x000001c70f2e678c
Event: 0.686 Thread 0x000001c77a003cc0 Implicit null exception at 0x000001c70f2f73f2 to 0x000001c70f2f7a0c
Event: 77.684 Thread 0x000001c77a003cc0 Exception <a 'sun/net/ConnectionResetException'{0x00000000fea92060}: Connection reset> (0x00000000fea92060) 
thrown [s\open\src\hotspot\share\prims\jni.cpp, line 535]
Event: 77.696 Thread 0x000001c77a003cc0 Exception <a 'java/lang/NoSuchMethodError'{0x00000000fff29c88}: 'int java.lang.invoke.DirectMethodHandle$Holder.invokeVirtual(java.lang.Object, java.lang.Object)'> (0x00000000fff29c88) 
thrown [s\open\src\hotspot\share\interpreter\linkResolver.cpp, line 759]

VM Operations (20 events):
Event: 57.508 Executing VM operation: Cleanup
Event: 57.508 Executing VM operation: Cleanup done
Event: 58.511 Executing VM operation: Cleanup
Event: 58.511 Executing VM operation: Cleanup done
Event: 59.524 Executing VM operation: Cleanup
Event: 59.524 Executing VM operation: Cleanup done
Event: 60.163 Executing VM operation: HandshakeAllThreads
Event: 60.163 Executing VM operation: HandshakeAllThreads done
Event: 64.196 Executing VM operation: Cleanup
Event: 64.196 Executing VM operation: Cleanup done
Event: 73.285 Executing VM operation: Cleanup
Event: 73.285 Executing VM operation: Cleanup done
Event: 74.287 Executing VM operation: Cleanup
Event: 74.287 Executing VM operation: Cleanup done
Event: 75.292 Executing VM operation: Cleanup
Event: 75.293 Executing VM operation: Cleanup done
Event: 77.302 Executing VM operation: Cleanup
Event: 77.303 Executing VM operation: Cleanup done
Event: 77.688 Executing VM operation: G1CollectForAllocation
Event: 77.692 Executing VM operation: G1CollectForAllocation done

Events (20 events):
Event: 56.495 loading class jdk/internal/logger/LoggerFinderLoader
Event: 56.496 loading class jdk/internal/logger/LoggerFinderLoader done
Event: 56.496 loading class jdk/internal/logger/LoggerFinderLoader$TemporaryLoggerFinder
Event: 56.496 loading class jdk/internal/logger/LoggerFinderLoader$TemporaryLoggerFinder done
Event: 56.496 loading class sun/util/logging/internal/LoggingProviderImpl$JULWrapper
Event: 56.496 loading class sun/util/logging/PlatformLogger$ConfigurableBridge$LoggerConfiguration
Event: 56.496 loading class sun/util/logging/PlatformLogger$ConfigurableBridge$LoggerConfiguration done
Event: 56.496 loading class sun/util/logging/internal/LoggingProviderImpl$JULWrapper done
Event: 56.497 loading class java/io/ObjectInputFilter
Event: 56.497 loading class java/io/ObjectInputFilter done
Event: 56.497 loading class java/io/ObjectInputFilter$Config$BuiltinFilterFactory
Event: 56.497 loading class java/io/ObjectInputFilter$Config$BuiltinFilterFactory done
Event: 56.497 loading class jdk/internal/access/JavaObjectInputFilterAccess
Event: 56.497 loading class jdk/internal/access/JavaObjectInputFilterAccess done
Event: 56.498 loading class java/lang/System$Logger$Level
Event: 56.498 loading class java/lang/System$Logger$Level done
Event: 56.498 loading class java/io/Bits
Event: 56.498 loading class java/io/Bits done
Event: 77.684 loading class sun/net/ConnectionResetException
Event: 77.684 loading class sun/net/ConnectionResetException done


Dynamic libraries:
0x00007ff7f6f20000 - 0x00007ff7f6f30000 	C:\Program Files\Java\jdk-17\bin\java.exe
0x00007ffddf0d0000 - 0x00007ffddf2e6000 	C:\WINDOWS\SYSTEM32\ntdll.dll
0x00007ffdde930000 - 0x00007ffdde9f4000 	C:\WINDOWS\System32\KERNEL32.DLL
0x00007ffddc7e0000 - 0x00007ffddcb86000 	C:\WINDOWS\System32\KERNELBASE.dll
0x00007ffddc5d0000 - 0x00007ffddc6e1000 	C:\WINDOWS\System32\ucrtbase.dll
0x00007ffdcf310000 - 0x00007ffdcf329000 	C:\Program Files\Java\jdk-17\bin\jli.dll
0x00007ffdcd0f0000 - 0x00007ffdcd10b000 	C:\Program Files\Java\jdk-17\bin\VCRUNTIME140.dll
0x00007ffdde030000 - 0x00007ffdde0e2000 	C:\WINDOWS\System32\ADVAPI32.dll
0x00007ffdde380000 - 0x00007ffdde427000 	C:\WINDOWS\System32\msvcrt.dll
0x00007ffdded80000 - 0x00007ffddee28000 	C:\WINDOWS\System32\sechost.dll
0x00007ffddcd70000 - 0x00007ffddcd98000 	C:\WINDOWS\System32\bcrypt.dll
0x00007ffddea00000 - 0x00007ffddeb15000 	C:\WINDOWS\System32\RPCRT4.dll
0x00007ffddddf0000 - 0x00007ffdddf9d000 	C:\WINDOWS\System32\USER32.dll
0x00007ffdd0230000 - 0x00007ffdd04c3000 	C:\WINDOWS\WinSxS\amd64_microsoft.windows.common-controls_6595b64144ccf1df_6.0.22621.3235_none_270f74e173860f98\COMCTL32.dll
0x00007ffddc7b0000 - 0x00007ffddc7d6000 	C:\WINDOWS\System32\win32u.dll
0x00007ffdded50000 - 0x00007ffdded79000 	C:\WINDOWS\System32\GDI32.dll
0x00007ffddc410000 - 0x00007ffddc528000 	C:\WINDOWS\System32\gdi32full.dll
0x00007ffddc530000 - 0x00007ffddc5ca000 	C:\WINDOWS\System32\msvcp_win.dll
0x00007ffdd2fc0000 - 0x00007ffdd2fca000 	C:\WINDOWS\SYSTEM32\VERSION.dll
0x00007ffdde550000 - 0x00007ffdde581000 	C:\WINDOWS\System32\IMM32.DLL
0x00007ffdcd0b0000 - 0x00007ffdcd0bc000 	C:\Program Files\Java\jdk-17\bin\vcruntime140_1.dll
0x00007ffd89290000 - 0x00007ffd8931e000 	C:\Program Files\Java\jdk-17\bin\msvcp140.dll
0x00007ffd7d450000 - 0x00007ffd7e02f000 	C:\Program Files\Java\jdk-17\bin\server\jvm.dll
0x00007ffdddde0000 - 0x00007ffdddde8000 	C:\WINDOWS\System32\PSAPI.DLL
0x00007ffdcb340000 - 0x00007ffdcb349000 	C:\WINDOWS\SYSTEM32\WSOCK32.dll
0x00007ffdd23c0000 - 0x00007ffdd23f4000 	C:\WINDOWS\SYSTEM32\WINMM.dll
0x00007ffdde0f0000 - 0x00007ffdde161000 	C:\WINDOWS\System32\WS2_32.dll
0x00007ffddb410000 - 0x00007ffddb428000 	C:\WINDOWS\SYSTEM32\kernel.appcore.dll
0x00007ffdcb050000 - 0x00007ffdcb05a000 	C:\Program Files\Java\jdk-17\bin\jimage.dll
0x00007ffdc7010000 - 0x00007ffdc7243000 	C:\WINDOWS\SYSTEM32\DBGHELP.DLL
0x00007ffdde5a0000 - 0x00007ffdde928000 	C:\WINDOWS\System32\combase.dll
0x00007ffddee30000 - 0x00007ffddef07000 	C:\WINDOWS\System32\OLEAUT32.dll
0x00007ffdcf460000 - 0x00007ffdcf492000 	C:\WINDOWS\SYSTEM32\dbgcore.DLL
0x00007ffddcda0000 - 0x00007ffddce1a000 	C:\WINDOWS\System32\bcryptPrimitives.dll
0x00007ffdbcf30000 - 0x00007ffdbcf55000 	C:\Program Files\Java\jdk-17\bin\java.dll
0x00007ffd872f0000 - 0x00007ffd873c7000 	C:\Program Files\Java\jdk-17\bin\jsvml.dll
0x00007ffddcf00000 - 0x00007ffddd75d000 	C:\WINDOWS\System32\SHELL32.dll
0x00007ffdda320000 - 0x00007ffddac18000 	C:\WINDOWS\SYSTEM32\windows.storage.dll
0x00007ffdda1e0000 - 0x00007ffdda31e000 	C:\WINDOWS\SYSTEM32\wintypes.dll
0x00007ffddef10000 - 0x00007ffddf003000 	C:\WINDOWS\System32\SHCORE.dll
0x00007ffddeb20000 - 0x00007ffddeb7e000 	C:\WINDOWS\System32\shlwapi.dll
0x00007ffddc340000 - 0x00007ffddc366000 	C:\WINDOWS\SYSTEM32\profapi.dll
0x00007ffdca170000 - 0x00007ffdca189000 	C:\Program Files\Java\jdk-17\bin\net.dll
0x00007ffdd6cc0000 - 0x00007ffdd6df7000 	C:\WINDOWS\SYSTEM32\WINHTTP.dll
0x00007ffddb970000 - 0x00007ffddb9d9000 	C:\WINDOWS\system32\mswsock.dll
0x00007ffdc79a0000 - 0x00007ffdc79b6000 	C:\Program Files\Java\jdk-17\bin\nio.dll
0x00007ffdbc4c0000 - 0x00007ffdbc4d8000 	C:\Program Files\Java\jdk-17\bin\zip.dll
0x00007ffdc6fe0000 - 0x00007ffdc6ff0000 	C:\Program Files\Java\jdk-17\bin\verify.dll
0x00007ffdb5820000 - 0x00007ffdb5847000 	C:\Users\TDR SOFTWARE PVT LTD\.gradle\native\68d5fa5c4cc2d200863cafc0d521ce42e7d3e7ee720ec0a83991735586a16f82\windows-amd64\native-platform.dll
0x00007ffdcb240000 - 0x00007ffdcb24a000 	C:\Program Files\Java\jdk-17\bin\management.dll
0x00007ffdcb200000 - 0x00007ffdcb20b000 	C:\Program Files\Java\jdk-17\bin\management_ext.dll
0x00007ffddbcc0000 - 0x00007ffddbcdb000 	C:\WINDOWS\SYSTEM32\CRYPTSP.dll
0x00007ffddb370000 - 0x00007ffddb3a5000 	C:\WINDOWS\system32\rsaenh.dll
0x00007ffddba10000 - 0x00007ffddba3c000 	C:\WINDOWS\SYSTEM32\USERENV.dll
0x00007ffddbca0000 - 0x00007ffddbcac000 	C:\WINDOWS\SYSTEM32\CRYPTBASE.dll
0x00007ffddae80000 - 0x00007ffddaead000 	C:\WINDOWS\SYSTEM32\IPHLPAPI.DLL
0x00007ffdde590000 - 0x00007ffdde599000 	C:\WINDOWS\System32\NSI.dll
0x00007ffdd6ac0000 - 0x00007ffdd6ad9000 	C:\WINDOWS\SYSTEM32\dhcpcsvc6.DLL
0x00007ffdd6aa0000 - 0x00007ffdd6abf000 	C:\WINDOWS\SYSTEM32\dhcpcsvc.DLL
0x00007ffddaef0000 - 0x00007ffddafe9000 	C:\WINDOWS\SYSTEM32\DNSAPI.dll
0x00007ffdcb220000 - 0x00007ffdcb22e000 	C:\Program Files\Java\jdk-17\bin\sunmscapi.dll
0x00007ffddcc00000 - 0x00007ffddcd66000 	C:\WINDOWS\System32\CRYPT32.dll
0x00007ffddbdd0000 - 0x00007ffddbdfe000 	C:\WINDOWS\SYSTEM32\ncrypt.dll
0x00007ffddbd90000 - 0x00007ffddbdc7000 	C:\WINDOWS\SYSTEM32\NTASN1.dll
0x00007ffdc3920000 - 0x00007ffdc3928000 	C:\WINDOWS\system32\wshunix.dll

dbghelp: loaded successfully - version: 4.0.5 - missing functions: none
symbol engine: initialized successfully - sym options: 0x614 - pdb path: .;C:\Program Files\Java\jdk-17\bin;C:\WINDOWS\SYSTEM32;C:\WINDOWS\WinSxS\amd64_microsoft.windows.common-controls_6595b64144ccf1df_6.0.22621.3235_none_270f74e173860f98;C:\Program Files\Java\jdk-17\bin\server;C:\Users\TDR SOFTWARE PVT LTD\.gradle\native\68d5fa5c4cc2d200863cafc0d521ce42e7d3e7ee720ec0a83991735586a16f82\windows-amd64

VM Arguments:
jvm_args: -Xmx64m -Xms64m -Dorg.gradle.appname=gradlew 
java_command: org.gradle.wrapper.GradleWrapperMain app:installDebug -PreactNativeDevServerPort=8081
java_class_path (initial): D:\PROJECTS\WineProject\customersapp\android\\gradle\wrapper\gradle-wrapper.jar
Launcher Type: SUN_STANDARD

[Global flags]
     intx CICompilerCount                          = 4                                         {product} {ergonomic}
     uint ConcGCThreads                            = 3                                         {product} {ergonomic}
     uint G1ConcRefinementThreads                  = 10                                        {product} {ergonomic}
   size_t G1HeapRegionSize                         = 1048576                                   {product} {ergonomic}
    uintx GCDrainStackTargetSize                   = 64                                        {product} {ergonomic}
   size_t InitialHeapSize                          = 67108864                                  {product} {command line}
   size_t MarkStackSize                            = 4194304                                   {product} {ergonomic}
   size_t MaxHeapSize                              = 67108864                                  {product} {command line}
   size_t MaxNewSize                               = 39845888                                  {product} {ergonomic}
   size_t MinHeapDeltaBytes                        = 1048576                                   {product} {ergonomic}
   size_t MinHeapSize                              = 67108864                                  {product} {command line}
    uintx NonNMethodCodeHeapSize                   = 5839372                                {pd product} {ergonomic}
    uintx NonProfiledCodeHeapSize                  = 122909434                              {pd product} {ergonomic}
    uintx ProfiledCodeHeapSize                     = 122909434                              {pd product} {ergonomic}
    uintx ReservedCodeCacheSize                    = 251658240                              {pd product} {ergonomic}
     bool SegmentedCodeCache                       = true                                      {product} {ergonomic}
   size_t SoftMaxHeapSize                          = 67108864                               {manageable} {ergonomic}
     bool UseCompressedClassPointers               = true                           {product lp64_product} {ergonomic}
     bool UseCompressedOops                        = true                           {product lp64_product} {ergonomic}
     bool UseG1GC                                  = true                                      {product} {ergonomic}
     bool UseLargePagesIndividualAllocation        = false                                  {pd product} {ergonomic}

Logging:
Log output configuration:
 #0: stdout all=warning uptime,level,tags
 #1: stderr all=off uptime,level,tags

Environment Variables:
JAVA_HOME=C:\Program Files\Java\jdk-17
CLASSPATH=D:\PROJECTS\WineProject\customersapp\android\\gradle\wrapper\gradle-wrapper.jar
PATH=D:\PROJECTS\WineProject\customersapp\node_modules\.bin;D:\PROJECTS\WineProject\customersapp\node_modules\.bin;D:\PROJECTS\WineProject\node_modules\.bin;D:\PROJECTS\node_modules\.bin;D:\node_modules\.bin;C:\Program Files\nodejs\node_modules\npm\node_modules\@npmcli\run-script\lib\node-gyp-bin;C:\Program Files\Common Files\Oracle\Java\javapath;C:\Windows\system32;C:\Windows;C:\Windows\System32\Wbem;C:\Windows\System32\WindowsPowerShell\v1.0\;C:\Windows\System32\OpenSSH\;C:\Program Files (x86)\NVIDIA Corporation\PhysX\Common;C:\WINDOWS\system32;C:\WINDOWS;C:\WINDOWS\System32\Wbem;C:\WINDOWS\System32\WindowsPowerShell\v1.0\;C:\WINDOWS\System32\OpenSSH\;C:\Program Files\nodejs\;C:\Users\TDR SOFTWARE PVT LTD\AppData\Local\Android\Sdk;C:\Program Files\Git\cmd;C:\ProgramData\chocolatey\bin;C:\Users\TDR SOFTWARE PVT LTD\Downloads\platform-tools_r35.0.0-windows\platform-tools;C:\Users\TDR SOFTWARE PVT LTD\AppData\Local\Microsoft\WindowsApps;C:\Users\TDR SOFTWARE PVT LTD\AppData\Local\Programs\Microsoft VS Code\bin;C:\Users\TDR SOFTWARE PVT LTD\AppData\Local\Android\Sdk\platform-tools;C:\Users\TDR SOFTWARE PVT LTD\AppData\Roaming\npm;C:\Windows\SysWOW64
USERNAME=TDR SOFTWARE PVT LTD
OS=Windows_NT
PROCESSOR_IDENTIFIER=Intel64 Family 6 Model 165 Stepping 3, GenuineIntel



---------------  S Y S T E M  ---------------

OS:
 Windows 11 , 64 bit Build 22621 (10.0.22621.3235)
OS uptime: 2 days 3:34 hours
Hyper-V role detected

CPU: total 12 (initial active 12) (6 cores per cpu, 2 threads per core) family 6 model 165 stepping 3 microcode 0xf4, cx8, cmov, fxsr, ht, mmx, 3dnowpref, sse, sse2, sse3, ssse3, sse4.1, sse4.2, popcnt, lzcnt, tsc, tscinvbit, avx, avx2, aes, erms, clmul, bmi1, bmi2, adx, fma, vzeroupper, clflush, clflushopt, hv

Memory: 4k page, system-wide physical 16295M (2134M free)
TotalPageFile size 16295M (AvailPageFile size 0M)
current process WorkingSet (physical memory assigned to process): 94M, peak: 100M
current process commit charge ("private bytes"): 167M, peak: 177M

vm_info: Java HotSpot(TM) 64-Bit Server VM (17.0.10+11-LTS-240) for windows-amd64 JRE (17.0.10+11-LTS-240), built on Dec 19 2023 21:47:25 by "mach5one" with MS VC++ 17.1 (VS2022)

END.
