#
# There is insufficient memory for the Java Runtime Environment to continue.
# Native memory allocation (malloc) failed to allocate 171616 bytes for Chunk::new
# Possible reasons:
#   The system is out of physical RAM or swap space
#   The process is running with CompressedOops enabled, and the Java Heap may be blocking the growth of the native heap
# Possible solutions:
#   Reduce memory load on the system
#   Increase physical memory or swap space
#   Check if swap backing store is full
#   Decrease Java heap size (-Xmx/-Xms)
#   Decrease number of Java threads
#   Decrease Java thread stack sizes (-Xss)
#   Set larger code cache with -XX:ReservedCodeCacheSize=
#   JVM is running with Unscaled Compressed Oops mode in which the Java heap is
#     placed in the first 4GB address space. The Java Heap base address is the
#     maximum limit for the native heap growth. Please use -XX:HeapBaseMinAddress
#     to set the Java Heap base and to place the Java Heap above 4GB virtual address.
# This output file may be truncated or incomplete.
#
#  Out of Memory Error (arena.cpp:189), pid=6972, tid=17304
#
# JRE version: Java(TM) SE Runtime Environment (17.0.10+11) (build 17.0.10+11-LTS-240)
# Java VM: Java HotSpot(TM) 64-Bit Server VM (17.0.10+11-LTS-240, mixed mode, sharing, tiered, compressed oops, compressed class ptrs, g1 gc, windows-amd64)
# No core dump will be written. Minidumps are not enabled by default on client versions of Windows
#

---------------  S U M M A R Y ------------

Command Line: -Xmx64m -Xms64m -Dorg.gradle.appname=gradlew org.gradle.wrapper.GradleWrapperMain app:installDebug -PreactNativeDevServerPort=8081

Host: Intel(R) Core(TM) i5-10400F CPU @ 2.90GHz, 12 cores, 15G,  Windows 11 , 64 bit Build 22621 (10.0.22621.3235)
Time: Sun Mar 24 00:05:31 2024 India Standard Time elapsed time: 29.325426 seconds (0d 0h 0m 29s)

---------------  T H R E A D  ---------------

Current thread (0x00000275cc290310):  JavaThread "C2 CompilerThread0" daemon [_thread_in_native, id=17304, stack(0x0000009b96400000,0x0000009b96500000)]


Current CompileTask:
C2:  29325 1790       4       org.gradle.internal.logging.text.AbstractLineChoppingStyledTextOutput::doAppend (43 bytes)

Stack: [0x0000009b96400000,0x0000009b96500000]
Native frames: (J=compiled Java code, j=interpreted, Vv=VM code, C=native code)
V  [jvm.dll+0x677a5a]
V  [jvm.dll+0x7d8b2d]
V  [jvm.dll+0x7da48e]
V  [jvm.dll+0x7daaf3]
V  [jvm.dll+0x2455ff]
V  [jvm.dll+0xaaafb]
V  [jvm.dll+0xab09c]
V  [jvm.dll+0x2aafef]
V  [jvm.dll+0x57fd55]
V  [jvm.dll+0x220472]
V  [jvm.dll+0x21945f]
V  [jvm.dll+0x216c79]
V  [jvm.dll+0x1a3410]
V  [jvm.dll+0x226aeb]
V  [jvm.dll+0x224cab]
V  [jvm.dll+0x78e45c]
V  [jvm.dll+0x78888a]
V  [jvm.dll+0x676935]
C  [ucrtbase.dll+0x29363]
C  [KERNEL32.DLL+0x1257d]
C  [ntdll.dll+0x5aa58]


---------------  P R O C E S S  ---------------

Threads class SMR info:
_java_thread_list=0x00000275cc474950, length=14, elements={
0x00000275b26d4300, 0x00000275b2788af0, 0x00000275b2789970, 0x00000275b279c640,
0x00000275b279d110, 0x00000275b279dad0, 0x00000275b279e490, 0x00000275cc290310,
0x00000275cc290d10, 0x00000275cc297b40, 0x00000275cc4ce8b0, 0x00000275cc4f1e20,
0x000002761255cd50, 0x00000276128ccd80
}

Java Threads: ( => current thread )
  0x00000275b26d4300 JavaThread "main" [_thread_blocked, id=17868, stack(0x0000009b95700000,0x0000009b95800000)]
  0x00000275b2788af0 JavaThread "Reference Handler" daemon [_thread_blocked, id=3944, stack(0x0000009b95e00000,0x0000009b95f00000)]
  0x00000275b2789970 JavaThread "Finalizer" daemon [_thread_blocked, id=17632, stack(0x0000009b95f00000,0x0000009b96000000)]
  0x00000275b279c640 JavaThread "Signal Dispatcher" daemon [_thread_blocked, id=4072, stack(0x0000009b96000000,0x0000009b96100000)]
  0x00000275b279d110 JavaThread "Attach Listener" daemon [_thread_blocked, id=16580, stack(0x0000009b96100000,0x0000009b96200000)]
  0x00000275b279dad0 JavaThread "Service Thread" daemon [_thread_blocked, id=6148, stack(0x0000009b96200000,0x0000009b96300000)]
  0x00000275b279e490 JavaThread "Monitor Deflation Thread" daemon [_thread_blocked, id=15696, stack(0x0000009b96300000,0x0000009b96400000)]
=>0x00000275cc290310 JavaThread "C2 CompilerThread0" daemon [_thread_in_native, id=17304, stack(0x0000009b96400000,0x0000009b96500000)]
  0x00000275cc290d10 JavaThread "C1 CompilerThread0" daemon [_thread_blocked, id=2676, stack(0x0000009b96500000,0x0000009b96600000)]
  0x00000275cc297b40 JavaThread "Sweeper thread" daemon [_thread_blocked, id=12500, stack(0x0000009b96600000,0x0000009b96700000)]
  0x00000275cc4ce8b0 JavaThread "Notification Thread" daemon [_thread_blocked, id=4212, stack(0x0000009b96700000,0x0000009b96800000)]
  0x00000275cc4f1e20 JavaThread "Common-Cleaner" daemon [_thread_blocked, id=11416, stack(0x0000009b96900000,0x0000009b96a00000)]
  0x000002761255cd50 JavaThread "DisconnectableInputStream source reader" daemon [_thread_in_native, id=15196, stack(0x0000009b97100000,0x0000009b97200000)]
  0x00000276128ccd80 JavaThread "C2 CompilerThread1" daemon [_thread_in_native, id=9604, stack(0x0000009b96b00000,0x0000009b96c00000)]

Other Threads:
  0x00000275b2781bc0 VMThread "VM Thread" [stack: 0x0000009b95d00000,0x0000009b95e00000] [id=11460]
  0x00000275cc4f15d0 WatcherThread [stack: 0x0000009b96800000,0x0000009b96900000] [id=16540]
  0x00000275b26f4f90 GCTaskThread "GC Thread#0" [stack: 0x0000009b95800000,0x0000009b95900000] [id=14040]
  0x0000027612d9e3d0 GCTaskThread "GC Thread#1" [stack: 0x0000009b96c00000,0x0000009b96d00000] [id=7108]
  0x00000276123fd9f0 GCTaskThread "GC Thread#2" [stack: 0x0000009b96d00000,0x0000009b96e00000] [id=19740]
  0x0000027612cdefe0 GCTaskThread "GC Thread#3" [stack: 0x0000009b96e00000,0x0000009b96f00000] [id=14352]
  0x0000027612cdc320 GCTaskThread "GC Thread#4" [stack: 0x0000009b96f00000,0x0000009b97000000] [id=6856]
  0x0000027612e19580 GCTaskThread "GC Thread#5" [stack: 0x0000009b97300000,0x0000009b97400000] [id=20244]
  0x00000276121a7380 GCTaskThread "GC Thread#6" [stack: 0x0000009b97400000,0x0000009b97500000] [id=21112]
  0x00000276121a7640 GCTaskThread "GC Thread#7" [stack: 0x0000009b97500000,0x0000009b97600000] [id=9896]
  0x0000027612534620 GCTaskThread "GC Thread#8" [stack: 0x0000009b97600000,0x0000009b97700000] [id=3776]
  0x0000027612534ef0 GCTaskThread "GC Thread#9" [stack: 0x0000009b97700000,0x0000009b97800000] [id=20452]
  0x00000275b26f76f0 ConcurrentGCThread "G1 Main Marker" [stack: 0x0000009b95900000,0x0000009b95a00000] [id=13132]
  0x00000275b26f8100 ConcurrentGCThread "G1 Conc#0" [stack: 0x0000009b95a00000,0x0000009b95b00000] [id=13828]
  0x00000275b2766350 ConcurrentGCThread "G1 Refine#0" [stack: 0x0000009b95b00000,0x0000009b95c00000] [id=10632]
  0x00000275b2766d80 ConcurrentGCThread "G1 Service" [stack: 0x0000009b95c00000,0x0000009b95d00000] [id=8744]

Threads with active compile tasks:
C2 CompilerThread0    29342 1790       4       org.gradle.internal.logging.text.AbstractLineChoppingStyledTextOutput::doAppend (43 bytes)
C2 CompilerThread1    29342 1792       4       org.gradle.internal.logging.text.AbstractLineChoppingStyledTextOutput$1::execute (140 bytes)

VM state: not at safepoint (normal execution)

VM Mutex/Monitor currently owned by a thread: None

Heap address: 0x00000000fc000000, size: 64 MB, Compressed Oops mode: 32-bit

CDS archive(s) mapped at: [0x00000275cd000000-0x00000275cdbd0000-0x00000275cdbd0000), size 12386304, SharedBaseAddress: 0x00000275cd000000, ArchiveRelocationMode: 1.
Compressed class space mapped at: 0x00000275ce000000-0x000002760e000000, reserved size: 1073741824
Narrow klass base: 0x00000275cd000000, Narrow klass shift: 0, Narrow klass range: 0x100000000

GC Precious Log:
 CPUs: 12 total, 12 available
 Memory: 16295M
 Large Page Support: Disabled
 NUMA Support: Disabled
 Compressed Oops: Enabled (32-bit)
 Heap Region Size: 1M
 Heap Min Capacity: 64M
 Heap Initial Capacity: 64M
 Heap Max Capacity: 64M
 Pre-touch: Disabled
 Parallel Workers: 10
 Concurrent Workers: 3
 Concurrent Refinement Workers: 10
 Periodic GC: Disabled

Heap:
 garbage-first heap   total 65536K, used 14740K [0x00000000fc000000, 0x0000000100000000)
  region size 1024K, 5 young (5120K), 2 survivors (2048K)
 Metaspace       used 9744K, committed 9920K, reserved 1114112K
  class space    used 1270K, committed 1344K, reserved 1048576K

Heap Regions: E=young(eden), S=young(survivor), O=old, HS=humongous(starts), HC=humongous(continues), CS=collection set, F=free, OA=open archive, CA=closed archive, TAMS=top-at-mark-start (previous, next)
|   0|0x00000000fc000000, 0x00000000fc100000, 0x00000000fc100000|100%|HS|  |TAMS 0x00000000fc000000, 0x00000000fc000000| Complete 
|   1|0x00000000fc100000, 0x00000000fc200000, 0x00000000fc200000|100%|HC|  |TAMS 0x00000000fc100000, 0x00000000fc100000| Complete 
|   2|0x00000000fc200000, 0x00000000fc300000, 0x00000000fc300000|100%|HC|  |TAMS 0x00000000fc200000, 0x00000000fc200000| Complete 
|   3|0x00000000fc300000, 0x00000000fc400000, 0x00000000fc400000|100%|HC|  |TAMS 0x00000000fc300000, 0x00000000fc300000| Complete 
|   4|0x00000000fc400000, 0x00000000fc500000, 0x00000000fc500000|100%| O|  |TAMS 0x00000000fc400000, 0x00000000fc400000| Untracked 
|   5|0x00000000fc500000, 0x00000000fc600000, 0x00000000fc600000|100%| O|  |TAMS 0x00000000fc500000, 0x00000000fc500000| Untracked 
|   6|0x00000000fc600000, 0x00000000fc700000, 0x00000000fc700000|100%| O|  |TAMS 0x00000000fc600000, 0x00000000fc600000| Untracked 
|   7|0x00000000fc700000, 0x00000000fc800000, 0x00000000fc800000|100%| O|  |TAMS 0x00000000fc700000, 0x00000000fc700000| Untracked 
|   8|0x00000000fc800000, 0x00000000fc900000, 0x00000000fc900000|100%| O|  |TAMS 0x00000000fc800000, 0x00000000fc800000| Untracked 
|   9|0x00000000fc900000, 0x00000000fca00000, 0x00000000fca00000|100%| O|  |TAMS 0x00000000fc900000, 0x00000000fc900000| Untracked 
|  10|0x00000000fca00000, 0x00000000fca90600, 0x00000000fcb00000| 56%| O|  |TAMS 0x00000000fca00000, 0x00000000fca00000| Untracked 
|  11|0x00000000fcb00000, 0x00000000fcb00000, 0x00000000fcc00000|  0%| F|  |TAMS 0x00000000fcb00000, 0x00000000fcb00000| Untracked 
|  12|0x00000000fcc00000, 0x00000000fcc00000, 0x00000000fcd00000|  0%| F|  |TAMS 0x00000000fcc00000, 0x00000000fcc00000| Untracked 
|  13|0x00000000fcd00000, 0x00000000fcd00000, 0x00000000fce00000|  0%| F|  |TAMS 0x00000000fcd00000, 0x00000000fcd00000| Untracked 
|  14|0x00000000fce00000, 0x00000000fce00000, 0x00000000fcf00000|  0%| F|  |TAMS 0x00000000fce00000, 0x00000000fce00000| Untracked 
|  15|0x00000000fcf00000, 0x00000000fcf00000, 0x00000000fd000000|  0%| F|  |TAMS 0x00000000fcf00000, 0x00000000fcf00000| Untracked 
|  16|0x00000000fd000000, 0x00000000fd000000, 0x00000000fd100000|  0%| F|  |TAMS 0x00000000fd000000, 0x00000000fd000000| Untracked 
|  17|0x00000000fd100000, 0x00000000fd100000, 0x00000000fd200000|  0%| F|  |TAMS 0x00000000fd100000, 0x00000000fd100000| Untracked 
|  18|0x00000000fd200000, 0x00000000fd200000, 0x00000000fd300000|  0%| F|  |TAMS 0x00000000fd200000, 0x00000000fd200000| Untracked 
|  19|0x00000000fd300000, 0x00000000fd300000, 0x00000000fd400000|  0%| F|  |TAMS 0x00000000fd300000, 0x00000000fd300000| Untracked 
|  20|0x00000000fd400000, 0x00000000fd400000, 0x00000000fd500000|  0%| F|  |TAMS 0x00000000fd400000, 0x00000000fd400000| Untracked 
|  21|0x00000000fd500000, 0x00000000fd500000, 0x00000000fd600000|  0%| F|  |TAMS 0x00000000fd500000, 0x00000000fd500000| Untracked 
|  22|0x00000000fd600000, 0x00000000fd600000, 0x00000000fd700000|  0%| F|  |TAMS 0x00000000fd600000, 0x00000000fd600000| Untracked 
|  23|0x00000000fd700000, 0x00000000fd700000, 0x00000000fd800000|  0%| F|  |TAMS 0x00000000fd700000, 0x00000000fd700000| Untracked 
|  24|0x00000000fd800000, 0x00000000fd800000, 0x00000000fd900000|  0%| F|  |TAMS 0x00000000fd800000, 0x00000000fd800000| Untracked 
|  25|0x00000000fd900000, 0x00000000fd900000, 0x00000000fda00000|  0%| F|  |TAMS 0x00000000fd900000, 0x00000000fd900000| Untracked 
|  26|0x00000000fda00000, 0x00000000fda00000, 0x00000000fdb00000|  0%| F|  |TAMS 0x00000000fda00000, 0x00000000fda00000| Untracked 
|  27|0x00000000fdb00000, 0x00000000fdb00000, 0x00000000fdc00000|  0%| F|  |TAMS 0x00000000fdb00000, 0x00000000fdb00000| Untracked 
|  28|0x00000000fdc00000, 0x00000000fdc00000, 0x00000000fdd00000|  0%| F|  |TAMS 0x00000000fdc00000, 0x00000000fdc00000| Untracked 
|  29|0x00000000fdd00000, 0x00000000fdd00000, 0x00000000fde00000|  0%| F|  |TAMS 0x00000000fdd00000, 0x00000000fdd00000| Untracked 
|  30|0x00000000fde00000, 0x00000000fde00000, 0x00000000fdf00000|  0%| F|  |TAMS 0x00000000fde00000, 0x00000000fde00000| Untracked 
|  31|0x00000000fdf00000, 0x00000000fdf00000, 0x00000000fe000000|  0%| F|  |TAMS 0x00000000fdf00000, 0x00000000fdf00000| Untracked 
|  32|0x00000000fe000000, 0x00000000fe000000, 0x00000000fe100000|  0%| F|  |TAMS 0x00000000fe000000, 0x00000000fe000000| Untracked 
|  33|0x00000000fe100000, 0x00000000fe100000, 0x00000000fe200000|  0%| F|  |TAMS 0x00000000fe100000, 0x00000000fe100000| Untracked 
|  34|0x00000000fe200000, 0x00000000fe200000, 0x00000000fe300000|  0%| F|  |TAMS 0x00000000fe200000, 0x00000000fe200000| Untracked 
|  35|0x00000000fe300000, 0x00000000fe300000, 0x00000000fe400000|  0%| F|  |TAMS 0x00000000fe300000, 0x00000000fe300000| Untracked 
|  36|0x00000000fe400000, 0x00000000fe400000, 0x00000000fe500000|  0%| F|  |TAMS 0x00000000fe400000, 0x00000000fe400000| Untracked 
|  37|0x00000000fe500000, 0x00000000fe5d4b38, 0x00000000fe600000| 83%| S|CS|TAMS 0x00000000fe500000, 0x00000000fe500000| Complete 
|  38|0x00000000fe600000, 0x00000000fe600000, 0x00000000fe700000|  0%| F|  |TAMS 0x00000000fe600000, 0x00000000fe600000| Untracked 
|  39|0x00000000fe700000, 0x00000000fe700000, 0x00000000fe800000|  0%| F|  |TAMS 0x00000000fe700000, 0x00000000fe700000| Untracked 
|  40|0x00000000fe800000, 0x00000000fe800000, 0x00000000fe900000|  0%| F|  |TAMS 0x00000000fe800000, 0x00000000fe800000| Untracked 
|  41|0x00000000fe900000, 0x00000000fea00000, 0x00000000fea00000|100%| S|CS|TAMS 0x00000000fe900000, 0x00000000fe900000| Complete 
|  42|0x00000000fea00000, 0x00000000fea00000, 0x00000000feb00000|  0%| F|  |TAMS 0x00000000fea00000, 0x00000000fea00000| Untracked 
|  43|0x00000000feb00000, 0x00000000feb00000, 0x00000000fec00000|  0%| F|  |TAMS 0x00000000feb00000, 0x00000000feb00000| Untracked 
|  44|0x00000000fec00000, 0x00000000fec00000, 0x00000000fed00000|  0%| F|  |TAMS 0x00000000fec00000, 0x00000000fec00000| Untracked 
|  45|0x00000000fed00000, 0x00000000fed00000, 0x00000000fee00000|  0%| F|  |TAMS 0x00000000fed00000, 0x00000000fed00000| Untracked 
|  46|0x00000000fee00000, 0x00000000fee00000, 0x00000000fef00000|  0%| F|  |TAMS 0x00000000fee00000, 0x00000000fee00000| Untracked 
|  47|0x00000000fef00000, 0x00000000fef00000, 0x00000000ff000000|  0%| F|  |TAMS 0x00000000fef00000, 0x00000000fef00000| Untracked 
|  48|0x00000000ff000000, 0x00000000ff000000, 0x00000000ff100000|  0%| F|  |TAMS 0x00000000ff000000, 0x00000000ff000000| Untracked 
|  49|0x00000000ff100000, 0x00000000ff100000, 0x00000000ff200000|  0%| F|  |TAMS 0x00000000ff100000, 0x00000000ff100000| Untracked 
|  50|0x00000000ff200000, 0x00000000ff200000, 0x00000000ff300000|  0%| F|  |TAMS 0x00000000ff200000, 0x00000000ff200000| Untracked 
|  51|0x00000000ff300000, 0x00000000ff300000, 0x00000000ff400000|  0%| F|  |TAMS 0x00000000ff300000, 0x00000000ff300000| Untracked 
|  52|0x00000000ff400000, 0x00000000ff400000, 0x00000000ff500000|  0%| F|  |TAMS 0x00000000ff400000, 0x00000000ff400000| Untracked 
|  53|0x00000000ff500000, 0x00000000ff500000, 0x00000000ff600000|  0%| F|  |TAMS 0x00000000ff500000, 0x00000000ff500000| Untracked 
|  54|0x00000000ff600000, 0x00000000ff600000, 0x00000000ff700000|  0%| F|  |TAMS 0x00000000ff600000, 0x00000000ff600000| Untracked 
|  55|0x00000000ff700000, 0x00000000ff700000, 0x00000000ff800000|  0%| F|  |TAMS 0x00000000ff700000, 0x00000000ff700000| Untracked 
|  56|0x00000000ff800000, 0x00000000ff800000, 0x00000000ff900000|  0%| F|  |TAMS 0x00000000ff800000, 0x00000000ff800000| Untracked 
|  57|0x00000000ff900000, 0x00000000ff900000, 0x00000000ffa00000|  0%| F|  |TAMS 0x00000000ff900000, 0x00000000ff900000| Untracked 
|  58|0x00000000ffa00000, 0x00000000ffa00000, 0x00000000ffb00000|  0%| F|  |TAMS 0x00000000ffa00000, 0x00000000ffa00000| Untracked 
|  59|0x00000000ffb00000, 0x00000000ffb00000, 0x00000000ffc00000|  0%| F|  |TAMS 0x00000000ffb00000, 0x00000000ffb00000| Untracked 
|  60|0x00000000ffc00000, 0x00000000ffc00000, 0x00000000ffd00000|  0%| F|  |TAMS 0x00000000ffc00000, 0x00000000ffc00000| Untracked 
|  61|0x00000000ffd00000, 0x00000000ffdaee68, 0x00000000ffe00000| 68%| E|  |TAMS 0x00000000ffd00000, 0x00000000ffd00000| Complete 
|  62|0x00000000ffe00000, 0x00000000fff00000, 0x00000000fff00000|100%| E|CS|TAMS 0x00000000ffe00000, 0x00000000ffe00000| Complete 
|  63|0x00000000fff00000, 0x0000000100000000, 0x0000000100000000|100%| E|CS|TAMS 0x00000000fff00000, 0x00000000fff00000| Complete 

Card table byte_map: [0x00000275b2600000,0x00000275b2620000] _byte_map_base: 0x00000275b1e20000

Marking Bits (Prev, Next): (CMBitMap*) 0x00000275b26f65c0, (CMBitMap*) 0x00000275b26f6600
 Prev Bits: [0x00000275c94d0000, 0x00000275c95d0000)
 Next Bits: [0x00000275c95d0000, 0x00000275c96d0000)

Polling page: 0x00000275b0480000

Metaspace:

Usage:
  Non-class:      8.28 MB used.
      Class:      1.24 MB used.
       Both:      9.52 MB used.

Virtual space:
  Non-class space:       64.00 MB reserved,       8.38 MB ( 13%) committed,  1 nodes.
      Class space:        1.00 GB reserved,       1.31 MB ( <1%) committed,  1 nodes.
             Both:        1.06 GB reserved,       9.69 MB ( <1%) committed. 

Chunk freelists:
   Non-Class:  6.76 MB
       Class:  14.58 MB
        Both:  21.33 MB

MaxMetaspaceSize: unlimited
CompressedClassSpaceSize: 1.00 GB
Initial GC threshold: 21.00 MB
Current GC threshold: 21.00 MB
CDS: on
MetaspaceReclaimPolicy: balanced
 - commit_granule_bytes: 65536.
 - commit_granule_words: 8192.
 - virtual_space_node_default_size: 8388608.
 - enlarge_chunks_in_place: 1.
 - new_chunks_are_fully_committed: 0.
 - uncommit_free_chunks: 1.
 - use_allocation_guard: 0.
 - handle_deallocations: 1.


Internal statistics:

num_allocs_failed_limit: 0.
num_arena_births: 94.
num_arena_deaths: 0.
num_vsnodes_births: 2.
num_vsnodes_deaths: 0.
num_space_committed: 155.
num_space_uncommitted: 0.
num_chunks_returned_to_freelist: 0.
num_chunks_taken_from_freelist: 345.
num_chunk_merges: 0.
num_chunk_splits: 234.
num_chunks_enlarged: 192.
num_inconsistent_stats: 0.

CodeHeap 'non-profiled nmethods': size=120000Kb used=688Kb max_used=688Kb free=119311Kb
 bounds [0x00000275c1a50000, 0x00000275c1cc0000, 0x00000275c8f80000]
CodeHeap 'profiled nmethods': size=120000Kb used=3511Kb max_used=3511Kb free=116488Kb
 bounds [0x00000275b9f80000, 0x00000275ba2f0000, 0x00000275c14b0000]
CodeHeap 'non-nmethods': size=5760Kb used=1176Kb max_used=1219Kb free=4583Kb
 bounds [0x00000275c14b0000, 0x00000275c1720000, 0x00000275c1a50000]
 total_blobs=2275 nmethods=1801 adapters=387
 compilation: enabled
              stopped_count=0, restarted_count=0
 full_count=0

Compilation events (20 events):
Event: 29.313 Thread 0x00000275cc290d10 1784       3       java.lang.Class::getReflectionFactory (26 bytes)
Event: 29.313 Thread 0x00000275cc290d10 nmethod 1784 0x00000275ba2e8190 code [0x00000275ba2e83c0, 0x00000275ba2e8b98]
Event: 29.316 Thread 0x00000275cc290d10 1787       3       org.gradle.internal.logging.text.AbstractLineChoppingStyledTextOutput$1::execute (9 bytes)
Event: 29.317 Thread 0x00000275cc290d10 nmethod 1787 0x00000275ba2e8e90 code [0x00000275ba2e9040, 0x00000275ba2e9268]
Event: 29.317 Thread 0x00000275cc290d10 1788       3       org.gradle.internal.logging.text.AbstractLineChoppingStyledTextOutput$4::execute (9 bytes)
Event: 29.317 Thread 0x00000275cc290310 1790       4       org.gradle.internal.logging.text.AbstractLineChoppingStyledTextOutput::doAppend (43 bytes)
Event: 29.317 Thread 0x00000275cc290d10 nmethod 1788 0x00000275ba2e9310 code [0x00000275ba2e94e0, 0x00000275ba2e9a58]
Event: 29.317 Thread 0x00000275cc290d10 1789       3       org.gradle.internal.logging.text.AbstractLineChoppingStyledTextOutput$4::execute (12 bytes)
Event: 29.317 Thread 0x00000275cc290d10 nmethod 1789 0x00000275ba2e9c90 code [0x00000275ba2e9e60, 0x00000275ba2ea238]
Event: 29.322 Thread 0x00000275cc290d10 1794       3       java.lang.invoke.TypeConvertingMethodAdapter::descriptorToName (36 bytes)
Event: 29.323 Thread 0x00000275cc290d10 nmethod 1794 0x00000275ba2ea410 code [0x00000275ba2ea6a0, 0x00000275ba2eb248]
Event: 29.323 Thread 0x00000275cc290d10 1795       3       java.lang.invoke.MethodHandleNatives::findMethodHandleType (7 bytes)
Event: 29.323 Thread 0x00000275cc290d10 nmethod 1795 0x00000275ba2eb710 code [0x00000275ba2eb8a0, 0x00000275ba2eb9c8]
Event: 29.323 Thread 0x00000275cc290d10 1796       3       java.lang.invoke.MethodHandleNatives::refKindHasReceiver (33 bytes)
Event: 29.323 Thread 0x00000275cc290d10 nmethod 1796 0x00000275ba2eba90 code [0x00000275ba2ebc20, 0x00000275ba2ebd78]
Event: 29.323 Thread 0x00000275cc290d10 1797       1       jdk.internal.org.objectweb.asm.SymbolTable::getConstantPoolCount (5 bytes)
Event: 29.323 Thread 0x00000275cc290d10 nmethod 1797 0x00000275c1af9710 code [0x00000275c1af98a0, 0x00000275c1af9978]
Event: 29.323 Thread 0x00000275cc290d10 1800       2       org.gradle.internal.logging.text.AbstractLineChoppingStyledTextOutput$2::execute (77 bytes)
Event: 29.324 Thread 0x00000275cc290d10 nmethod 1800 0x00000275ba2ebe10 code [0x00000275ba2ec020, 0x00000275ba2ec408]
Event: 29.324 Thread 0x00000275cc290d10 1803       3       org.gradle.internal.logging.text.AbstractLineChoppingStyledTextOutput$StateContext::flushLineText (113 bytes)

GC Heap History (4 events):
Event: 0.422 GC heap before
{Heap before GC invocations=0 (full 0):
 garbage-first heap   total 65536K, used 26624K [0x00000000fc000000, 0x0000000100000000)
  region size 1024K, 23 young (23552K), 0 survivors (0K)
 Metaspace       used 3471K, committed 3648K, reserved 1114112K
  class space    used 404K, committed 512K, reserved 1048576K
}
Event: 0.427 GC heap after
{Heap after GC invocations=1 (full 0):
 garbage-first heap   total 65536K, used 11004K [0x00000000fc000000, 0x0000000100000000)
  region size 1024K, 3 young (3072K), 3 survivors (3072K)
 Metaspace       used 3471K, committed 3648K, reserved 1114112K
  class space    used 404K, committed 512K, reserved 1048576K
}
Event: 2.011 GC heap before
{Heap before GC invocations=1 (full 0):
 garbage-first heap   total 65536K, used 33532K [0x00000000fc000000, 0x0000000100000000)
  region size 1024K, 25 young (25600K), 3 survivors (3072K)
 Metaspace       used 9064K, committed 9280K, reserved 1114112K
  class space    used 1208K, committed 1344K, reserved 1048576K
}
Event: 2.014 GC heap after
{Heap after GC invocations=2 (full 0):
 garbage-first heap   total 65536K, used 12692K [0x00000000fc000000, 0x0000000100000000)
  region size 1024K, 2 young (2048K), 2 survivors (2048K)
 Metaspace       used 9064K, committed 9280K, reserved 1114112K
  class space    used 1208K, committed 1344K, reserved 1048576K
}

Deoptimization events (20 events):
Event: 1.938 Thread 0x00000275b26d4300 DEOPT PACKING pc=0x00000275ba11ff08 sp=0x0000009b957fc6e0
Event: 1.938 Thread 0x00000275b26d4300 DEOPT UNPACKING pc=0x00000275c1502b43 sp=0x0000009b957fbbe8 mode 0
Event: 1.983 Thread 0x00000275b26d4300 Uncommon trap: trap_request=0xffffff45 fr.pc=0x00000275c1aa2398 relative=0x0000000000000438
Event: 1.983 Thread 0x00000275b26d4300 Uncommon trap: reason=unstable_if action=reinterpret pc=0x00000275c1aa2398 method=java.util.regex.Matcher.match(II)Z @ 76 c2
Event: 1.983 Thread 0x00000275b26d4300 DEOPT PACKING pc=0x00000275c1aa2398 sp=0x0000009b957fbd60
Event: 1.983 Thread 0x00000275b26d4300 DEOPT UNPACKING pc=0x00000275c15023a3 sp=0x0000009b957fbd18 mode 2
Event: 29.306 Thread 0x00000275b26d4300 Uncommon trap: trap_request=0xffffff45 fr.pc=0x00000275c1af5990 relative=0x0000000000000510
Event: 29.306 Thread 0x00000275b26d4300 Uncommon trap: reason=unstable_if action=reinterpret pc=0x00000275c1af5990 method=com.esotericsoftware.kryo.io.Input.require(I)I @ 180 c2
Event: 29.306 Thread 0x00000275b26d4300 DEOPT PACKING pc=0x00000275c1af5990 sp=0x0000009b957fcb60
Event: 29.306 Thread 0x00000275b26d4300 DEOPT UNPACKING pc=0x00000275c15023a3 sp=0x0000009b957fc9c8 mode 2
Event: 29.309 Thread 0x00000275b26d4300 DEOPT PACKING pc=0x00000275ba0f44a9 sp=0x0000009b957fc790
Event: 29.309 Thread 0x00000275b26d4300 DEOPT UNPACKING pc=0x00000275c1502b43 sp=0x0000009b957fbbb8 mode 0
Event: 29.314 Thread 0x00000275b26d4300 Uncommon trap: trap_request=0xffffff45 fr.pc=0x00000275c1ac7c74 relative=0x00000000000001d4
Event: 29.314 Thread 0x00000275b26d4300 Uncommon trap: reason=unstable_if action=reinterpret pc=0x00000275c1ac7c74 method=java.net.URI$Parser.scan(IILjava/lang/String;)I @ 26 c2
Event: 29.314 Thread 0x00000275b26d4300 DEOPT PACKING pc=0x00000275c1ac7c74 sp=0x0000009b957fca70
Event: 29.314 Thread 0x00000275b26d4300 DEOPT UNPACKING pc=0x00000275c15023a3 sp=0x0000009b957fca00 mode 2
Event: 29.316 Thread 0x00000275b26d4300 Uncommon trap: trap_request=0xffffff45 fr.pc=0x00000275c1af21d0 relative=0x0000000000000550
Event: 29.316 Thread 0x00000275b26d4300 Uncommon trap: reason=unstable_if action=reinterpret pc=0x00000275c1af21d0 method=org.gradle.internal.logging.text.AbstractLineChoppingStyledTextOutput$2.execute(Lorg/gradle/internal/logging/text/AbstractLineChoppingStyledTextOutput$StateContext;)V @ 34 c
Event: 29.316 Thread 0x00000275b26d4300 DEOPT PACKING pc=0x00000275c1af21d0 sp=0x0000009b957fcb10
Event: 29.316 Thread 0x00000275b26d4300 DEOPT UNPACKING pc=0x00000275c15023a3 sp=0x0000009b957fc998 mode 2

Classes unloaded (0 events):
No events

Classes redefined (0 events):
No events

Internal exceptions (20 events):
Event: 0.459 Thread 0x00000275b26d4300 Exception <a 'java/lang/NoSuchMethodError'{0x00000000ffe92318}: 'int java.lang.invoke.DirectMethodHandle$Holder.invokeSpecial(java.lang.Object, java.lang.Object, java.lang.Object)'> (0x00000000ffe92318) 
thrown [s\open\src\hotspot\share\interpreter\linkResolver.cpp, line 759]
Event: 0.461 Thread 0x00000275b26d4300 Exception <a 'java/lang/NoSuchMethodError'{0x00000000ffea5460}: 'java.lang.Object java.lang.invoke.Invokers$Holder.invokeExact_MT(java.lang.Object, java.lang.Object, java.lang.Object, java.lang.Object)'> (0x00000000ffea5460) 
thrown [s\open\src\hotspot\share\interpreter\linkResolver.cpp, line 759]
Event: 0.548 Thread 0x00000275b26d4300 Exception <a 'java/lang/NoSuchMethodError'{0x00000000ff809328}: 'void java.lang.invoke.DirectMethodHandle$Holder.invokeSpecial(java.lang.Object, java.lang.Object, java.lang.Object)'> (0x00000000ff809328) 
thrown [s\open\src\hotspot\share\interpreter\linkResolver.cpp, line 759]
Event: 0.554 Thread 0x00000275b26d4300 Implicit null exception at 0x00000275c1aa3f8f to 0x00000275c1aa4504
Event: 0.554 Thread 0x00000275b26d4300 Implicit null exception at 0x00000275c1a91c0f to 0x00000275c1a9218c
Event: 0.566 Thread 0x00000275b26d4300 Exception <a 'java/lang/NoSuchMethodError'{0x00000000ff75a488}: 'java.lang.Object java.lang.invoke.DirectMethodHandle$Holder.invokeStaticInit(java.lang.Object)'> (0x00000000ff75a488) 
thrown [s\open\src\hotspot\share\interpreter\linkResolver.cpp, line 759]
Event: 0.630 Thread 0x00000275b26d4300 Exception <a 'java/lang/NoSuchMethodError'{0x00000000ff3208e0}: 'java.lang.Object java.lang.invoke.DirectMethodHandle$Holder.invokeStaticInit(java.lang.Object, int, int, int, int)'> (0x00000000ff3208e0) 
thrown [s\open\src\hotspot\share\interpreter\linkResolver.cpp, line 759]
Event: 0.660 Thread 0x00000275b26d4300 Exception <a 'java/lang/NoSuchMethodError'{0x00000000ff3bbc20}: 'java.lang.Object java.lang.invoke.DirectMethodHandle$Holder.invokeStaticInit(java.lang.Object, java.lang.Object, int, int, int, int)'> (0x00000000ff3bbc20) 
thrown [s\open\src\hotspot\share\interpreter\linkResolver.cpp, line 759]
Event: 0.710 Thread 0x00000275b26d4300 Exception <a 'java/lang/NoSuchMethodError'{0x00000000ff3e8680}: 'void java.lang.invoke.DirectMethodHandle$Holder.invokeStatic(java.lang.Object, java.lang.Object, java.lang.Object)'> (0x00000000ff3e8680) 
thrown [s\open\src\hotspot\share\interpreter\linkResolver.cpp, line 759]
Event: 0.722 Thread 0x00000275b26d4300 Implicit null exception at 0x00000275c1a84d72 to 0x00000275c1a8538c
Event: 0.722 Thread 0x00000275b26d4300 Implicit null exception at 0x00000275c1a8b5f2 to 0x00000275c1a8bc0c
Event: 0.810 Thread 0x0000027612d899e0 Exception <a 'java/lang/NoSuchMethodError'{0x00000000fedeeac8}: 'void java.lang.invoke.DirectMethodHandle$Holder.invokeStatic(java.lang.Object, long)'> (0x00000000fedeeac8) 
thrown [s\open\src\hotspot\share\interpreter\linkResolver.cpp, line 759]
Event: 0.811 Thread 0x0000027612d899e0 Exception <a 'java/lang/NoSuchMethodError'{0x00000000fedf4420}: 'java.lang.Object java.lang.invoke.DirectMethodHandle$Holder.newInvokeSpecial(java.lang.Object, long)'> (0x00000000fedf4420) 
thrown [s\open\src\hotspot\share\interpreter\linkResolver.cpp, line 759]
Event: 0.812 Thread 0x0000027612d899e0 Exception <a 'java/lang/NoSuchMethodError'{0x00000000fedfefc8}: 'java.lang.Object java.lang.invoke.DirectMethodHandle$Holder.invokeStaticInit(java.lang.Object, java.lang.Object, long, java.lang.Object)'> (0x00000000fedfefc8) 
thrown [s\open\src\hotspot\share\interpreter\linkResolver.cpp, line 759]
Event: 0.812 Thread 0x0000027612d899e0 Exception <a 'java/lang/NoSuchMethodError'{0x00000000fec05ae8}: 'java.lang.Object java.lang.invoke.DirectMethodHandle$Holder.newInvokeSpecial(java.lang.Object, java.lang.Object, long)'> (0x00000000fec05ae8) 
thrown [s\open\src\hotspot\share\interpreter\linkResolver.cpp, line 759]
Event: 0.813 Thread 0x0000027612d899e0 Exception <a 'java/lang/NoSuchMethodError'{0x00000000fec09dd8}: 'java.lang.Object java.lang.invoke.Invokers$Holder.linkToTargetMethod(java.lang.Object, long, java.lang.Object)'> (0x00000000fec09dd8) 
thrown [s\open\src\hotspot\share\interpreter\linkResolver.cpp, line 759]
Event: 29.306 Thread 0x00000275b26d4300 Exception <a 'sun/net/ConnectionResetException'{0x00000000ffe6f760}: Connection reset> (0x00000000ffe6f760) 
thrown [s\open\src\hotspot\share\prims\jni.cpp, line 535]
Event: 29.311 Thread 0x00000275b26d4300 Exception <a 'java/lang/NoSuchMethodError'{0x00000000ffee26b8}: 'int java.lang.invoke.DirectMethodHandle$Holder.invokeVirtual(java.lang.Object, java.lang.Object)'> (0x00000000ffee26b8) 
thrown [s\open\src\hotspot\share\interpreter\linkResolver.cpp, line 759]
Event: 29.314 Thread 0x0000027612cb06d0 Exception <a 'java/io/IOException'{0x00000000fff028d0}: Connection reset by peer> (0x00000000fff028d0) 
thrown [s\open\src\hotspot\share\prims\jni.cpp, line 535]
Event: 29.321 Thread 0x00000275b26d4300 Exception <a 'java/lang/NoSuchMethodError'{0x00000000ffd256c0}: 'void java.lang.invoke.DirectMethodHandle$Holder.invokeStatic(java.lang.Object, int, java.lang.Object)'> (0x00000000ffd256c0) 
thrown [s\open\src\hotspot\share\interpreter\linkResolver.cpp, line 759]

VM Operations (20 events):
Event: 23.154 Executing VM operation: Cleanup
Event: 23.154 Executing VM operation: Cleanup done
Event: 24.158 Executing VM operation: Cleanup
Event: 24.158 Executing VM operation: Cleanup done
Event: 25.166 Executing VM operation: Cleanup
Event: 25.166 Executing VM operation: Cleanup done
Event: 26.176 Executing VM operation: Cleanup
Event: 26.176 Executing VM operation: Cleanup done
Event: 27.185 Executing VM operation: Cleanup
Event: 27.185 Executing VM operation: Cleanup done
Event: 28.196 Executing VM operation: Cleanup
Event: 28.199 Executing VM operation: Cleanup done
Event: 29.207 Executing VM operation: Cleanup
Event: 29.207 Executing VM operation: Cleanup done
Event: 29.318 Executing VM operation: HandshakeAllThreads
Event: 29.318 Executing VM operation: HandshakeAllThreads done
Event: 29.319 Executing VM operation: HandshakeAllThreads
Event: 29.319 Executing VM operation: HandshakeAllThreads done
Event: 29.321 Executing VM operation: HandshakeAllThreads
Event: 29.321 Executing VM operation: HandshakeAllThreads done

Events (20 events):
Event: 22.783 loading class sun/util/logging/PlatformLogger$ConfigurableBridge$LoggerConfiguration done
Event: 22.783 loading class sun/util/logging/internal/LoggingProviderImpl$JULWrapper done
Event: 22.783 loading class java/io/ObjectInputFilter
Event: 22.784 loading class java/io/ObjectInputFilter done
Event: 22.784 loading class java/io/ObjectInputFilter$Config$BuiltinFilterFactory
Event: 22.784 loading class java/io/ObjectInputFilter$Config$BuiltinFilterFactory done
Event: 22.784 loading class jdk/internal/access/JavaObjectInputFilterAccess
Event: 22.784 loading class jdk/internal/access/JavaObjectInputFilterAccess done
Event: 22.784 loading class java/lang/System$Logger$Level
Event: 22.784 loading class java/lang/System$Logger$Level done
Event: 22.785 loading class java/io/Bits
Event: 22.785 loading class java/io/Bits done
Event: 25.513 loading class jdk/internal/misc/ScopedMemoryAccess$Scope
Event: 25.513 loading class jdk/internal/misc/ScopedMemoryAccess$Scope done
Event: 29.306 loading class sun/net/ConnectionResetException
Event: 29.306 loading class sun/net/ConnectionResetException done
Event: 29.314 Thread 0x0000027612cb06d0 Thread exited: 0x0000027612cb06d0
Event: 29.315 loading class java/util/concurrent/ConcurrentLinkedQueue$Itr
Event: 29.316 loading class java/util/concurrent/ConcurrentLinkedQueue$Itr done
Event: 29.324 Thread 0x00000276128ccd80 Thread added: 0x00000276128ccd80


Dynamic libraries:
0x00007ff7f6f20000 - 0x00007ff7f6f30000 	C:\Program Files\Java\jdk-17\bin\java.exe
0x00007ffddf0d0000 - 0x00007ffddf2e6000 	C:\WINDOWS\SYSTEM32\ntdll.dll
0x00007ffdde930000 - 0x00007ffdde9f4000 	C:\WINDOWS\System32\KERNEL32.DLL
0x00007ffddc7e0000 - 0x00007ffddcb86000 	C:\WINDOWS\System32\KERNELBASE.dll
0x00007ffddc5d0000 - 0x00007ffddc6e1000 	C:\WINDOWS\System32\ucrtbase.dll
0x00007ffdcf310000 - 0x00007ffdcf329000 	C:\Program Files\Java\jdk-17\bin\jli.dll
0x00007ffdcd0f0000 - 0x00007ffdcd10b000 	C:\Program Files\Java\jdk-17\bin\VCRUNTIME140.dll
0x00007ffdde030000 - 0x00007ffdde0e2000 	C:\WINDOWS\System32\ADVAPI32.dll
0x00007ffdde380000 - 0x00007ffdde427000 	C:\WINDOWS\System32\msvcrt.dll
0x00007ffdded80000 - 0x00007ffddee28000 	C:\WINDOWS\System32\sechost.dll
0x00007ffddcd70000 - 0x00007ffddcd98000 	C:\WINDOWS\System32\bcrypt.dll
0x00007ffddea00000 - 0x00007ffddeb15000 	C:\WINDOWS\System32\RPCRT4.dll
0x00007ffddddf0000 - 0x00007ffdddf9d000 	C:\WINDOWS\System32\USER32.dll
0x00007ffdd0230000 - 0x00007ffdd04c3000 	C:\WINDOWS\WinSxS\amd64_microsoft.windows.common-controls_6595b64144ccf1df_6.0.22621.3235_none_270f74e173860f98\COMCTL32.dll
0x00007ffddc7b0000 - 0x00007ffddc7d6000 	C:\WINDOWS\System32\win32u.dll
0x00007ffdded50000 - 0x00007ffdded79000 	C:\WINDOWS\System32\GDI32.dll
0x00007ffddc410000 - 0x00007ffddc528000 	C:\WINDOWS\System32\gdi32full.dll
0x00007ffddc530000 - 0x00007ffddc5ca000 	C:\WINDOWS\System32\msvcp_win.dll
0x00007ffdd2fc0000 - 0x00007ffdd2fca000 	C:\WINDOWS\SYSTEM32\VERSION.dll
0x00007ffdde550000 - 0x00007ffdde581000 	C:\WINDOWS\System32\IMM32.DLL
0x00007ffdcd0b0000 - 0x00007ffdcd0bc000 	C:\Program Files\Java\jdk-17\bin\vcruntime140_1.dll
0x00007ffd89290000 - 0x00007ffd8931e000 	C:\Program Files\Java\jdk-17\bin\msvcp140.dll
0x00007ffd7d450000 - 0x00007ffd7e02f000 	C:\Program Files\Java\jdk-17\bin\server\jvm.dll
0x00007ffdddde0000 - 0x00007ffdddde8000 	C:\WINDOWS\System32\PSAPI.DLL
0x00007ffdcb340000 - 0x00007ffdcb349000 	C:\WINDOWS\SYSTEM32\WSOCK32.dll
0x00007ffdd23c0000 - 0x00007ffdd23f4000 	C:\WINDOWS\SYSTEM32\WINMM.dll
0x00007ffdde0f0000 - 0x00007ffdde161000 	C:\WINDOWS\System32\WS2_32.dll
0x00007ffddb410000 - 0x00007ffddb428000 	C:\WINDOWS\SYSTEM32\kernel.appcore.dll
0x00007ffdcb050000 - 0x00007ffdcb05a000 	C:\Program Files\Java\jdk-17\bin\jimage.dll
0x00007ffdc7010000 - 0x00007ffdc7243000 	C:\WINDOWS\SYSTEM32\DBGHELP.DLL
0x00007ffdde5a0000 - 0x00007ffdde928000 	C:\WINDOWS\System32\combase.dll
0x00007ffddee30000 - 0x00007ffddef07000 	C:\WINDOWS\System32\OLEAUT32.dll
0x00007ffdcf460000 - 0x00007ffdcf492000 	C:\WINDOWS\SYSTEM32\dbgcore.DLL
0x00007ffddcda0000 - 0x00007ffddce1a000 	C:\WINDOWS\System32\bcryptPrimitives.dll
0x00007ffdbcf30000 - 0x00007ffdbcf55000 	C:\Program Files\Java\jdk-17\bin\java.dll
0x00007ffd872f0000 - 0x00007ffd873c7000 	C:\Program Files\Java\jdk-17\bin\jsvml.dll
0x00007ffddcf00000 - 0x00007ffddd75d000 	C:\WINDOWS\System32\SHELL32.dll
0x00007ffdda320000 - 0x00007ffddac18000 	C:\WINDOWS\SYSTEM32\windows.storage.dll
0x00007ffdda1e0000 - 0x00007ffdda31e000 	C:\WINDOWS\SYSTEM32\wintypes.dll
0x00007ffddef10000 - 0x00007ffddf003000 	C:\WINDOWS\System32\SHCORE.dll
0x00007ffddeb20000 - 0x00007ffddeb7e000 	C:\WINDOWS\System32\shlwapi.dll
0x00007ffddc340000 - 0x00007ffddc366000 	C:\WINDOWS\SYSTEM32\profapi.dll
0x00007ffdca170000 - 0x00007ffdca189000 	C:\Program Files\Java\jdk-17\bin\net.dll
0x00007ffdd6cc0000 - 0x00007ffdd6df7000 	C:\WINDOWS\SYSTEM32\WINHTTP.dll
0x00007ffddb970000 - 0x00007ffddb9d9000 	C:\WINDOWS\system32\mswsock.dll
0x00007ffdc79a0000 - 0x00007ffdc79b6000 	C:\Program Files\Java\jdk-17\bin\nio.dll
0x00007ffdbc4c0000 - 0x00007ffdbc4d8000 	C:\Program Files\Java\jdk-17\bin\zip.dll
0x00007ffdc6fe0000 - 0x00007ffdc6ff0000 	C:\Program Files\Java\jdk-17\bin\verify.dll
0x00007ffdb5820000 - 0x00007ffdb5847000 	C:\Users\TDR SOFTWARE PVT LTD\.gradle\native\68d5fa5c4cc2d200863cafc0d521ce42e7d3e7ee720ec0a83991735586a16f82\windows-amd64\native-platform.dll
0x00007ffdcb240000 - 0x00007ffdcb24a000 	C:\Program Files\Java\jdk-17\bin\management.dll
0x00007ffdcb200000 - 0x00007ffdcb20b000 	C:\Program Files\Java\jdk-17\bin\management_ext.dll
0x00007ffddbcc0000 - 0x00007ffddbcdb000 	C:\WINDOWS\SYSTEM32\CRYPTSP.dll
0x00007ffddb370000 - 0x00007ffddb3a5000 	C:\WINDOWS\system32\rsaenh.dll
0x00007ffddba10000 - 0x00007ffddba3c000 	C:\WINDOWS\SYSTEM32\USERENV.dll
0x00007ffddbca0000 - 0x00007ffddbcac000 	C:\WINDOWS\SYSTEM32\CRYPTBASE.dll
0x00007ffddae80000 - 0x00007ffddaead000 	C:\WINDOWS\SYSTEM32\IPHLPAPI.DLL
0x00007ffdde590000 - 0x00007ffdde599000 	C:\WINDOWS\System32\NSI.dll
0x00007ffdd6ac0000 - 0x00007ffdd6ad9000 	C:\WINDOWS\SYSTEM32\dhcpcsvc6.DLL
0x00007ffdd6aa0000 - 0x00007ffdd6abf000 	C:\WINDOWS\SYSTEM32\dhcpcsvc.DLL
0x00007ffddaef0000 - 0x00007ffddafe9000 	C:\WINDOWS\SYSTEM32\DNSAPI.dll
0x00007ffdcb220000 - 0x00007ffdcb22e000 	C:\Program Files\Java\jdk-17\bin\sunmscapi.dll
0x00007ffddcc00000 - 0x00007ffddcd66000 	C:\WINDOWS\System32\CRYPT32.dll
0x00007ffddbdd0000 - 0x00007ffddbdfe000 	C:\WINDOWS\SYSTEM32\ncrypt.dll
0x00007ffddbd90000 - 0x00007ffddbdc7000 	C:\WINDOWS\SYSTEM32\NTASN1.dll
0x00007ffdc3920000 - 0x00007ffdc3928000 	C:\WINDOWS\system32\wshunix.dll

dbghelp: loaded successfully - version: 4.0.5 - missing functions: none
symbol engine: initialized successfully - sym options: 0x614 - pdb path: .;C:\Program Files\Java\jdk-17\bin;C:\WINDOWS\SYSTEM32;C:\WINDOWS\WinSxS\amd64_microsoft.windows.common-controls_6595b64144ccf1df_6.0.22621.3235_none_270f74e173860f98;C:\Program Files\Java\jdk-17\bin\server;C:\Users\TDR SOFTWARE PVT LTD\.gradle\native\68d5fa5c4cc2d200863cafc0d521ce42e7d3e7ee720ec0a83991735586a16f82\windows-amd64

VM Arguments:
jvm_args: -Xmx64m -Xms64m -Dorg.gradle.appname=gradlew 
java_command: org.gradle.wrapper.GradleWrapperMain app:installDebug -PreactNativeDevServerPort=8081
java_class_path (initial): D:\PROJECTS\WineProject\customersapp\android\\gradle\wrapper\gradle-wrapper.jar
Launcher Type: SUN_STANDARD

[Global flags]
     intx CICompilerCount                          = 4                                         {product} {ergonomic}
     uint ConcGCThreads                            = 3                                         {product} {ergonomic}
     uint G1ConcRefinementThreads                  = 10                                        {product} {ergonomic}
   size_t G1HeapRegionSize                         = 1048576                                   {product} {ergonomic}
    uintx GCDrainStackTargetSize                   = 64                                        {product} {ergonomic}
   size_t InitialHeapSize                          = 67108864                                  {product} {command line}
   size_t MarkStackSize                            = 4194304                                   {product} {ergonomic}
   size_t MaxHeapSize                              = 67108864                                  {product} {command line}
   size_t MaxNewSize                               = 39845888                                  {product} {ergonomic}
   size_t MinHeapDeltaBytes                        = 1048576                                   {product} {ergonomic}
   size_t MinHeapSize                              = 67108864                                  {product} {command line}
    uintx NonNMethodCodeHeapSize                   = 5839372                                {pd product} {ergonomic}
    uintx NonProfiledCodeHeapSize                  = 122909434                              {pd product} {ergonomic}
    uintx ProfiledCodeHeapSize                     = 122909434                              {pd product} {ergonomic}
    uintx ReservedCodeCacheSize                    = 251658240                              {pd product} {ergonomic}
     bool SegmentedCodeCache                       = true                                      {product} {ergonomic}
   size_t SoftMaxHeapSize                          = 67108864                               {manageable} {ergonomic}
     bool UseCompressedClassPointers               = true                           {product lp64_product} {ergonomic}
     bool UseCompressedOops                        = true                           {product lp64_product} {ergonomic}
     bool UseG1GC                                  = true                                      {product} {ergonomic}
     bool UseLargePagesIndividualAllocation        = false                                  {pd product} {ergonomic}

Logging:
Log output configuration:
 #0: stdout all=warning uptime,level,tags
 #1: stderr all=off uptime,level,tags

Environment Variables:
JAVA_HOME=C:\Program Files\Java\jdk-17
CLASSPATH=D:\PROJECTS\WineProject\customersapp\android\\gradle\wrapper\gradle-wrapper.jar
PATH=D:\PROJECTS\WineProject\customersapp\node_modules\.bin;D:\PROJECTS\WineProject\customersapp\node_modules\.bin;D:\PROJECTS\WineProject\node_modules\.bin;D:\PROJECTS\node_modules\.bin;D:\node_modules\.bin;C:\Program Files\nodejs\node_modules\npm\node_modules\@npmcli\run-script\lib\node-gyp-bin;C:\Program Files\Common Files\Oracle\Java\javapath;C:\Windows\system32;C:\Windows;C:\Windows\System32\Wbem;C:\Windows\System32\WindowsPowerShell\v1.0\;C:\Windows\System32\OpenSSH\;C:\Program Files (x86)\NVIDIA Corporation\PhysX\Common;C:\WINDOWS\system32;C:\WINDOWS;C:\WINDOWS\System32\Wbem;C:\WINDOWS\System32\WindowsPowerShell\v1.0\;C:\WINDOWS\System32\OpenSSH\;C:\Program Files\nodejs\;C:\Users\TDR SOFTWARE PVT LTD\AppData\Local\Android\Sdk;C:\Program Files\Git\cmd;C:\ProgramData\chocolatey\bin;C:\Users\TDR SOFTWARE PVT LTD\Downloads\platform-tools_r35.0.0-windows\platform-tools;C:\Users\TDR SOFTWARE PVT LTD\AppData\Local\Microsoft\WindowsApps;C:\Users\TDR SOFTWARE PVT LTD\AppData\Local\Programs\Microsoft VS Code\bin;C:\Users\TDR SOFTWARE PVT LTD\AppData\Local\Android\Sdk\platform-tools;C:\Users\TDR SOFTWARE PVT LTD\AppData\Roaming\npm;C:\Windows\SysWOW64
USERNAME=TDR SOFTWARE PVT LTD
OS=Windows_NT
PROCESSOR_IDENTIFIER=Intel64 Family 6 Model 165 Stepping 3, GenuineIntel



---------------  S Y S T E M  ---------------

OS:
 Windows 11 , 64 bit Build 22621 (10.0.22621.3235)
OS uptime: 2 days 4:34 hours
Hyper-V role detected

CPU: total 12 (initial active 12) (6 cores per cpu, 2 threads per core) family 6 model 165 stepping 3 microcode 0xf4, cx8, cmov, fxsr, ht, mmx, 3dnowpref, sse, sse2, sse3, ssse3, sse4.1, sse4.2, popcnt, lzcnt, tsc, tscinvbit, avx, avx2, aes, erms, clmul, bmi1, bmi2, adx, fma, vzeroupper, clflush, clflushopt, hv

Memory: 4k page, system-wide physical 16295M (5359M free)
TotalPageFile size 16295M (AvailPageFile size 5M)
current process WorkingSet (physical memory assigned to process): 99M, peak: 104M
current process commit charge ("private bytes"): 172M, peak: 178M

vm_info: Java HotSpot(TM) 64-Bit Server VM (17.0.10+11-LTS-240) for windows-amd64 JRE (17.0.10+11-LTS-240), built on Dec 19 2023 21:47:25 by "mach5one" with MS VC++ 17.1 (VS2022)

END.
