#
# There is insufficient memory for the Java Runtime Environment to continue.
# Native memory allocation (mmap) failed to map 268435456 bytes for G1 virtual space
# Possible reasons:
#   The system is out of physical RAM or swap space
#   The process is running with CompressedOops enabled, and the Java Heap may be blocking the growth of the native heap
# Possible solutions:
#   Reduce memory load on the system
#   Increase physical memory or swap space
#   Check if swap backing store is full
#   Decrease Java heap size (-Xmx/-Xms)
#   Decrease number of Java threads
#   Decrease Java thread stack sizes (-Xss)
#   Set larger code cache with -XX:ReservedCodeCacheSize=
#   JVM is running with Zero Based Compressed Oops mode in which the Java heap is
#     placed in the first 32GB address space. The Java Heap base address is the
#     maximum limit for the native heap growth. Please use -XX:HeapBaseMinAddress
#     to set the Java Heap base and to place the Java Heap above 32GB virtual address.
# This output file may be truncated or incomplete.
#
#  Out of Memory Error (os_windows.cpp:3548), pid=7664, tid=12188
#
# JRE version:  (17.0.10+11) (build )
# Java VM: Java HotSpot(TM) 64-Bit Server VM (17.0.10+11-LTS-240, mixed mode, sharing, tiered, compressed oops, compressed class ptrs, g1 gc, windows-amd64)
# No core dump will be written. Minidumps are not enabled by default on client versions of Windows
#

---------------  S U M M A R Y ------------

Command Line: com.google.prefab.cli.AppKt --build-system cmake --platform android --abi arm64-v8a --os-version 21 --stl c++_shared --ndk-version 25 --output C:\\Users\\TDRSOF~1\\AppData\\Local\\Temp\\agp-prefab-staging16971448364397605262\\staged-cli-output D:\\PROJECTS\\WineProject\\customersapp\\android\\app\\build\\intermediates\\cxx\\refs\\react-native-vision-camera\\4n392z35 C:\\Users\\TDR SOFTWARE PVT LTD\\.gradle\\caches\\transforms-3\\e1231b5b187cb579b629117f9511a862\\transformed\\jetified-react-android-0.73.6-debug\\prefab C:\\Users\\TDR SOFTWARE PVT LTD\\.gradle\\caches\\transforms-3\\057fda56c2cfc52d70a46042a30c6944\\transformed\\jetified-fbjni-0.5.1\\prefab C:\\Users\\TDR SOFTWARE PVT LTD\\.gradle\\caches\\transforms-3\\633188b2fe96cfe864e8a484846e336e\\transformed\\jetified-hermes-android-0.73.6-debug\\prefab

Host: Intel(R) Core(TM) i5-10400F CPU @ 2.90GHz, 12 cores, 15G,  Windows 11 , 64 bit Build 22621 (10.0.22621.3235)
Time: Thu Mar 21 15:57:52 2024 India Standard Time elapsed time: 0.102642 seconds (0d 0h 0m 0s)

---------------  T H R E A D  ---------------

Current thread (0x000001462c7e9630):  JavaThread "Unknown thread" [_thread_in_vm, id=12188, stack(0x000000345e600000,0x000000345e700000)]

Stack: [0x000000345e600000,0x000000345e700000]
Native frames: (J=compiled Java code, j=interpreted, Vv=VM code, C=native code)
V  [jvm.dll+0x677a5a]
V  [jvm.dll+0x7d8b2d]
V  [jvm.dll+0x7da48e]
V  [jvm.dll+0x7daaf3]
V  [jvm.dll+0x2455ff]
V  [jvm.dll+0x6749b9]
V  [jvm.dll+0x669382]
V  [jvm.dll+0x302e96]
V  [jvm.dll+0x30a416]
V  [jvm.dll+0x359cbe]
V  [jvm.dll+0x359eef]
V  [jvm.dll+0x2d9e88]
V  [jvm.dll+0x2dadf4]
V  [jvm.dll+0x7aa551]
V  [jvm.dll+0x367911]
V  [jvm.dll+0x789639]
V  [jvm.dll+0x3eb30f]
V  [jvm.dll+0x3ecd91]
C  [jli.dll+0x5297]
C  [ucrtbase.dll+0x29363]
C  [KERNEL32.DLL+0x1257d]
C  [ntdll.dll+0x5aa58]


---------------  P R O C E S S  ---------------

Threads class SMR info:
_java_thread_list=0x00007ff9417a6a18, length=0, elements={
}

Java Threads: ( => current thread )

Other Threads:
  0x000001462c8554f0 GCTaskThread "GC Thread#0" [stack: 0x000000345e700000,0x000000345e800000] [id=5500]
  0x000001462c866170 ConcurrentGCThread "G1 Main Marker" [stack: 0x000000345e800000,0x000000345e900000] [id=13224]
  0x000001462c867a30 ConcurrentGCThread "G1 Conc#0" [stack: 0x000000345e900000,0x000000345ea00000] [id=6776]

[error occurred during error reporting (printing all threads), id 0xc0000005, EXCEPTION_ACCESS_VIOLATION (0xc0000005) at pc=0x00007ff940fdaae7]

VM state: not at safepoint (not fully initialized)

VM Mutex/Monitor currently owned by a thread:  ([mutex/lock_event])
[0x000001462c7e4df0] Heap_lock - owner thread: 0x000001462c7e9630

Heap address: 0x0000000701600000, size: 4074 MB, Compressed Oops mode: Zero based, Oop shift amount: 3

CDS archive(s) mapped at: [0x0000000000000000-0x0000000000000000-0x0000000000000000), size 0, SharedBaseAddress: 0x0000000800000000, ArchiveRelocationMode: 1.
Narrow klass base: 0x0000000000000000, Narrow klass shift: 0, Narrow klass range: 0x0

GC Precious Log:
<Empty>

Heap:
 garbage-first heap   total 0K, used 0K [0x0000000701600000, 0x0000000800000000)
  region size 2048K, 0 young (0K), 0 survivors (0K)

[error occurred during error reporting (printing heap information), id 0xc0000005, EXCEPTION_ACCESS_VIOLATION (0xc0000005) at pc=0x00007ff9413c1249]

GC Heap History (0 events):
No events

Deoptimization events (0 events):
No events

Classes unloaded (0 events):
No events

Classes redefined (0 events):
No events

Internal exceptions (0 events):
No events

VM Operations (0 events):
No events

Events (1 events):
Event: 0.019 Loaded shared library C:\Program Files\Java\jdk-17\bin\java.dll


Dynamic libraries:
0x00007ff746b90000 - 0x00007ff746ba0000 	C:\Program Files\Java\jdk-17\bin\java.exe
0x00007ff9988b0000 - 0x00007ff998ac6000 	C:\WINDOWS\SYSTEM32\ntdll.dll
0x00007ff996fe0000 - 0x00007ff9970a4000 	C:\WINDOWS\System32\KERNEL32.DLL
0x00007ff995ee0000 - 0x00007ff996286000 	C:\WINDOWS\System32\KERNELBASE.dll
0x00007ff995dc0000 - 0x00007ff995ed1000 	C:\WINDOWS\System32\ucrtbase.dll
0x00007ff97cd10000 - 0x00007ff97cd29000 	C:\Program Files\Java\jdk-17\bin\jli.dll
0x00007ff996da0000 - 0x00007ff996e52000 	C:\WINDOWS\System32\ADVAPI32.dll
0x00007ff9976b0000 - 0x00007ff997757000 	C:\WINDOWS\System32\msvcrt.dll
0x00007ff9967a0000 - 0x00007ff996848000 	C:\WINDOWS\System32\sechost.dll
0x00007ff995d90000 - 0x00007ff995db8000 	C:\WINDOWS\System32\bcrypt.dll
0x00007ff9974b0000 - 0x00007ff9975c5000 	C:\WINDOWS\System32\RPCRT4.dll
0x00007ff998160000 - 0x00007ff99830d000 	C:\WINDOWS\System32\USER32.dll
0x00007ff995bf0000 - 0x00007ff995c16000 	C:\WINDOWS\System32\win32u.dll
0x00007ff998730000 - 0x00007ff998759000 	C:\WINDOWS\System32\GDI32.dll
0x00007ff996290000 - 0x00007ff9963a8000 	C:\WINDOWS\System32\gdi32full.dll
0x00007ff9964a0000 - 0x00007ff99653a000 	C:\WINDOWS\System32\msvcp_win.dll
0x00007ff9465f0000 - 0x00007ff94660b000 	C:\Program Files\Java\jdk-17\bin\VCRUNTIME140.dll
0x00007ff987a70000 - 0x00007ff987d03000 	C:\WINDOWS\WinSxS\amd64_microsoft.windows.common-controls_6595b64144ccf1df_6.0.22621.3235_none_270f74e173860f98\COMCTL32.dll
0x00007ff98cec0000 - 0x00007ff98ceca000 	C:\WINDOWS\SYSTEM32\VERSION.dll
0x00007ff996d60000 - 0x00007ff996d91000 	C:\WINDOWS\System32\IMM32.DLL
0x00007ff97d5e0000 - 0x00007ff97d5ec000 	C:\Program Files\Java\jdk-17\bin\vcruntime140_1.dll
0x00007ff941d60000 - 0x00007ff941dee000 	C:\Program Files\Java\jdk-17\bin\msvcp140.dll
0x00007ff940cf0000 - 0x00007ff9418cf000 	C:\Program Files\Java\jdk-17\bin\server\jvm.dll
0x00007ff998860000 - 0x00007ff998868000 	C:\WINDOWS\System32\PSAPI.DLL
0x00007ff989350000 - 0x00007ff989384000 	C:\WINDOWS\SYSTEM32\WINMM.dll
0x00007ff978cd0000 - 0x00007ff978cd9000 	C:\WINDOWS\SYSTEM32\WSOCK32.dll
0x00007ff996f00000 - 0x00007ff996f71000 	C:\WINDOWS\System32\WS2_32.dll
0x00007ff994bf0000 - 0x00007ff994c08000 	C:\WINDOWS\SYSTEM32\kernel.appcore.dll
0x00007ff978980000 - 0x00007ff97898a000 	C:\Program Files\Java\jdk-17\bin\jimage.dll
0x00007ff982040000 - 0x00007ff982273000 	C:\WINDOWS\SYSTEM32\DBGHELP.DLL
0x00007ff997120000 - 0x00007ff9974a8000 	C:\WINDOWS\System32\combase.dll
0x00007ff9975d0000 - 0x00007ff9976a7000 	C:\WINDOWS\System32\OLEAUT32.dll
0x00007ff981e00000 - 0x00007ff981e32000 	C:\WINDOWS\SYSTEM32\dbgcore.DLL
0x00007ff996420000 - 0x00007ff99649a000 	C:\WINDOWS\System32\bcryptPrimitives.dll
0x00007ff941d30000 - 0x00007ff941d55000 	C:\Program Files\Java\jdk-17\bin\java.dll

dbghelp: loaded successfully - version: 4.0.5 - missing functions: none
symbol engine: initialized successfully - sym options: 0x614 - pdb path: .;C:\Program Files\Java\jdk-17\bin;C:\WINDOWS\SYSTEM32;C:\WINDOWS\WinSxS\amd64_microsoft.windows.common-controls_6595b64144ccf1df_6.0.22621.3235_none_270f74e173860f98;C:\Program Files\Java\jdk-17\bin\server

VM Arguments:
java_command: com.google.prefab.cli.AppKt --build-system cmake --platform android --abi arm64-v8a --os-version 21 --stl c++_shared --ndk-version 25 --output C:\\Users\\TDRSOF~1\\AppData\\Local\\Temp\\agp-prefab-staging16971448364397605262\\staged-cli-output D:\\PROJECTS\\WineProject\\customersapp\\android\\app\\build\\intermediates\\cxx\\refs\\react-native-vision-camera\\4n392z35 C:\\Users\\TDR SOFTWARE PVT LTD\\.gradle\\caches\\transforms-3\\e1231b5b187cb579b629117f9511a862\\transformed\\jetified-react-android-0.73.6-debug\\prefab C:\\Users\\TDR SOFTWARE PVT LTD\\.gradle\\caches\\transforms-3\\057fda56c2cfc52d70a46042a30c6944\\transformed\\jetified-fbjni-0.5.1\\prefab C:\\Users\\TDR SOFTWARE PVT LTD\\.gradle\\caches\\transforms-3\\633188b2fe96cfe864e8a484846e336e\\transformed\\jetified-hermes-android-0.73.6-debug\\prefab
java_class_path (initial): C:\\Users\\TDR SOFTWARE PVT LTD\\.gradle\\caches\\modules-2\\files-2.1\\com.google.prefab\\cli\\2.0.0\\f2702b5ca13df54e3ca92f29d6b403fb6285d8df\\cli-2.0.0-all.jar
Launcher Type: SUN_STANDARD

[Global flags]
     intx CICompilerCount                          = 4                                         {product} {ergonomic}
     uint ConcGCThreads                            = 3                                         {product} {ergonomic}
     uint G1ConcRefinementThreads                  = 10                                        {product} {ergonomic}
   size_t G1HeapRegionSize                         = 2097152                                   {product} {ergonomic}
    uintx GCDrainStackTargetSize                   = 64                                        {product} {ergonomic}
   size_t InitialHeapSize                          = 268435456                                 {product} {ergonomic}
   size_t MarkStackSize                            = 4194304                                   {product} {ergonomic}
   size_t MaxHeapSize                              = 4271898624                                {product} {ergonomic}
   size_t MinHeapDeltaBytes                        = 2097152                                   {product} {ergonomic}
   size_t MinHeapSize                              = 8388608                                   {product} {ergonomic}
    uintx NonNMethodCodeHeapSize                   = 5839372                                {pd product} {ergonomic}
    uintx NonProfiledCodeHeapSize                  = 122909434                              {pd product} {ergonomic}
    uintx ProfiledCodeHeapSize                     = 122909434                              {pd product} {ergonomic}
    uintx ReservedCodeCacheSize                    = 251658240                              {pd product} {ergonomic}
     bool SegmentedCodeCache                       = true                                      {product} {ergonomic}
   size_t SoftMaxHeapSize                          = 4271898624                             {manageable} {ergonomic}
     bool UseCompressedClassPointers               = true                           {product lp64_product} {ergonomic}
     bool UseCompressedOops                        = true                           {product lp64_product} {ergonomic}
     bool UseG1GC                                  = true                                      {product} {ergonomic}
     bool UseLargePagesIndividualAllocation        = false                                  {pd product} {ergonomic}

Logging:
Log output configuration:
 #0: stdout all=warning uptime,level,tags
 #1: stderr all=off uptime,level,tags

Environment Variables:
JAVA_HOME=C:\Program Files\Java\jdk-17
CLASSPATH=D:\PROJECTS\WineProject\customersapp\android\\gradle\wrapper\gradle-wrapper.jar
PATH=D:\PROJECTS\WineProject\customersapp\node_modules\.bin;D:\PROJECTS\WineProject\customersapp\node_modules\.bin;D:\PROJECTS\WineProject\node_modules\.bin;D:\PROJECTS\node_modules\.bin;D:\node_modules\.bin;C:\Program Files\nodejs\node_modules\npm\node_modules\@npmcli\run-script\lib\node-gyp-bin;C:\Program Files\Common Files\Oracle\Java\javapath;C:\Windows\system32;C:\Windows;C:\Windows\System32\Wbem;C:\Windows\System32\WindowsPowerShell\v1.0\;C:\Windows\System32\OpenSSH\;C:\Program Files (x86)\NVIDIA Corporation\PhysX\Common;C:\WINDOWS\system32;C:\WINDOWS;C:\WINDOWS\System32\Wbem;C:\WINDOWS\System32\WindowsPowerShell\v1.0\;C:\WINDOWS\System32\OpenSSH\;C:\Program Files\nodejs\;C:\Users\TDR SOFTWARE PVT LTD\AppData\Local\Android\Sdk;C:\Program Files\Git\cmd;C:\ProgramData\chocolatey\bin;C:\Users\TDR SOFTWARE PVT LTD\Downloads\platform-tools_r35.0.0-windows\platform-tools;C:\Users\TDR SOFTWARE PVT LTD\AppData\Local\Microsoft\WindowsApps;C:\Users\TDR SOFTWARE PVT LTD\AppData\Local\Programs\Microsoft VS Code\bin;C:\Users\TDR SOFTWARE PVT LTD\AppData\Local\Android\Sdk\platform-tools;C:\Users\TDR SOFTWARE PVT LTD\AppData\Roaming\npm;C:\Windows\SysWOW64
USERNAME=TDR SOFTWARE PVT LTD
LANG=en_US.UTF-8
OS=Windows_NT
PROCESSOR_IDENTIFIER=Intel64 Family 6 Model 165 Stepping 3, GenuineIntel



---------------  S Y S T E M  ---------------

OS:
 Windows 11 , 64 bit Build 22621 (10.0.22621.3235)
OS uptime: 1 days 6:13 hours
Hyper-V role detected

CPU: total 12 (initial active 12) (6 cores per cpu, 2 threads per core) family 6 model 165 stepping 3 microcode 0xf4, cx8, cmov, fxsr, ht, mmx, 3dnowpref, sse, sse2, sse3, ssse3, sse4.1, sse4.2, popcnt, lzcnt, tsc, tscinvbit, avx, avx2, aes, erms, clmul, bmi1, bmi2, adx, fma, vzeroupper, clflush, clflushopt, hv

Memory: 4k page, system-wide physical 16295M (3983M free)
TotalPageFile size 16295M (AvailPageFile size 358M)
current process WorkingSet (physical memory assigned to process): 11M, peak: 11M
current process commit charge ("private bytes"): 64M, peak: 320M

vm_info: Java HotSpot(TM) 64-Bit Server VM (17.0.10+11-LTS-240) for windows-amd64 JRE (17.0.10+11-LTS-240), built on Dec 19 2023 21:47:25 by "mach5one" with MS VC++ 17.1 (VS2022)

END.
